NONE
1-10A1A
1-1E1A
1-2G1A
1-2H1A
1-2J1A
1-2P1A
1-2P1B
1-3G1A
1-3G1B
1-3G1C
1-3G1D
1-3G1E
1-3G1F
1-3G1G
1-4E1A
1-4E2A
1-4E2B
1-4E2D
1-7B1A
12-11A1A
12-14A1A
12-14A1B
12-16A1A
12-5A1A
199D/A/A1
199D/B/A2
199D/C/A1
199D/D/A1
199D/E/E2
199D/F/E3
2-10A1A
2-10L1A
2-10M1A
2-10M1B
2-10R1A
2-10R1C
2-10S2C
2-16B1A
2-16C1A
2-16C1B
2-16C1C
2-16E3A
2-16F1A
2-21F1A
2-21F1B
2-21F1C
2-21F2A
2-2E1A
2-3F1A
2-3F1B
2-4E1A
2-4E1B
2-4E1C
2-4H1A
2-5F1B
2-5F1C
2-5F1D
2-5J1A
2-5J1B
2-5K1A
2-6E1A
2-7D101A
2-7F1A
2-8H1A
2-8M1A
3-3E1A
3-3F2A
3/T-1/PCB_LEVEL
340G-01
357C-03
4/T-1/PCB_LEVEL
511D/AA
511D/BB
511D/CC
511D/DG
511D/EK
511D/FR
516D/JL
516D/MM
516D/PS
AD-32XX
ADC541
ADC542
AD_H02A
AK
ap
ar
AT&T2659E/AUDIO
BDIP32-1800
BDIP72-1800
BGA225
BRIDGE
C1005
C1310
C1608
C2012
C3216
C3225
C4532
C4564
CBGA100/MO-156AAC
CBGA100/MO-156ABB
CBGA100/MO-156ACA
CBGA100/MO-156BAC
CBGA100/MO-156BBB
CBGA100/MO-156BCA
CBGA1024/MO-156ACN
CBGA1024/MO-156BCN
CBGA121/MO-156AAD
CBGA121/MO-156ABC
CBGA121/MO-156BAD
CBGA121/MO-156BBC
CBGA122/MO-156BCB
CBGA144/MO-156ACB
CBGA144/MO-156BAF
CBGA144a/MO-156AAE
CBGA144b/MO-156AAF
CBGA169/MO-156BBD
CBGA196/MO-156AAG
CBGA196/MO-156ABE
CBGA196/MO-156ACC
CBGA196/MO-156BAG
CBGA196/MO-156BBE
CBGA196/MO-156BCC
CBGA225/BG225
CBGA225/MO-156AAH
CBGA225/MO-156ABF
CBGA225/MO-156BAH
CBGA225/MO-156BBF
CBGA256/MO-156AAJ
CBGA256/MO-156ABG
CBGA256/MO-156ACD
CBGA256/MO-156BAJ
CBGA256/MO-156BBG
CBGA256/MO-156BCD
CBGA289/MO-156ACE
CBGA289/MO-156BCE
CBGA324/MO-156AAK
CBGA324/MO-156ABH
CBGA324/MO-156ACF
CBGA324/MO-156BAK
CBGA324/MO-156BBH
CBGA324/MO-156BCF
CBGA361/MO-156AAL
CBGA361/MO-156ABJ
CBGA361/MO-156BAL
CBGA361/MO-156BBJ
CBGA400/MO-156AAM
CBGA400/MO-156ACG
CBGA400/MO-156BAM
CBGA400/MO-156BCG
CBGA441/MO-156AAN
CBGA441/MO-156ABK
CBGA441/MO-156BAN
CBGA441/MO-156BBK
CBGA484/MO-156AAP
CBGA484/MO-156ABL
CBGA484/MO-156ACH
CBGA484/MO-156BAP
CBGA484/MO-156BBL
CBGA484/MO-156BCH
CBGA49/MO-156AAA
CBGA49/MO-159BAA
CBGA576/MO-156ABM
CBGA576/MO-156BBM
CBGA625/MO-156ABN
CBGA625/MO-156BBN
CBGA64/MO-156AAB
CBGA64/MO-156BAB
CBGA64/MO-156BBA
CBGA676/MO-156ABP
CBGA676/MO-156ACK
CBGA676/MO-156BBP
CBGA676/MO-156BCK
CBGA784/MO-156ACL
CBGA784/MO-156BCL
CBGA84/MO-156ABA
CBGA900/MO-156ACM
CBGA900/MO-156BCM
CDIP14
CDIP16
CDIP16X
CDIP18
CDIP20
CDIP22
CDIP22L
CDIP24
CDIP24L
CDIP24X
CDIP28
CDIP28L
CDIP28X
CDIP32
CDIP32X
CDIP32XX
CDIP36X
CDIP36XX
CDIP40X
CDIP40XX
CDIP42X
CDIP48X
CDIP50XX
CDIP52X
CDIP52XX
CDIP6
CDIP64XX
CDIP68X
CDIP8
CDIPSM14
CDIPSM16
CDIPSM16X
CDIPSM18
CDIPSM20
CDIPSM22
CDIPSM22L
CDIPSM24
CDIPSM24L
CDIPSM24X
CDIPSM28
CDIPSM28L
CDIPSM28X
CDIPSM32
CDIPSM32X
CDIPSM36X
CDIPSM36XX
CDIPSM40X
CDIPSM42X
CDIPSM48X
CDIPSM50XX
CDIPSM52XX
CDIPSM6
CDIPSM64XX
CDIPSM8
CEREC
CFP10-MO-003
CFP10-MO-004
CFP14-MO-003
CFP14-MO-004
CFP16-MO-004
CFP16-MO-021
CFP18-MO-004
CFP20-MO-018
CFP20-MO-022
CFP24-MO-019
CFP24-MO-021
CFP28-MO-019
CFP32-F
CFP32-MO-115
CFP36-MO-020
CFP36-MO-021
CFP36-MO-023
CFP40-MO-020
CFP42-MO-022
CFP50-MO-023
CHIP0805
CK05
CK06
CK12
CK12L
CK12S
CK13S
CK14S
CK15S
CK16S
CK60
CLCC-R-32/WQFJ032-G-R450
CLCC/R-32-450
CLCC28
CLCC44
CLCC68
CP
CPGA-28K
CPGA-36K
CPGA100
CPGA100/MO-066AB
CPGA100/MO-066BB
CPGA101/MO-066AE
CPGA114/MO-067AE
CPGA120
CPGA120/MO-067AE
CPGA121/MO-066AC
CPGA121/MO-066BC
CPGA132/MO-066AF
CPGA132/MO-067AF
CPGA133/MO-067AE
CPGA144/MO-066AD
CPGA144/MO-066BD
CPGA149/MO-067AG
CPGA156/PG156
CPGA160
CPGA160/MO-067AG
CPGA168
CPGA168/17X17
CPGA169/17X17
CPGA169/MO-066AE
CPGA169/MO-066BE
CPGA175/MO-067AH
CPGA176/MO-067AG
CPGA191/MO-067AK
CPGA192
CPGA192/MO-067AJ
CPGA196/MO-066AF
CPGA196/MO-066BF
CPGA207/MO-067AJ
CPGA223/MO-067AK
CPGA225/MO-066AG
CPGA225/MO-066BG
CPGA232/MO-067AG
CPGA256/MO-066AH
CPGA256/MO-066BH
CPGA289/MO-066AJ
CPGA289/MO-066BJ
CPGA299/MO-067AM
CPGA324/MO-066AK
CPGA324/MO-066BK
CPGA361/MO-066AL
CPGA361/MO-066BL
CPGA400/MO-066AM
CPGA400/MO-066BM
CPGA44/F44-229
CPGA64
CPGA68
CPGA68/MO-067AC
CPGA81/MO-066AA
CPGA81/MO-066BA
CPGA84
CPGA84/MO-066AC
CQFP100
CQFP120
CQFP128
CQFP132
CQFP132-M
CQFP144
CQFP148
CQFP14X20-100
CQFP156/MO-067AH
CQFP160
CQFP164
CQFP172/ACTEL
CQFP196
CQFP208
CQFP24
CQFP28
CQFP32-HS
CQFP36
CQFP44
CQFP52
CQFP68
CQFP84
CROSS
CSDIP14/MS-019AA
CSDIP16/MS-019AB
CSDIP18/MS-019AC
CSDIP20/MS-019AD
CSDIP22/MS-019AE
CSDIP24/MS-019AF
CSDIP28L
CSDIP30L
CSDIP40X/MS-020AA
CSDIP42X
CSDIP48X/MS-020AC
CSDIP52X
CSDIP64-0750/MS-021AA
CSDIPSM14/MS-019AA
CSDIPSM16/MS-019AB
CSDIPSM18/MS-019AC
CSDIPSM20/MS-019AD
CSDIPSM22/MS-019AE
CSDIPSM24/MS-019AF
CSDIPSM28L
CSDIPSM30L
CSDIPSM40X/MS-020AA
CSDIPSM42X
CSDIPSM48X/MS-020AC
CSDIPSM52X
CSDIPSM64-0750/MS-021AA
CSR13A
CSR13B
CSR13C
CSR13D
D-67
DAC-14C
DAC-14M
DAC-16C
DAC-16M
DAC-18C
DAC-18M
DAC-24C
DAC-24H
DAC-24M
DAC-24P
DAC-28C
DAC-28H
DAC-28M
DAC-28P
DAC-32C
DAC-32M
DAC-32P
DAC-40C
DAC-40CXX
DAC-40MXX
DAC-40P
DAC-42C
DAC-46C-1300
DAC-62C
DAC-62H-488
DAC331-12
DAC331-14
DAC336-8
DAL-16
DAL-24
DD-7
DDPAK
DFP14X20-48
DIMM168
DIMM168-0.150
DIMM168-0.160
DIMM168-0.163
DIMM168-0.350
DIN5
DIN96
DIN96P
DIN96R
DIP10
DIP14
DIP14/300-thru-socket
DIP14/350-sm-socket
DIP16
DIP16/24/600
DIP16/300-thru-socket
DIP16/32/900
DIP16/350-sm-socket
DIP16X
DIP18
DIP18/300-thru-socket
DIP18/350-sm-socket
DIP20
DIP20/300-thru-socket
DIP20/350-sm-socket
DIP22
DIP22L
DIP24
DIP24/16
DIP24/300-thru-socket
DIP24/400-thru-socket
DIP24/600-thru-socket
DIP24/650-sm-socket
DIP24L
DIP24X
DIP28
DIP28/300-thru-socket
DIP28/350-sm-socket
DIP28/600-thru-socket
DIP28/650-sm-socket
DIP28L
DIP28X
DIP32
DIP32/600-thru-socket
DIP32/650-sm-socket
DIP32L
DIP32X
DIP36X
DIP36XX
DIP4
DIP40-0900
DIP40-1000
DIP40-3600
DIP40/600-thru-socket
DIP40/650-sm-socket
DIP40X
DIP40X/16
DIP40XX
DIP42/600-thru-socket
DIP42X
DIP42X-70
DIP46-1300
DIP48-1300
DIP48/600-thru-socket
DIP48X
DIP50XX
DIP52X
DIP52XX
DIP6
DIP6/300-thru-socket
DIP64/900-thru-socket
DIP64XX
DIP8
DIP8/300-thru-socket
DIP8/350-sm-socket
DIPLOMATE-STD-SIMM22
DIPLOMATE-STD-SIMM30
DIPLOMATE-STD-SIMM35
DIPLOMATE-STD-SIMM42
DIPSM14
DIPSM16
DIPSM16X
DIPSM18
DIPSM20
DIPSM22
DIPSM22L
DIPSM24
DIPSM24L
DIPSM24X
DIPSM28
DIPSM28L
DIPSM28X
DIPSM32
DIPSM32X
DIPSM36X
DIPSM36XX
DIPSM40X
DIPSM42X
DIPSM48X
DIPSM50XX
DIPSM52XX
DIPSM6
DIPSM64XX
DIPSM8
DO-1
DO-13
DO-203AA
DO-203AB
DO-204AA
DO-204AG
DO-204AH
DO-204AK
DO-204AL
DO-204AM
do-204ap
DO-204AR
DO-208AA
DO-21
DO-213AB
DO-27
DO-34
do-35
DO-4
DO-41
DO-7
DP6B
DS-C304A
DSHELL09-F
DSHELL09-F-90
DSHELL09-M
DSHELL09-M-90
DSHELL15-F
DSHELL15-F-90
DSHELL15-M
DSHELL15-M-90
DSHELL25-F
DSHELL25-F-90
DSHELL25-M
DSHELL25-M-90
DSHELL37-F
DSHELL37-F-90
DSHELL37-M
DSHELL37-M-90
DUAL-RO-SIMM100/50
DUAL-RO-SIMM64/50
DUAL-RO-SIMM68/50
DUAL-RO-SIMM72/50
DUAL-RO-SIMM80/50
EDC100
EDC130
EDC140
EDC150
EDGE26
EDGE40
EDGE62
F1021-AK
F1022-AK
F1120-AR
F1174-AR
F1240-AT
F2201S-CD
F2202S-CD
FPAK
FPT-18C-C01
FPT-22C-C01
FPT-24C-C02
G36201
GKGA
GKGA-07
GKGB
GKGB-07
GKGC
GKGD
GKP
H08B
h08c
H08C
HC-18U
HC-33U
HC-49
HC-51
HDR1X3
HDR1X4
HDR2
HDR20
HDR2X2
HDR50
HP_TO-46
HSIP10-P
IMS-1
IMS-2
ISOTOP
JLCC/R-32
JLCC20
JLCC28
JLCC44
JLCC68
JLCC84
K04A
KV-15/MO-048AB
L2012C
L2081-LX2
L2082-LX2
L2083-LX2
L2825W/W
L3216C
L3225/3230M
L3225W/W
L4035M
L4516C
L4532M
L4532W/W
L5038W/W
L5650M
L8530M
LCC/R-18
LCC/R-20
LCC/R-22
LCC/R-24
LCC/R-28
LCC/R-32
LCC100
LCC124
LCC156
LCC16
LCC20
LCC24
LCC28
LCC36
LCC44
LCC52
LCC68
LCC84
M-230
M-232
M-257
M-273
M2012
M3216
M3516
M5923
M6001
MI105
MINI-2-PINS
MINI-3-PINS
MINI-4-PINS
MINI-6-PINS
MINI-CIRC/KK81
MINI-CIRC/W38
MINI-CIRC/X65
MINI-DSHELL26-F-90
MINI-DSHELL50-F-90
MINI-DSHELL68-F-90
MINI-PWR-2-PINS
MITD-4
MLATCH-SIMM72/50
MLATCH-SIMM80/50
MO-006AH
MO-012AB
MO-093AA
MO-127
MOT-CASE344-08
MOT-CASE867-04
MOT221C-02
MOT22A-01
MOT263-04
MOT303-01
MOT311-02
MOT314D-03
MOT317-01
MOT383-01
MOT87L-02
MP-3
MP-45
MP-5
MP-80
MP3Z
MPAK
MT1
MT2
MT3
NANO-R451
NECMP3
new-s-type
p04a
P123-SO8
P19304
P19404
P1G
P26702
PA33
PACKAGE_A
PGA-28K
PGA-36K
PGA/R-42
PGA/R-62
PGA/R-62-MNC
PGA/R-62A
PGA101
PGA114
PGA124/MO-083AE
PGA142
PGA142/WEITEK
PGA159
PGA175/MO-067AF
PGA30/ATMEL
PGA68/11X11
PGA68/CASE765A-05
PGA84M/11X11
PICO-R460
PICOII-R473
PLCC-44/MO-047AC
PLCC/R-18
PLCC/R-18L
PLCC/R-22
PLCC/R-28
PLCC/R-32
PLCC100
PLCC124
PLCC20
PLCC28
PLCC32-R/MO-052AE
PLCC40
PLCC44
PLCC52
PLCC68
PLCC84
PLP3476/CB
PLP3476/KG
PLP3476/LL
PLP3481/AA
PLP3481/BB
PLP3481/CD
PLP3970SMD/AA
PLP3970SMD/BB
PPGA132/PP132
PPGA175/PP175
PQFP-44/MO-086AA
PQFP-44/MO-089AB
PQFP100
PQFP100/MO-069AD
PQFP10X10-44
PQFP132
PQFP132-m
PQFP132/MO-069AE
PQFP14X14-52
PQFP14X20-100
PQFP160
PQFP160/MO-108DD-1
PQFP164
PQFP196
PQFP244
PQFP28X28-208
PQFP52
PQFP68
PQFP80
PQFP84
QFP-16M-L02
QFP-24M-L02
QFP-32M-L02
QFP-64
QFP10x10-44
QFP10x10-52
QFP12x12-48
QFP12x12-64
QFP14x14-64
QFP14x14-80
QFP14X20-100
QFP14X20-64
QFP14X20-80
QFP15X19-60
QFP160
QFP28X28-120
QFP28X28-128
QFP28X28-144
QFP28X28-160
QFP32X32-184
QFP40X40-232
QFP5-60
QFP5-64
QFP6-60
QFP64/MO-108BC-1
QFP9X10-44
QFP9X10-56
R1005
R1608
R2012
R3216
R3225
R5025
R6332
RC05
RC06
RC07
RC08
RC12
RC20
RC22
RC32
RC42
RL05
RL07
RL32
RL42
RN50
RN55
RN60
RN65
RN70
RN75
RN80
RQFP208
RQFP240
RWP20
S-MINI-2-PINS
SAN1004A
SAN1005
SAN1080
SAN1114
SAN1117A
SAN1129
SAN1131
SAN1137
SAN1146
SAN1147
SAN1148
SAN1149
SAN1154
SAN1156
SAN1157
SAN1164
SAN1169
SAN1173
SAN1174
SAN1175
SAN1177
SAN1184
SAN1186
SAN1187
SAN1188
SAN1190
SAN1193
SAN1195
SAN1196
SAN1197
SAN1198
SAN1215
SANMCP
SANSPA
SC-40
SC-43
SC-43A
SC-43B
SC-51
SC-59
SC-59A
SC-59A/TO-236
SC-61
SC-62
SC-70
SC-70/BEC
SC-70/EBC
SC-71
SC70-6
SC71
SDIP14/MS-019AA
SDIP16/MS-019AB
SDIP18/MS-019AC
SDIP20/MS-019AD
SDIP22/MS-019AE
SDIP24/MS-019AF
SDIP28L
SDIP30L
SDIP40X/MS-020AA
SDIP42X
SDIP48X/MS-020AC
SDIP52X
SDIP64-0750/MS-021AA
SDIPSM14/MS-019AA
SDIPSM16/MS-019AB
SDIPSM18/MS-019AC
SDIPSM20/MS-019AD
SDIPSM22/MS-019AE
SDIPSM24/MS-019AF
SDIPSM28L
SDIPSM30L
SDIPSM40X/MS-020AA
SDIPSM42X
SDIPSM48X/MS-020AC
SDIPSM52X
SDIPSM64-0750/MS-021AA
SIMM22/100
SIMM30/100
SIMM35/100
SIMM40/100
SIMM40/50
SIMM42/100
SIMM64/50
SIMM68/50
SIMM72/50
SIMM72/50/350
SIMM80/50
SIMMII30/100
SIMMII35/100
SIMMII40/50
SIMMII68/50
SIMMII72/50
SIMMII80/50
SIMMII84/50
SIP10
SIP11/MO-035AA
sip18
SIP22/MO-068AA
SIP24
SIP24/MO-068AB
SIP25
SIP30
SIP30/MO-068AF
SIP40/MO-068AE
sip5
sip8
sip8/p-0340
SIP9
sip9/p-0340
SL15
SMB
SO-18D
SO10W
SO14
SO14L/MO-046AA
SO14W
SO16
SO16L/MO-046AB
SO16W
SO18W
SO20L/MO-046AC
SO20W
SO20W/MS-013AC
SO24W
SO24W/MS-013AD
SO24X
SO28W
SO28W/MS-013AE
SO28X
SO32W
SO32X
SO36W
SO36X
SO64/MO117
SO8
SO8L
SO8W
SOD123
SOD323
SOD57
SOD64
SOD80-D
SOD80/MLL34
SOD87/MLL41
SOD93
SOIC-R24
SOIC-R28
SOIC-RN20
SOIC-RN24
SOJ14/300
SOJ14/350
SOJ14/400
SOJ14/450
SOJ16/300
SOJ16/350
SOJ16/400
SOJ16/450
SOJ18/300
SOJ18/350
SOJ18/400
SOJ18/450
SOJ20/26/300/MO-105AA
SOJ20/300
SOJ20/350
SOJ20/400
SOJ20/450
SOJ22/300
SOJ22/350
SOJ22/400
SOJ22/450
SOJ24/26/300
SOJ24/28/400/MO-061AH
SOJ24/300
SOJ24/330/MO-121AA
SOJ24/350
SOJ24/400
SOJ24/450
SOJ26-350/MO-091AA
SOJ26/300
SOJ26/350
SOJ26/400
SOJ26/450
SOJ28/300
SOJ28/330/MO-121AB
SOJ28/350
SOJ28/400
SOJ28/415/MO-147AA
SOJ28/450
SOJ32/300/MO-077AC
SOJ32/330/MO-121AC
SOJ32/400/MO-061AB
SOJ32/500/MO-124AA
SOJ34/400/MO-061AF
SOJ34/500/MO-124AB
SOJ36/330/MO-121AD
SOJ36/400/MO-061AC
SOJ40/400/MO-061AD
SOJ42/400/MO-061AG
SOJ44/400/MO-061AE
SOJ54-400
SOJ64/475/MO-123AA
SOP10
SOP12
SOP14
SOP16
SOP18
SOP20
SOP22
SOP24
SOP28
SOP28X
SOP30
SOP32
SOP32S
SOP36
SOP40
SOP40S
SOP42
SOP44
SOP6
SOP8
SOT143
SOT143R
SOT172A1
SOT172A2
SOT173
SOT173X
SOT223
SOT23
sot23-5
SOT323
SOT343
SOT343R
SOT353
SOT363
SOT5
SOT89
SOT93
SOW-28/MO-059AC
SP-8
SPAK
SPMOLD
SQFP10x10-112
SQFP10x10-120
SQFP10x10-64
SQFP10x10-72
SQFP10x10-80
SQFP10x10-88
SQFP10X14-100
SQFP10X14-108
SQFP10X14-140
SQFP10X14-148
SQFP10X14-80
SQFP10X14-88
SQFP12x12-100
SQFP12x12-108
SQFP12x12-136
SQFP12x12-144
SQFP12x12-80
SQFP12x12-88
SQFP14x14-100
SQFP14x14-108
SQFP14x14-120
SQFP14x14-128
SQFP14x14-168
SQFP14x14-176
SQFP14X20-100
SQFP14x20-120
SQFP14x20-128
SQFP14X20-152
SQFP14X20-160
SQFP14X20-208
SQFP14X20-216
SQFP14X20-64/MO-112CA
SQFP14X20-80
SQFP208/MO-143FA-1
SQFP20X20-152
SQFP20X20-176/MO-143DC/DD
SQFP20X20-184
SQFP20X20-192
SQFP20X20-248
SQFP20X20-256
SQFP20X28-176
SQFP20X28-184
SQFP20X28-224
SQFP20X28-232
SQFP20X28-300
SQFP20X28-308
SQFP240/MO-143-GA
SQFP240/MO-240-GA
SQFP24X24-176
SQFP24X24-184
SQFP24X24-216/MO-143EB
SQFP24X24-224
SQFP24X24-232
SQFP24X24-296
SQFP24X24-304
SQFP28X28-208
SQFP28X28-216
SQFP28X28-264
SQFP28X28-272
SQFP28X28-352
SQFP28X28-360
SQFP28X40-256
SQFP28X40-264
SQFP28X40-324
SQFP28X40-332
SQFP28X40-432
SQFP28X40-440
SQFP32X32-240
SQFP32X32-248
SQFP32X32-296/MO-143GB
SQFP32X32-304
SQFP32X32-312
SQFP32X32-400
SQFP32X32-408
SQFP36X36-272
SQFP36X36-280
SQFP36X36-336/MO-143HB
SQFP36X36-344
SQFP36X36-352
SQFP36X36-456
SQFP36X36-464
SQFP40X40-304
SQFP40X40-312
SQFP40X40-376/MO-143JB
SQFP40X40-384
SQFP40X40-392
SQFP40X40-512
SQFP40X40-520
sqfp44x44-336
sqfp44x44-344
sqfp44x44-424
sqfp44x44-432
sqfp44x44-568
sqfp44x44-576
SQFP5x5-24
SQFP5x5-32
SQFP5x5-32F
SQFP5x5-40
SQFP5x5-48
SQFP5x5-56
SQFP5X7-32
SQFP5X7-40
SQFP5X7-44
SQFP5X7-52
SQFP5X7-60
SQFP5X7-68
SQFP6x6-32
SQFP6x6-40
SQFP6X6-40F
SQFP6x6-48
SQFP6x6-56
SQFP6x6-64
SQFP7X10-100
SQFP7X10-52
SQFP7X10-60
SQFP7X10-68
SQFP7X10-76
SQFP7X10-92
SQFP7x7-40
SQFP7x7-48
SQFP7x7-56
SQFP7x7-64
SQFP7x7-72
SQFP7x7-80
SS-MINI-3-PINS
SSMINI-3-PINS
SSO28/MO-118AC
SSO48/MO-118AA
SSO56/MO-118AB
SSO64/MO-118AD
SSOP14/MO-137AA
SSOP16/MO-137AB
SSOP18/MO-137AC
SSOP20/MO-137AD
SSOP20/MO-150AE
SSOP24/MO-137AE
SSOP24/MO-150AG
SSOP28/MO-137AF
SSOP32-P-430-K
SSOP44-16/MO-152AB
SSOP44-20/MO-152AC
SSOP44-20N/MO-152BA
SSOP44-24/MO-152AD
SSOP44-24EN/MO-152CA
SSOP44-24N/MO-152BB
SSOP44-28/MO-152AE
SSOP44-28N/MO-152BC
SSOP44-33EN/MO-152CB
SSOP44-36EN/MO-152CC
SSOP44-36N/MO-152BD
SSOP44-48EN/MO-152CD
SSOP44-8/MO-152AA
SSOP53-14/MO-150AB
SSOP53-16/MO-150AC
SSOP53-18/MO-150AD
SSOP53-20/MO-150AE
SSOP53-22/MO-150AF
SSOP53-24/MO-150AG
SSOP53-28/MO-150AH
SSOP53-30/MO-150AJ
SSOP53-8/MO-150AA
SSOP60-P-700-K
SSOP61-24/MO-152DA
SSOP61-28/MO-152DB
SSOP61-28N/MO-152EA
SSOP61-32/MO-152DC
SSOP61-36/MO-152DD
SSOP61-36EN/MO-152FA
SSOP61-36N/MO-152EB
SSOP61-40/MO-152DE
SSOP61-40N/MO-152EC
SSOP61-48EN/MO-152FB
SSOP61-48N/MO-152ED
SSOP61-52EN/MO-152FC
SSOP61-56EN/MO-152FD
SSOP61-56N/MO-152EE
SSOP61-64EN/MO-152FE
SSOP80-28/MO-152GA
SSOP80-32/MO-152GB
SSOP80-36/MO-152GC
SSOP80-36N/MO-152HA
SSOP80-40/MO-152GD
SSOP80-40N/MO-152HB
SSOP80-48EN/MO-152JA
SSOP80-48N/MO-152HC
SSOP80-52EN/MO-152JB
SSOP80-56EN/MO-152JC
SSOP80-56N/MO-152HD
SSOP80-64EN/MO-152JD
SSTMOLD
ST-4A
ST-4B
ST-5P
ST-5R
ST-5W
ST-5X
ST-6P
SZIP60
SZIP64
SZIP70
T-1/MINI/PCB_LEVEL
T-1/PCB_LEVEL
T-1/WIRE_ENDED
T-1_3/4/WIRE_ENDED
TBGA100/MO-149CA
tbga1024/mo-149ak
TBGA1089B/MO-149BP
tbga1089b/mo-149cu
tbga1156/mo-149al
TBGA121A/MO-149BA
tbga121b/mo-149cb
TBGA1225/MO-149BR
tbga1369a/mo-149am
TBGA1369B/MO-149BT
tbga144/mo-149cc
tbga1521a/mo-149an
TBGA1521B/MO-149BU
TBGA169/MO-149BB
tbga1764/mo-149ap
tbga1936/mo-149ar
tbga196a/mo-149aa
tbga196b/mo-149cd
tbga2209/mo-149at
TBGA225A/MO-149BC
tbga2401/mo-149au
tbga255b/mo-149ce
tbga256a/mo-149ab
TBGA256B/MO-149BD
tbga256c/mo-149cf
tbga324a/mo-149ac
TBGA324B/MO-149BE
tbga324c/mo-149cg
TBGA361A/MO-149BF
tbga361b/mo-149ch
tbga400a/mo-149ad
tbga400b/mo-149cj
TBGA441/MO-149BG
tbga484a/mo-149ae
TBGA484B/MO-149BH
tbga484c/mo-149ck
tbga529/mo-149cl
tbga576a/mo-149af
TBGA576B/MO-149BJ
tbga625/mo-149cm
tbga676a/mo-149ag
TBGA676B/MO-149BK
tbga676c/mo-149cn
TBGA729/MO-149BL
tbga784a/mo-149ah
tbga784b/mo-149cp
TBGA841/MO-149BM
tbga900a/mo-149aj
tbga900b/mo-149cr
TBGA961A/MO-149BN
tbga961b/mo-149ct
TC3216
TC3528
TC6032
TC7343
TO-100
TO-101
TO-105
TO-106
TO-12
TO-126
TO-17
TO-18
TO-202
TO-202AB
TO-202AC
TO-203AA
TO-204AA
TO-204AE
TO-205AA
TO-205AB
TO-205AC
TO-205AD
TO-205AE
TO-205AF
TO-205AG
TO-206AA
TO-206AB
TO-206AC
TO-206AD
TO-206AE
TO-206AF
TO-206AG
TO-208AA
TO-208AB
TO-208AG
TO-218AA
TO-218AC
TO-220
TO-220-11
TO-220-5
TO-220-7
TO-220/ZIP5
TO-220AA
TO-220AB
TO-220Ac
TO-221AA
TO-221AB
TO-222AA
TO-222AB
TO-223AA
TO-223AB
TO-225AA
TO-225AB
TO-226
TO-226AA
TO-226AB
TO-226AC
TO-226BA
TO-230AA
TO-230AB
TO-233AA
TO-236
TO-236AA
TO-236AB
TO-236MOD
TO-237
TO-237AA
TO-243AA
TO-247-5
TO-247AB
TO-247AC
TO-247AD
TO-247AE
TO-251
TO-251AA
TO-252AA
TO-252AB
TO-253AA
TO-254
TO-254AA
TO-257AA
TO-262AA
TO-263AB
TO-264AA
TO-3
TO-3-8
TO-33
TO-37
TO-39
TO-3PB
TO-41
TO-46
TO-48
TO-5
TO-52
TO-52-2
TO-61
TO-64
TO-66
TO-71
TO-72
TO-72-25
TO-72-28
TO-74
TO-75
TO-76
TO-77
TO-78
TO-79
TO-8
TO-8-12
TO-80
TO-9
TO-92
TO-92-18A
TO-92-18B
TO-92-2
TO-92-5A
TO-92-5B
TO-92MOD
TO-92S
TO-96
TO-97
TO-98
TO-99
TO252
TOP3
TOP3/15_A_3_DIN_41_869
TOS1-4E1A
TOS1-4E2A
TOS1-4E2B
TOS3-3E1A
TOSI-2J1A
TOSI-7B1A
TQFP100/MS-026AED
tqfp10x10-36
TQFP10X10-44
TQFP12X12-52/MO-136CC
TQFP144/MO-136BT
TQFP144/TQ144
TQFP176/MO-136AV
TQFP20X20-176/MO-136AU
TQFP24X24-216/MO-136AW
TQFP28X28-256/MO-136DG
TQFP7X7-32/MO-136AC
TQFP7X7-40/MO-136AD
tsip32
TSIP36
TSIP44
TSOP050-P-0400
TSOP050-P-0400R
TSOP10X14-28
TSOP10X14-40
TSOP10X14-40R
TSOP10X16-40
TSOP10X18-40
TSOP10X18-48
TSOP10X20-40
TSOP10X20-64
TSOP12X14-36
TSOP12X14-48
TSOP12X16-48
TSOP12X18-48
TSOP12X18-48R
TSOP12X18-60
TSOP12X20-48
TSOP12X20-76
TSOP14X16-56
TSOP14X18-56
TSOP14X20-56
TSOP20X14-48
tsop26/mo-132aa
TSOP26/MS-025AA
TSOP26/MS-025AB
TSOP26/MS-025AC
tsop26r/mo-132aa
tsop28-0814
TSOP28/MS-025BA
TSOP28A-R/MS-024AA
TSOP28A/MS-024AA
TSOP28B-R/MS-024AB
TSOP28B/MS-024AB
TSOP32-P-0820
TSOP32-P-0820R
TSOP32-R/MS-024BA
TSOP32/MO-135AA
TSOP32/MS-024BA
TSOP34/MO-135AB
TSOP36-R/MS-024CA
TSOP36/MO-135AC
TSOP36/MS-024CA
TSOP40-R/MS-024DA
TSOP40/MO-135AD
TSOP40/MS-024DA
TSOP44-R/MS-024AC
tsop44/50/400
tsop44/dd-7
TSOP44/MS-024AC
TSOP44/MS-025BB
tsop44r/dd-7
tsop44r/ms-024ac
TSOP48/MO-142DC
TSOP50-R/MS-024BB
TSOP50/MO-135BA
TSOP50/MS-024BB
TSOP54/MO-135BB
TSOP62/MO-135CA
TSOP6X14-16
TSOP6X14-24
TSOP6X14-24R
TSOP6X16-20/24
TSOP6X16-20/24R
TSOP6X16-24
TSOP6X18-24
TSOP6X18-28
TSOP6X20-24
TSOP6X20-36
TSOP70-R/MS-024CB
TSOP70-R/MS-024EA
TSOP70/MO-135BC
TSOP70/MS-024CB
TSOP70/MS-024EA
tsop70/sde-4
TSOP8X14-24
TSOP8X14-28
TSOP8X14-28-M
TSOP8X14-28R-M
TSOP8X14-32
TSOP8X16-32
TSOP8X18-32
TSOP8X18-40
TSOP8X20-32
TSOP8X20-32R
TSOP8X20-52
TSSOP14/MO-253AA
TSSOP8/MO-253AA
TYXXXP-100W
UM-1
VPP/2.5VA
VQFP100/MO-136AR
VQFP64/MO-136AJ
wl
XTAL/DIP14
ZIP11/MO-48AA
ZIP16
ZIP16-thru-socket
ZIP18
ZIP20
ZIP20-thru-socket
ZIP20/115
ZIP24
ZIP24-thru-socket
ZIP28
ZIP28-thru-socket
ZIp28/115
ZIP40
ZIP40-thru-socket
ZIP40/115
ZIP64S
ZIP72S/MO-185
