
   --- Expanded Deck Component Count ---
C's 1
G's 1
K's 1
L's 2
R's 1
V's 1
tot: 7


    --- Expanded Netlist ---
* C:\Claudio\Docencia personal\LTSpice\Osciladores\sintonizado2.asc
l1 n003 0 20”
l2 0 n002 200”
c1 n003 0 1.27n
g1 0 n002 n001 0 -.316m
v1 n001 0 ac 1
r1 n002 0 10k
k12 l1 l2 1
.ac oct 1000 100k 10meg
.end


Date: Fri Jun 07 16:58:53 2019
Total elapsed time: 0.063 seconds.

tnom = 27
temp = 27
method = trap
totiter = 0
traniter = 0
tranpoints = 0
accept = 0
rejected = 0
matrix size = 6
fillins = 4
solver = Normal

