This is pdfTeX, Version 3.14159265-2.6-1.40.20 (TeX Live 2019/Debian) (preloaded format=pdflatex 2025.3.17)  4 AUG 2025 15:27
entering extended mode
 restricted \write18 enabled.
 %&-line parsing enabled.
**document.tex
(./document.tex
LaTeX2e <2020-02-02> patch level 2
L3 programming layer <2020-02-14>
(/usr/share/texlive/texmf-dist/tex/latex/base/report.cls
Document Class: report 2019/12/20 v1.4l Standard LaTeX document class
(/usr/share/texlive/texmf-dist/tex/latex/base/size10.clo
File: size10.clo 2019/12/20 v1.4l Standard LaTeX file (size option)
)
\c@part=\count167
\c@chapter=\count168
\c@section=\count169
\c@subsection=\count170
\c@subsubsection=\count171
\c@paragraph=\count172
\c@subparagraph=\count173
\c@figure=\count174
\c@table=\count175
\abovecaptionskip=\skip47
\belowcaptionskip=\skip48
\bibindent=\dimen134
)
(/usr/share/texlive/texmf-dist/tex/latex/base/inputenc.sty
Package: inputenc 2018/08/11 v1.3c Input encoding file
\inpenc@prehook=\toks14
\inpenc@posthook=\toks15
)
(/usr/share/texlive/texmf-dist/tex/latex/base/fontenc.sty
Package: fontenc 2020/02/11 v2.0o Standard LaTeX package
)
(/usr/share/texlive/texmf-dist/tex/generic/babel/babel.sty
Package: babel 2020/02/14 3.40 The Babel package

(/usr/share/texlive/texmf-dist/tex/generic/babel/switch.def
File: switch.def 2020/02/14 3.40 Babel switching mechanism
)
Package babel Info: You haven't specified a language. I'll use 'nil'
(babel)             as the main language. Reported on input line 572.

(/usr/share/texlive/texmf-dist/tex/generic/babel/nil.ldf
Language: nil 2020/02/14 3.40 Nil language

(/usr/share/texlive/texmf-dist/tex/generic/babel/babel.def
File: babel.def 2020/02/14 3.40 Babel common definitions
\babel@savecnt=\count176
\U@D=\dimen135

(/usr/share/texlive/texmf-dist/tex/generic/babel/txtbabel.def)
\bbl@readstream=\read2
\bbl@dirlevel=\count177
)
\l@nil=\language3
))
(/usr/share/texlive/texmf-dist/tex/latex/amsmath/amsmath.sty
Package: amsmath 2020/01/20 v2.17e AMS math features
\@mathmargin=\skip49

For additional information on amsmath, use the `?' option.
(/usr/share/texlive/texmf-dist/tex/latex/amsmath/amstext.sty
Package: amstext 2000/06/29 v2.01 AMS text

(/usr/share/texlive/texmf-dist/tex/latex/amsmath/amsgen.sty
File: amsgen.sty 1999/11/30 v2.0 generic functions
\@emptytoks=\toks16
\ex@=\dimen136
))
(/usr/share/texlive/texmf-dist/tex/latex/amsmath/amsbsy.sty
Package: amsbsy 1999/11/29 v1.2d Bold Symbols
\pmbraise@=\dimen137
)
(/usr/share/texlive/texmf-dist/tex/latex/amsmath/amsopn.sty
Package: amsopn 2016/03/08 v2.02 operator names
)
\inf@bad=\count178
LaTeX Info: Redefining \frac on input line 227.
\uproot@=\count179
\leftroot@=\count180
LaTeX Info: Redefining \overline on input line 389.
\classnum@=\count181
\DOTSCASE@=\count182
LaTeX Info: Redefining \ldots on input line 486.
LaTeX Info: Redefining \dots on input line 489.
LaTeX Info: Redefining \cdots on input line 610.
\Mathstrutbox@=\box45
\strutbox@=\box46
\big@size=\dimen138
LaTeX Font Info:    Redeclaring font encoding OML on input line 733.
LaTeX Font Info:    Redeclaring font encoding OMS on input line 734.
\macc@depth=\count183
\c@MaxMatrixCols=\count184
\dotsspace@=\muskip16
\c@parentequation=\count185
\dspbrk@lvl=\count186
\tag@help=\toks17
\row@=\count187
\column@=\count188
\maxfields@=\count189
\andhelp@=\toks18
\eqnshift@=\dimen139
\alignsep@=\dimen140
\tagshift@=\dimen141
\tagwidth@=\dimen142
\totwidth@=\dimen143
\lineht@=\dimen144
\@envbody=\toks19
\multlinegap=\skip50
\multlinetaggap=\skip51
\mathdisplay@stack=\toks20
LaTeX Info: Redefining \[ on input line 2859.
LaTeX Info: Redefining \] on input line 2860.
)
(/usr/share/texlive/texmf-dist/tex/latex/amsfonts/amsfonts.sty
Package: amsfonts 2013/01/14 v3.01 Basic AMSFonts support
\symAMSa=\mathgroup4
\symAMSb=\mathgroup5
LaTeX Font Info:    Redeclaring math symbol \hbar on input line 98.
LaTeX Font Info:    Overwriting math alphabet `\mathfrak' in version `bold'
(Font)                  U/euf/m/n --> U/euf/b/n on input line 106.
)
(/usr/share/texlive/texmf-dist/tex/latex/amsfonts/amssymb.sty
Package: amssymb 2013/01/14 v3.01 AMS font symbols
)
(/usr/share/texlive/texmf-dist/tex/latex/geometry/geometry.sty
Package: geometry 2020/01/02 v5.9 Page Geometry

(/usr/share/texlive/texmf-dist/tex/latex/graphics/keyval.sty
Package: keyval 2014/10/28 v1.15 key=value parser (DPC)
\KV@toks@=\toks21
)
(/usr/share/texlive/texmf-dist/tex/generic/iftex/ifvtex.sty
Package: ifvtex 2019/10/25 v1.7 ifvtex legacy package. Use iftex instead.

(/usr/share/texlive/texmf-dist/tex/generic/iftex/iftex.sty
Package: iftex 2019/11/07 v1.0c TeX engine tests
))
\Gm@cnth=\count190
\Gm@cntv=\count191
\c@Gm@tempcnt=\count192
\Gm@bindingoffset=\dimen145
\Gm@wd@mp=\dimen146
\Gm@odd@mp=\dimen147
\Gm@even@mp=\dimen148
\Gm@layoutwidth=\dimen149
\Gm@layoutheight=\dimen150
\Gm@layouthoffset=\dimen151
\Gm@layoutvoffset=\dimen152
\Gm@dimlist=\toks22
)
(/usr/share/texlive/texmf-dist/tex/latex/graphics/graphicx.sty
Package: graphicx 2019/11/30 v1.2a Enhanced LaTeX Graphics (DPC,SPQR)

(/usr/share/texlive/texmf-dist/tex/latex/graphics/graphics.sty
Package: graphics 2019/11/30 v1.4a Standard LaTeX Graphics (DPC,SPQR)

(/usr/share/texlive/texmf-dist/tex/latex/graphics/trig.sty
Package: trig 2016/01/03 v1.10 sin cos tan (DPC)
)
(/usr/share/texlive/texmf-dist/tex/latex/graphics-cfg/graphics.cfg
File: graphics.cfg 2016/06/04 v1.11 sample graphics configuration
)
Package graphics Info: Driver file: pdftex.def on input line 105.

(/usr/share/texlive/texmf-dist/tex/latex/graphics-def/pdftex.def
File: pdftex.def 2018/01/08 v1.0l Graphics/color driver for pdftex
))
\Gin@req@height=\dimen153
\Gin@req@width=\dimen154
)
(/usr/share/texlive/texmf-dist/tex/latex/l3backend/l3backend-pdfmode.def
File: l3backend-pdfmode.def 2020-02-03 L3 backend support: PDF mode
\l__kernel_color_stack_int=\count193
\l__pdf_internal_box=\box47
)

LaTeX Warning: Unused global option(s):
    [spanish].

(./document.aux (./inicio.aux) (./realimentacion.aux) (./estabilidad.aux)
(./etapassal.aux) (./operacionales.aux) (./osc.aux) (./otros.aux) (./biblio.aux
))
\openout1 = `document.aux'.

LaTeX Font Info:    Checking defaults for OML/cmm/m/it on input line 40.
LaTeX Font Info:    ... okay on input line 40.
LaTeX Font Info:    Checking defaults for OMS/cmsy/m/n on input line 40.
LaTeX Font Info:    ... okay on input line 40.
LaTeX Font Info:    Checking defaults for OT1/cmr/m/n on input line 40.
LaTeX Font Info:    ... okay on input line 40.
LaTeX Font Info:    Checking defaults for T1/cmr/m/n on input line 40.
LaTeX Font Info:    ... okay on input line 40.
LaTeX Font Info:    Checking defaults for TS1/cmr/m/n on input line 40.
LaTeX Font Info:    ... okay on input line 40.
LaTeX Font Info:    Checking defaults for OMX/cmex/m/n on input line 40.
LaTeX Font Info:    ... okay on input line 40.
LaTeX Font Info:    Checking defaults for U/cmr/m/n on input line 40.
LaTeX Font Info:    ... okay on input line 40.

*geometry* driver: auto-detecting
*geometry* detected driver: pdftex
*geometry* verbose mode - [ preamble ] result:
* driver: pdftex
* paper: a4paper
* layout: <same size as paper>
* layoutoffset:(h,v)=(0.0pt,0.0pt)
* modes: 
* h-part:(L,W,R)=(85.35826pt, 455.24411pt, 56.9055pt)
* v-part:(T,H,B)=(56.9055pt, 731.23584pt, 56.9055pt)
* \paperwidth=597.50787pt
* \paperheight=845.04684pt
* \textwidth=455.24411pt
* \textheight=731.23584pt
* \oddsidemargin=13.08827pt
* \evensidemargin=13.08827pt
* \topmargin=-52.36449pt
* \headheight=12.0pt
* \headsep=25.0pt
* \topskip=10.0pt
* \footskip=30.0pt
* \marginparwidth=57.0pt
* \marginparsep=11.0pt
* \columnsep=10.0pt
* \skip\footins=9.0pt plus 4.0pt minus 2.0pt
* \hoffset=0.0pt
* \voffset=0.0pt
* \mag=1000
* \@twocolumnfalse
* \@twosidefalse
* \@mparswitchfalse
* \@reversemarginfalse
* (1in=72.27pt=25.4mm, 1cm=28.453pt)

(/usr/share/texlive/texmf-dist/tex/context/base/mkii/supp-pdf.mkii
[Loading MPS to PDF converter (version 2006.09.02).]
\scratchcounter=\count194
\scratchdimen=\dimen155
\scratchbox=\box48
\nofMPsegments=\count195
\nofMParguments=\count196
\everyMPshowfont=\toks23
\MPscratchCnt=\count197
\MPscratchDim=\dimen156
\MPnumerator=\count198
\makeMPintoPDFobject=\count199
\everyMPtoPDFconversion=\toks24
) (/usr/share/texlive/texmf-dist/tex/latex/epstopdf-pkg/epstopdf-base.sty
Package: epstopdf-base 2020-01-24 v2.11 Base part for package epstopdf
Package epstopdf-base Info: Redefining graphics rule for `.eps' on input line 4
85.

(/usr/share/texlive/texmf-dist/tex/latex/latexconfig/epstopdf-sys.cfg
File: epstopdf-sys.cfg 2010/07/13 v1.3 Configuration of (r)epstopdf for TeX Liv
e
))
(./portada.tex
<figuras/logo fi unmdp.png, id=1, 635.37375pt x 144.54pt>
File: figuras/logo fi unmdp.png Graphic file (type png)
<use figuras/logo fi unmdp.png>
Package pdftex.def Info: figuras/logo fi unmdp.png  used on input line 5.
(pdftex.def)             Requested size: 455.24411pt x 103.56584pt.
 [1

{/var/lib/texmf/fonts/map/pdftex/updmap/pdftex.map} <./figuras/logo fi unmdp.pn
g>]) (./document.toc
LaTeX Font Info:    Trying to load font information for U+msa on input line 3.

(/usr/share/texlive/texmf-dist/tex/latex/amsfonts/umsa.fd
File: umsa.fd 2013/01/14 v3.01 AMS symbols A
)
LaTeX Font Info:    Trying to load font information for U+msb on input line 3.

(/usr/share/texlive/texmf-dist/tex/latex/amsfonts/umsb.fd
File: umsb.fd 2013/01/14 v3.01 AMS symbols B
))
\tf@toc=\write3
\openout3 = `document.toc'.

 [1

]
\openout2 = `inicio.aux'.

 (./inicio.tex
CapĂ­tulo 1.
<figuras/fig 1-1x.png, id=14, 1202.4925pt x 882.29625pt>
File: figuras/fig 1-1x.png Graphic file (type png)
<use figuras/fig 1-1x.png>
Package pdftex.def Info: figuras/fig 1-1x.png  used on input line 51.
(pdftex.def)             Requested size: 455.24411pt x 334.02402pt.
[2


]
<figuras/fig 1-2xx.png, id=26, 1201.48875pt x 883.3pt>
File: figuras/fig 1-2xx.png Graphic file (type png)
<use figuras/fig 1-2xx.png>
Package pdftex.def Info: figuras/fig 1-2xx.png  used on input line 70.
(pdftex.def)             Requested size: 455.24411pt x 334.68707pt.
<figuras/fig 1-3x.png, id=27, 1226.5825pt x 901.3675pt>
File: figuras/fig 1-3x.png Graphic file (type png)
<use figuras/fig 1-3x.png>
Package pdftex.def Info: figuras/fig 1-3x.png  used on input line 82.
(pdftex.def)             Requested size: 455.24411pt x 334.53227pt.
 [3 <./figuras/fig 1-1x.png>] [4 <./figuras/fig 1-2xx.png> <./figuras/fig 1-3x.
png>]
<figuras/fig 1-4xx.png, id=37, 1228.59pt x 905.3825pt>
File: figuras/fig 1-4xx.png Graphic file (type png)
<use figuras/fig 1-4xx.png>
Package pdftex.def Info: figuras/fig 1-4xx.png  used on input line 97.
(pdftex.def)             Requested size: 455.24411pt x 335.48363pt.
<figuras/fig 1-5x.png, id=38, 885.3075pt x 727.71875pt>
File: figuras/fig 1-5x.png Graphic file (type png)
<use figuras/fig 1-5x.png>
Package pdftex.def Info: figuras/fig 1-5x.png  used on input line 104.
(pdftex.def)             Requested size: 455.24411pt x 374.21858pt.
<figuras/fig 1-6xx.png, id=39, 1159.33125pt x 850.17625pt>
File: figuras/fig 1-6xx.png Graphic file (type png)
<use figuras/fig 1-6xx.png>
Package pdftex.def Info: figuras/fig 1-6xx.png  used on input line 113.
(pdftex.def)             Requested size: 455.24411pt x 333.83762pt.
 [5 <./figuras/fig 1-4xx.png>] [6 <./figuras/fig 1-5x.png>]
<figuras/fig 1-7xxx.png, id=47, 1223.57124pt x 907.39pt>
File: figuras/fig 1-7xxx.png Graphic file (type png)
<use figuras/fig 1-7xxx.png>
Package pdftex.def Info: figuras/fig 1-7xxx.png  used on input line 139.
(pdftex.def)             Requested size: 455.24411pt x 337.5982pt.
<figuras/fig 1-8x.png, id=48, 1199.48125pt x 882.29625pt>
File: figuras/fig 1-8x.png Graphic file (type png)
<use figuras/fig 1-8x.png>
Package pdftex.def Info: figuras/fig 1-8x.png  used on input line 146.
(pdftex.def)             Requested size: 455.24411pt x 334.85872pt.
 [7 <./figuras/fig 1-6xx.png>] [8 <./figuras/fig 1-7xxx.png> <./figuras/fig 1-8
x.png>]
<figuras/fig 1-9x.png, id=55, 1114.1625pt x 722.7pt>
File: figuras/fig 1-9x.png Graphic file (type png)
<use figuras/fig 1-9x.png>
Package pdftex.def Info: figuras/fig 1-9x.png  used on input line 159.
(pdftex.def)             Requested size: 455.24411pt x 295.29439pt.
<figuras/fig 1-9-1.png, id=56, 1322.9425pt x 916.42375pt>
File: figuras/fig 1-9-1.png Graphic file (type png)
<use figuras/fig 1-9-1.png>
Package pdftex.def Info: figuras/fig 1-9-1.png  used on input line 173.
(pdftex.def)             Requested size: 455.24411pt x 315.3415pt.
<figuras/fig 1-10x.png, id=57, 1144.275pt x 840.13875pt>
File: figuras/fig 1-10x.png Graphic file (type png)
<use figuras/fig 1-10x.png>
Package pdftex.def Info: figuras/fig 1-10x.png  used on input line 186.
(pdftex.def)             Requested size: 455.24411pt x 334.242pt.
)
[9 <./figuras/fig 1-9x.png>] [10 <./figuras/fig 1-9-1.png> <./figuras/fig 1-10x
.png>]
\openout2 = `realimentacion.aux'.

 (./realimentacion.tex
CapĂ­tulo 2.
LaTeX Font Info:    Trying to load font information for T1+cmss on input line 1
0.
(/usr/share/texlive/texmf-dist/tex/latex/base/t1cmss.fd
File: t1cmss.fd 2019/12/16 v2.5j Standard LaTeX font definitions
)
<figuras/real1.png, id=64, 494.84875pt x 244.915pt>
File: figuras/real1.png Graphic file (type png)
<use figuras/real1.png>
Package pdftex.def Info: figuras/real1.png  used on input line 23.
(pdftex.def)             Requested size: 227.62206pt x 112.65479pt.
 [11



 <./figuras/real1.png>]
<figuras/real2x.png, id=69, 1204.5pt x 888.31876pt>
File: figuras/real2x.png Graphic file (type png)
<use figuras/real2x.png>
Package pdftex.def Info: figuras/real2x.png  used on input line 88.
(pdftex.def)             Requested size: 455.24411pt x 335.7483pt.
 [12 <./figuras/real2x.png>]
<figuras/real3x.png, id=74, 1207.51125pt x 889.3225pt>
File: figuras/real3x.png Graphic file (type png)
<use figuras/real3x.png>
Package pdftex.def Info: figuras/real3x.png  used on input line 107.
(pdftex.def)             Requested size: 455.24411pt x 335.27277pt.
<figuras/real4x.png, id=75, 1202.4925pt x 887.315pt>
File: figuras/real4x.png Graphic file (type png)
<use figuras/real4x.png>
Package pdftex.def Info: figuras/real4x.png  used on input line 138.
(pdftex.def)             Requested size: 455.24411pt x 335.92404pt.
 [13 <./figuras/real3x.png>]
<figuras/real5.png, id=79, 485.815pt x 159.59625pt>
File: figuras/real5.png Graphic file (type png)
<use figuras/real5.png>
Package pdftex.def Info: figuras/real5.png  used on input line 145.
(pdftex.def)             Requested size: 227.62206pt x 74.77644pt.
 [14 <./figuras/real4x.png> <./figuras/real5.png>]
<figuras/real6x.png, id=83, 1230.5975pt x 909.3975pt>
File: figuras/real6x.png Graphic file (type png)
<use figuras/real6x.png>
Package pdftex.def Info: figuras/real6x.png  used on input line 176.
(pdftex.def)             Requested size: 455.24411pt x 336.4163pt.
 [15 <./figuras/real6x.png>]
<figuras/real7.png, id=87, 653.44125pt x 572.1375pt>
File: figuras/real7.png Graphic file (type png)
<use figuras/real7.png>
Package pdftex.def Info: figuras/real7.png  used on input line 201.
(pdftex.def)             Requested size: 409.71692pt x 358.73743pt.
<figuras/real8x.png, id=88, 1175.39125pt x 865.2325pt>
File: figuras/real8x.png Graphic file (type png)
<use figuras/real8x.png>
Package pdftex.def Info: figuras/real8x.png  used on input line 212.
(pdftex.def)             Requested size: 364.19667pt x 268.08728pt.


LaTeX Warning: `h' float specifier changed to `ht'.

<figuras/real9.png, id=89, 650.43pt x 768.8725pt>
File: figuras/real9.png Graphic file (type png)
<use figuras/real9.png>
Package pdftex.def Info: figuras/real9.png  used on input line 223.
(pdftex.def)             Requested size: 364.19667pt x 430.53047pt.

LaTeX Warning: `h' float specifier changed to `ht'.

[16 <./figuras/real7.png>]
<figuras/real10.png, id=94, 436.63126pt x 204.765pt>
File: figuras/real10.png Graphic file (type png)
<use figuras/real10.png>
Package pdftex.def Info: figuras/real10.png  used on input line 239.
(pdftex.def)             Requested size: 364.19667pt x 170.79536pt.
<figuras/real11.png, id=96, 956.57375pt x 649.42625pt>
File: figuras/real11.png Graphic file (type png)
<use figuras/real11.png>
Package pdftex.def Info: figuras/real11.png  used on input line 252.
(pdftex.def)             Requested size: 364.19667pt x 247.25027pt.
<figuras/real12.png, id=97, 968.61874pt x 514.92375pt>
File: figuras/real12.png Graphic file (type png)
<use figuras/real12.png>
Package pdftex.def Info: figuras/real12.png  used on input line 259.
(pdftex.def)             Requested size: 455.24411pt x 242.01419pt.
 [17 <./figuras/real8x.png>]
<figuras/real13.png, id=102, 429.10312pt x 276.28218pt>
File: figuras/real13.png Graphic file (type png)
<use figuras/real13.png>
Package pdftex.def Info: figuras/real13.png  used on input line 274.
(pdftex.def)             Requested size: 364.19667pt x 234.49525pt.
 [18 <./figuras/real9.png>] [19 <./figuras/real10.png> <./figuras/real11.png>] 
[20 <./figuras/real12.png> <./figuras/real13.png>]
<figuras/real14.png, id=115, 1308.89pt x 674.52pt>
File: figuras/real14.png Graphic file (type png)
<use figuras/real14.png>
Package pdftex.def Info: figuras/real14.png  used on input line 285.
(pdftex.def)             Requested size: 455.24411pt x 234.60344pt.
) [21 <./figuras/real14.png>]
\openout2 = `estabilidad.aux'.

 (./estabilidad.tex
CapĂ­tulo 3.
<figuras/estab1.png, id=119, 920.43875pt x 624.3325pt>
File: figuras/estab1.png Graphic file (type png)
<use figuras/estab1.png>
Package pdftex.def Info: figuras/estab1.png  used on input line 21.
(pdftex.def)             Requested size: 273.14923pt x 185.28157pt.
[22



 <./figuras/estab1.png>]
<figuras/estab2.png, id=123, 1230.5975pt x 909.3975pt>
File: figuras/estab2.png Graphic file (type png)
<use figuras/estab2.png>
Package pdftex.def Info: figuras/estab2.png  used on input line 47.
(pdftex.def)             Requested size: 455.24411pt x 336.4163pt.
<figuras/estab3.png, id=124, 782.925pt x 730.73pt>
File: figuras/estab3.png Graphic file (type png)
<use figuras/estab3.png>
Package pdftex.def Info: figuras/estab3.png  used on input line 54.
(pdftex.def)             Requested size: 364.19667pt x 339.91974pt.
 [23 <./figuras/estab2.png>]
<figuras/estab4.png, id=128, 684.5575pt x 546.04pt>
File: figuras/estab4.png Graphic file (type png)
<use figuras/estab4.png>
Package pdftex.def Info: figuras/estab4.png  used on input line 69.
(pdftex.def)             Requested size: 364.19667pt x 290.50797pt.
<figuras/estab5.png, id=129, 788.9475pt x 585.18625pt>
File: figuras/estab5.png Graphic file (type png)
<use figuras/estab5.png>
Package pdftex.def Info: figuras/estab5.png  used on input line 78.
(pdftex.def)             Requested size: 364.19667pt x 270.13544pt.
<figuras/estab6.png, id=130, 1230.5975pt x 904.37875pt>
File: figuras/estab6.png Graphic file (type png)
<use figuras/estab6.png>
Package pdftex.def Info: figuras/estab6.png  used on input line 93.
(pdftex.def)             Requested size: 455.24411pt x 334.55971pt.
<figuras/estab7.png, id=131, 754.82pt x 607.26875pt>
File: figuras/estab7.png Graphic file (type png)
<use figuras/estab7.png>
Package pdftex.def Info: figuras/estab7.png  used on input line 99.
(pdftex.def)             Requested size: 364.19667pt x 293.00534pt.
 [24 <./figuras/estab3.png>] [25 <./figuras/estab4.png> <./figuras/estab5.png>]
 [26 <./figuras/estab6.png> <./figuras/estab7.png>]
<figuras/estab8.png, id=142, 766.865pt x 637.38126pt>
File: figuras/estab8.png Graphic file (type png)
<use figuras/estab8.png>
Package pdftex.def Info: figuras/estab8.png  used on input line 110.
(pdftex.def)             Requested size: 455.24411pt x 378.38583pt.
<figuras/estab9.png, id=143, 758.835pt x 643.40375pt>
File: figuras/estab9.png Graphic file (type png)
<use figuras/estab9.png>
Package pdftex.def Info: figuras/estab9.png  used on input line 118.
(pdftex.def)             Requested size: 318.66948pt x 270.19827pt.
<figuras/estab10.png, id=144, 688.5725pt x 565.11125pt>
File: figuras/estab10.png Graphic file (type png)
<use figuras/estab10.png>
Package pdftex.def Info: figuras/estab10.png  used on input line 125.
(pdftex.def)             Requested size: 318.66948pt x 261.53232pt.
 [27 <./figuras/estab8.png>] [28 <./figuras/estab9.png> <./figuras/estab10.png>
]
<figuras/estab11.png, id=151, 705.63625pt x 654.445pt>
File: figuras/estab11.png Graphic file (type png)
<use figuras/estab11.png>
Package pdftex.def Info: figuras/estab11.png  used on input line 143.
(pdftex.def)             Requested size: 318.66948pt x 295.54607pt.
 [29 <./figuras/estab11.png>]) [30]
\openout2 = `etapassal.aux'.


(./etapassal.tex
CapĂ­tulo 4.
<figuras/claseabyc.jpg, id=159, 1927.2pt x 957.5775pt>
File: figuras/claseabyc.jpg Graphic file (type jpg)
<use figuras/claseabyc.jpg>
Package pdftex.def Info: figuras/claseabyc.jpg  used on input line 25.
(pdftex.def)             Requested size: 455.24411pt x 226.19966pt.
[31



]
<figuras/claseabyc2.png, id=163, 1203.49625pt x 889.3225pt>
File: figuras/claseabyc2.png Graphic file (type png)
<use figuras/claseabyc2.png>
Package pdftex.def Info: figuras/claseabyc2.png  used on input line 47.
(pdftex.def)             Requested size: 455.24411pt x 336.39908pt.
<figuras/claseabyc3.png, id=164, 707.64375pt x 644.4075pt>
File: figuras/claseabyc3.png Graphic file (type png)
<use figuras/claseabyc3.png>
Package pdftex.def Info: figuras/claseabyc3.png  used on input line 71.
(pdftex.def)             Requested size: 318.66948pt x 290.19702pt.
<figuras/claseabyc4.png, id=165, 686.565pt x 625.33624pt>
File: figuras/claseabyc4.png Graphic file (type png)
<use figuras/claseabyc4.png>
Package pdftex.def Info: figuras/claseabyc4.png  used on input line 78.
(pdftex.def)             Requested size: 364.19667pt x 331.71289pt.
 [32 <./figuras/claseabyc.jpg>] [33 <./figuras/claseabyc2.png> <./figuras/clase
abyc3.png>] [34 <./figuras/claseabyc4.png>]
<figuras/claseabyc5.png, id=175, 1230.5975pt x 917.4275pt>
File: figuras/claseabyc5.png Graphic file (type png)
<use figuras/claseabyc5.png>
Package pdftex.def Info: figuras/claseabyc5.png  used on input line 99.
(pdftex.def)             Requested size: 364.19667pt x 271.5067pt.
<figuras/claseabyc6.png, id=176, 1141.26375pt x 875.27pt>
File: figuras/claseabyc6.png Graphic file (type png)
<use figuras/claseabyc6.png>
Package pdftex.def Info: figuras/claseabyc6.png  used on input line 106.
(pdftex.def)             Requested size: 364.19667pt x 279.30414pt.
<figuras/claseabyc7.png, id=177, 1118.1775pt x 902.37125pt>
File: figuras/claseabyc7.png Graphic file (type png)
<use figuras/claseabyc7.png>
Package pdftex.def Info: figuras/claseabyc7.png  used on input line 113.
(pdftex.def)             Requested size: 364.19667pt x 293.90056pt.
<figuras/claseabyc8.png, id=178, 1230.5975pt x 912.40875pt>
File: figuras/claseabyc8.png Graphic file (type png)
<use figuras/claseabyc8.png>
Package pdftex.def Info: figuras/claseabyc8.png  used on input line 124.
(pdftex.def)             Requested size: 364.19667pt x 270.02142pt.
<figuras/claseabyc9.png, id=179, 977.6525pt x 885.3075pt>
File: figuras/claseabyc9.png Graphic file (type png)
<use figuras/claseabyc9.png>
Package pdftex.def Info: figuras/claseabyc9.png  used on input line 142.
(pdftex.def)             Requested size: 364.19667pt x 329.80109pt.
 [35 <./figuras/claseabyc5.png>] [36 <./figuras/claseabyc6.png> <./figuras/clas
eabyc7.png>] [37 <./figuras/claseabyc8.png> <./figuras/claseabyc9.png>]
<figuras/claseabyc10.png, id=190, 1245.65375pt x 919.435pt>
File: figuras/claseabyc10.png Graphic file (type png)
<use figuras/claseabyc10.png>
Package pdftex.def Info: figuras/claseabyc10.png  used on input line 158.
(pdftex.def)             Requested size: 364.19667pt x 268.81792pt.
<figuras/claseabyc11.png, id=191, 1118.1775pt x 871.255pt>
File: figuras/claseabyc11.png Graphic file (type png)
<use figuras/claseabyc11.png>
Package pdftex.def Info: figuras/claseabyc11.png  used on input line 165.
(pdftex.def)             Requested size: 364.19667pt x 283.76605pt.
<figuras/claseabyc12.png, id=192, 1183.42125pt x 873.2625pt>
File: figuras/claseabyc12.png Graphic file (type png)
<use figuras/claseabyc12.png>
Package pdftex.def Info: figuras/claseabyc12.png  used on input line 175.
(pdftex.def)             Requested size: 364.19667pt x 268.73648pt.
<figuras/claseabyc13.png, id=193, 1091.07625pt x 832.10875pt>
File: figuras/claseabyc13.png Graphic file (type png)
<use figuras/claseabyc13.png>
Package pdftex.def Info: figuras/claseabyc13.png  used on input line 182.
(pdftex.def)             Requested size: 364.19667pt x 277.74557pt.
) [38 <./figuras/claseabyc10.png>]
[39 <./figuras/claseabyc11.png> <./figuras/claseabyc12.png>] [40 <./figuras/cla
seabyc13.png>]
\openout2 = `operacionales.aux'.

 (./operacionales.tex
CapĂ­tulo 5.
<figuras/oper1.png, id=203, 544.0325pt x 860.21375pt>
File: figuras/oper1.png Graphic file (type png)
<use figuras/oper1.png>
Package pdftex.def Info: figuras/oper1.png  used on input line 25.
(pdftex.def)             Requested size: 364.19667pt x 575.88081pt.
<figuras/oper3.png, id=204, 1420.30624pt x 875.27pt>
File: figuras/oper3.png Graphic file (type png)
<use figuras/oper3.png>
Package pdftex.def Info: figuras/oper3.png  used on input line 35.
(pdftex.def)             Requested size: 409.71692pt x 252.48625pt.
<figuras/oper2.png, id=205, 1180.41pt x 870.25125pt>
File: figuras/oper2.png Graphic file (type png)
<use figuras/oper2.png>
Package pdftex.def Info: figuras/oper2.png  used on input line 44.
(pdftex.def)             Requested size: 364.19667pt x 268.50032pt.
[41



] [42 <./figuras/oper1.png>] [43 <./figuras/oper3.png> <./figuras/oper2.png>]
Overfull \hbox (0.6861pt too wide) in paragraph at lines 84--85
\T1/cmr/m/n/10 aleatorios provenientes de la función del método de Monte Carlo 
\T1/cmr/m/it/10 mc(valor,tolerancia) \T1/cmr/m/n/10 que usa un generador
 []

<figuras/oper4.png, id=216, 1214.5375pt x 902.37125pt>
File: figuras/oper4.png Graphic file (type png)
<use figuras/oper4.png>
Package pdftex.def Info: figuras/oper4.png  used on input line 89.
(pdftex.def)             Requested size: 364.19667pt x 270.58954pt.
<figuras/oper5.png, id=217, 1324.95pt x 915.42pt>
File: figuras/oper5.png Graphic file (type png)
<use figuras/oper5.png>
Package pdftex.def Info: figuras/oper5.png  used on input line 96.
(pdftex.def)             Requested size: 364.19667pt x 251.62254pt.
<figuras/oper6.png, id=218, 1223.57124pt x 900.36375pt>
File: figuras/oper6.png Graphic file (type png)
<use figuras/oper6.png>
Package pdftex.def Info: figuras/oper6.png  used on input line 109.
(pdftex.def)             Requested size: 364.19667pt x 267.98175pt.
<figuras/oper7.png, id=219, 1329.96875pt x 912.40875pt>
File: figuras/oper7.png Graphic file (type png)
<use figuras/oper7.png>
Package pdftex.def Info: figuras/oper7.png  used on input line 116.
(pdftex.def)             Requested size: 364.19667pt x 249.84813pt.
[44] [45 <./figuras/oper4.png> <./figuras/oper5.png>] [46 <./figuras/oper6.png>
 <./figuras/oper7.png>]
<figuras/oper8.png, id=230, 1222.5675pt x 901.3675pt>
File: figuras/oper8.png Graphic file (type png)
<use figuras/oper8.png>
Package pdftex.def Info: figuras/oper8.png  used on input line 136.
(pdftex.def)             Requested size: 364.19667pt x 268.50055pt.
<figuras/oper9.png, id=231, 1332.98pt x 920.43875pt>
File: figuras/oper9.png Graphic file (type png)
<use figuras/oper9.png>
Package pdftex.def Info: figuras/oper9.png  used on input line 143.
(pdftex.def)             Requested size: 364.19667pt x 251.47118pt.

Overfull \hbox (1.64798pt too wide) in paragraph at lines 164--165
[]\T1/cmr/m/n/10 El gáfico superior de la figura 5.11[] muestra la respuesta te
mporal del circuito mencionado anteriormente
 []

<figuras/oper10.png, id=232, 1223.57124pt x 904.37875pt>
File: figuras/oper10.png Graphic file (type png)
<use figuras/oper10.png>
Package pdftex.def Info: figuras/oper10.png  used on input line 170.
(pdftex.def)             Requested size: 364.19667pt x 269.17677pt.
<figuras/oper11.png, id=233, 1328.965pt x 909.3975pt>
File: figuras/oper11.png Graphic file (type png)
<use figuras/oper11.png>
Package pdftex.def Info: figuras/oper11.png  used on input line 177.
(pdftex.def)             Requested size: 364.19667pt x 249.21782pt.
[47 <./figuras/oper8.png>] [48 <./figuras/oper9.png> <./figuras/oper10.png>]
<figuras/oper12.png, id=241, 1224.575pt x 907.39pt>
File: figuras/oper12.png Graphic file (type png)
<use figuras/oper12.png>
Package pdftex.def Info: figuras/oper12.png  used on input line 196.
(pdftex.def)             Requested size: 364.19667pt x 269.86534pt.
<figuras/oper13.png, id=242, 1323.94624pt x 902.37125pt>
File: figuras/oper13.png Graphic file (type png)
<use figuras/oper13.png>
Package pdftex.def Info: figuras/oper13.png  used on input line 204.
(pdftex.def)             Requested size: 364.19667pt x 248.22859pt.
<figuras/oper14.png, id=243, 1325.95375pt x 912.40875pt>
File: figuras/oper14.png Graphic file (type png)
<use figuras/oper14.png>
Package pdftex.def Info: figuras/oper14.png  used on input line 211.
(pdftex.def)             Requested size: 364.19667pt x 250.59993pt.

Overfull \hbox (6.64177pt too wide) detected at line 228
\OML/cmm/m/it/10 f[] \OT1/cmr/m/n/10 = [] = 1\OML/cmm/m/it/10 :\OT1/cmr/m/n/10 
56\OML/cmm/m/it/10 KHz Q \OT1/cmr/m/n/10 = [] = 10\OML/cmm/m/it/10 :\OT1/cmr/m/
n/10 85 \OML/cmm/m/it/10 B[] \OT1/cmr/m/n/10 = [] = 143\OML/cmm/m/it/10 :\OT1/c
mr/m/n/10 8\OML/cmm/m/it/10 Hz A[] \OT1/cmr/m/n/10 = 20\OML/cmm/m/it/10 :\OT1/c
mr/m/n/10 70\OML/cmm/m/it/10 dB
 []


Overfull \hbox (0.85892pt too wide) in paragraph at lines 230--231
\T1/cmr/m/n/10 directiva \T1/cmr/m/it/10 .ac lin 10000 1k 2k \T1/cmr/m/n/10 , e
n ella se ve que los datos simulados ($\OML/cmm/m/it/10 f[] \OT1/cmr/m/n/10 = 1
\OML/cmm/m/it/10 :\OT1/cmr/m/n/10 53\OML/cmm/m/it/10 KHz B[] \OT1/cmr/m/n/10 = 
140\OML/cmm/m/it/10 :\OT1/cmr/m/n/10 5\OML/cmm/m/it/10 HZ A[] \OT1/cmr/m/n/10 =

 []

<figuras/oper15.png, id=244, 1224.575pt x 906.38625pt>
File: figuras/oper15.png Graphic file (type png)
<use figuras/oper15.png>
Package pdftex.def Info: figuras/oper15.png  used on input line 235.
(pdftex.def)             Requested size: 364.19667pt x 269.56682pt.
<figuras/oper16.png, id=245, 1324.95pt x 911.405pt>
File: figuras/oper16.png Graphic file (type png)
<use figuras/oper16.png>
Package pdftex.def Info: figuras/oper16.png  used on input line 242.
(pdftex.def)             Requested size: 364.19667pt x 250.51894pt.
[49 <./figuras/oper11.png>] [50 <./figuras/oper12.png> <./figuras/oper13.png>]
[51 <./figuras/oper14.png> <./figuras/oper15.png>]
<figuras/oper17.png, id=256, 1225.57875pt x 905.3825pt>
File: figuras/oper17.png Graphic file (type png)
<use figuras/oper17.png>
Package pdftex.def Info: figuras/oper17.png  used on input line 260.
(pdftex.def)             Requested size: 364.19667pt x 269.04726pt.
<figuras/oper18.png, id=257, 1323.94624pt x 902.37125pt>
File: figuras/oper18.png Graphic file (type png)
<use figuras/oper18.png>
Package pdftex.def Info: figuras/oper18.png  used on input line 267.
(pdftex.def)             Requested size: 364.19667pt x 248.22859pt.
<figuras/oper19.png, id=258, 1418.29875pt x 911.405pt>
File: figuras/oper19.png Graphic file (type png)
<use figuras/oper19.png>
Package pdftex.def Info: figuras/oper19.png  used on input line 275.
(pdftex.def)             Requested size: 364.19667pt x 234.02534pt.
<figuras/oper20.png, id=259, 1226.5825pt x 906.38625pt>
File: figuras/oper20.png Graphic file (type png)
<use figuras/oper20.png>
Package pdftex.def Info: figuras/oper20.png  used on input line 296.
(pdftex.def)             Requested size: 364.19667pt x 269.12424pt.
<figuras/oper21.png, id=260, 1322.9425pt x 908.39375pt>
File: figuras/oper21.png Graphic file (type png)
<use figuras/oper21.png>
Package pdftex.def Info: figuras/oper21.png  used on input line 303.
(pdftex.def)             Requested size: 364.19667pt x 250.06548pt.
<figuras/oper22.png, id=261, 1319.93124pt x 884.30376pt>
File: figuras/oper22.png Graphic file (type png)
<use figuras/oper22.png>
Package pdftex.def Info: figuras/oper22.png  used on input line 311.
(pdftex.def)             Requested size: 364.19667pt x 244.00063pt.
 [52 <./figuras/oper16.png>]
[53 <./figuras/oper17.png> <./figuras/oper18.png>] [54 <./figuras/oper19.png> <
./figuras/oper20.png>] [55 <./figuras/oper21.png> <./figuras/oper22.png>]
<figuras/oper23.png, id=275, 1209.51875pt x 893.3375pt>
File: figuras/oper23.png Graphic file (type png)
<use figuras/oper23.png>
Package pdftex.def Info: figuras/oper23.png  used on input line 334.
(pdftex.def)             Requested size: 364.19667pt x 268.98476pt.
<figuras/oper24.png, id=276, 1323.94624pt x 907.39pt>
File: figuras/oper24.png Graphic file (type png)
<use figuras/oper24.png>
Package pdftex.def Info: figuras/oper24.png  used on input line 341.
(pdftex.def)             Requested size: 364.19667pt x 249.60918pt.

Overfull \hbox (7.84091pt too wide) in paragraph at lines 354--355
[]\T1/cmr/m/n/10 Los operacionales de propósitos generales pueden utilizarse co
mo comparadores, aunque la compensación
 []


Overfull \hbox (10.07745pt too wide) in paragraph at lines 354--355
\T1/cmr/m/n/10 elevadas. Para ello se utilizan circuitos integrados especialmen
te diseńados para trabajar como comparadores
 []

[56 <./figuras/oper23.png>]
<figuras/comparador1.png, id=280, 1220.56pt x 902.37125pt>
File: figuras/comparador1.png Graphic file (type png)
<use figuras/comparador1.png>
Package pdftex.def Info: figuras/comparador1.png  used on input line 362.
(pdftex.def)             Requested size: 364.19667pt x 269.25394pt.
<figuras/comparador2.png, id=281, 1349.04pt x 922.44624pt>
File: figuras/comparador2.png Graphic file (type png)
<use figuras/comparador2.png>
Package pdftex.def Info: figuras/comparador2.png  used on input line 369.
(pdftex.def)             Requested size: 364.19667pt x 249.02158pt.
<figuras/comparador3.png, id=282, 1200.485pt x 890.32625pt>
File: figuras/comparador3.png Graphic file (type png)
<use figuras/comparador3.png>
Package pdftex.def Info: figuras/comparador3.png  used on input line 395.
(pdftex.def)             Requested size: 364.19667pt x 270.10228pt.
<figuras/comparador4.png, id=283, 1358.07375pt x 912.40875pt>
File: figuras/comparador4.png Graphic file (type png)
<use figuras/comparador4.png>
Package pdftex.def Info: figuras/comparador4.png  used on input line 402.
(pdftex.def)             Requested size: 364.19667pt x 244.68298pt.
<figuras/comparador5.png, id=284, 1352.05125pt x 918.43124pt>
File: figuras/comparador5.png Graphic file (type png)
<use figuras/comparador5.png>
Package pdftex.def Info: figuras/comparador5.png  used on input line 409.
(pdftex.def)             Requested size: 364.19667pt x 247.39116pt.

Overfull \hbox (7.70206pt too wide) in paragraph at lines 414--416
[]\T1/cmr/m/n/10 Los comparadores se pueden utilizar también para generar seńal
es periódicas en osciladores de relajación.
 []

[57 <./figuras/oper24.png>] [58 <./figuras/comparador1.png> <./figuras/comparad
or2.png>] [59 <./figuras/comparador3.png> <./figuras/comparador4.png>]
<figuras/comparador6.png, id=294, 1215.54124pt x 901.3675pt>
File: figuras/comparador6.png Graphic file (type png)
<use figuras/comparador6.png>
Package pdftex.def Info: figuras/comparador6.png  used on input line 419.
(pdftex.def)             Requested size: 364.19667pt x 270.05473pt.
<figuras/comparador7.png, id=295, 1352.05125pt x 921.4425pt>
File: figuras/comparador7.png Graphic file (type png)
<use figuras/comparador7.png>
Package pdftex.def Info: figuras/comparador7.png  used on input line 426.
(pdftex.def)             Requested size: 364.19667pt x 248.20227pt.
)
[60 <./figuras/comparador5.png>] [61 <./figuras/comparador6.png> <./figuras/com
parador7.png>]
\openout2 = `osc.aux'.

 (./osc.tex
CapĂ­tulo 6.
<figuras/despfase_circuito.png, id=303, 1225.57875pt x 906.38625pt>
File: figuras/despfase_circuito.png Graphic file (type png)
<use figuras/despfase_circuito.png>
Package pdftex.def Info: figuras/despfase_circuito.png  used on input line 16.
(pdftex.def)             Requested size: 364.19667pt x 269.34554pt.
<figuras/despfase_curva.png, id=304, 1333.98375pt x 909.3975pt>
File: figuras/despfase_curva.png Graphic file (type png)
<use figuras/despfase_curva.png>
Package pdftex.def Info: figuras/despfase_curva.png  used on input line 24.
(pdftex.def)             Requested size: 364.19667pt x 248.27423pt.
<figuras/lc1_circuito.png, id=305, 1224.575pt x 906.38625pt>
File: figuras/lc1_circuito.png Graphic file (type png)
<use figuras/lc1_circuito.png>
Package pdftex.def Info: figuras/lc1_circuito.png  used on input line 35.
(pdftex.def)             Requested size: 364.19667pt x 269.56682pt.

LaTeX Warning: `h' float specifier changed to `ht'.

<figuras/lc1_curva.png, id=306, 1344.02126pt x 901.3675pt>
File: figuras/lc1_curva.png Graphic file (type png)
<use figuras/lc1_curva.png>
Package pdftex.def Info: figuras/lc1_curva.png  used on input line 57.
(pdftex.def)             Requested size: 364.19667pt x 244.23895pt.
<figuras/lc2_circuito.png, id=307, 1185.42876pt x 874.26625pt>
File: figuras/lc2_circuito.png Graphic file (type png)
<use figuras/lc2_circuito.png>
Package pdftex.def Info: figuras/lc2_circuito.png  used on input line 70.
(pdftex.def)             Requested size: 364.19667pt x 268.59181pt.
<figuras/lc2a_curva.png, id=308, 1359.0775pt x 911.405pt>
File: figuras/lc2a_curva.png Graphic file (type png)
<use figuras/lc2a_curva.png>
Package pdftex.def Info: figuras/lc2a_curva.png  used on input line 77.
(pdftex.def)             Requested size: 364.19667pt x 244.23302pt.
<figuras/lc2b_curva1.png, id=309, 1346.02875pt x 906.38625pt>
File: figuras/lc2b_curva1.png Graphic file (type png)
<use figuras/lc2b_curva1.png>
Package pdftex.def Info: figuras/lc2b_curva1.png  used on input line 84.
(pdftex.def)             Requested size: 364.19667pt x 245.23927pt.
<figuras/lc2b_curva2.png, id=310, 1344.02126pt x 916.42375pt>
File: figuras/lc2b_curva2.png Graphic file (type png)
<use figuras/lc2b_curva2.png>
Package pdftex.def Info: figuras/lc2b_curva2.png  used on input line 91.
(pdftex.def)             Requested size: 318.66948pt x 217.27534pt.
[62



] [63 <./figuras/despfase_circuito.png> <./figuras/despfase_curva.png>]
<figuras/wien1_circuito.png, id=317, 1225.57875pt x 905.3825pt>
File: figuras/wien1_circuito.png Graphic file (type png)
<use figuras/wien1_circuito.png>
Package pdftex.def Info: figuras/wien1_circuito.png  used on input line 117.
(pdftex.def)             Requested size: 364.19667pt x 269.04726pt.
<figuras/wien1_curva.png, id=318, 1200.485pt x 872.25874pt>
File: figuras/wien1_curva.png Graphic file (type png)
<use figuras/wien1_curva.png>
Package pdftex.def Info: figuras/wien1_curva.png  used on input line 127.
(pdftex.def)             Requested size: 364.19667pt x 264.62105pt.
<figuras/wien2_circuito.png, id=319, 1167.36125pt x 866.23625pt>
File: figuras/wien2_circuito.png Graphic file (type png)
<use figuras/wien2_circuito.png>
Package pdftex.def Info: figuras/wien2_circuito.png  used on input line 144.
(pdftex.def)             Requested size: 364.19667pt x 270.24876pt.
<figuras/wien2_curva1.png, id=320, 1328.965pt x 918.43124pt>
File: figuras/wien2_curva1.png Graphic file (type png)
<use figuras/wien2_curva1.png>
Package pdftex.def Info: figuras/wien2_curva1.png  used on input line 154.
(pdftex.def)             Requested size: 364.19667pt x 251.69348pt.
<figuras/wien2_curva2.png, id=321, 1357.07pt x 906.38625pt>
File: figuras/wien2_curva2.png Graphic file (type png)
<use figuras/wien2_curva2.png>
Package pdftex.def Info: figuras/wien2_curva2.png  used on input line 161.
(pdftex.def)             Requested size: 364.19667pt x 243.23387pt.
<figuras/wien3_circuito.png, id=322, 1230.5975pt x 907.39pt>
File: figuras/wien3_circuito.png Graphic file (type png)
<use figuras/wien3_circuito.png>
Package pdftex.def Info: figuras/wien3_circuito.png  used on input line 168.
(pdftex.def)             Requested size: 364.19667pt x 268.53616pt.
<figuras/wien3_curva1.png, id=323, 1294.8375pt x 910.40125pt>
File: figuras/wien3_curva1.png Graphic file (type png)
<use figuras/wien3_curva1.png>
Package pdftex.def Info: figuras/wien3_curva1.png  used on input line 175.
(pdftex.def)             Requested size: 364.19667pt x 256.06361pt.
<figuras/wien3_curva2.png, id=324, 1380.15625pt x 920.43875pt>
File: figuras/wien3_curva2.png Graphic file (type png)
<use figuras/wien3_curva2.png>
Package pdftex.def Info: figuras/wien3_curva2.png  used on input line 182.
(pdftex.def)             Requested size: 364.19667pt x 242.88983pt.

[64 <./figuras/lc1_circuito.png>] [65 <./figuras/lc1_curva.png> <./figuras/lc2_
circuito.png>] [66 <./figuras/lc2a_curva.png> <./figuras/lc2b_curva1.png>]
[67 <./figuras/lc2b_curva2.png> <./figuras/wien1_circuito.png>] [68 <./figuras/
wien1_curva.png> <./figuras/wien2_circuito.png>] [69 <./figuras/wien2_curva1.pn
g> <./figuras/wien2_curva2.png>] [70 <./figuras/wien3_circuito.png> <./figuras/
wien3_curva1.png>] [71 <./figuras/wien3_curva2.png>]
<figuras/trifasico_circuito.png, id=351, 1224.575pt x 904.37875pt>
File: figuras/trifasico_circuito.png Graphic file (type png)
<use figuras/trifasico_circuito.png>
Package pdftex.def Info: figuras/trifasico_circuito.png  used on input line 217
.
(pdftex.def)             Requested size: 364.19667pt x 268.96977pt.
<figuras/trifasico_curva1.png, id=352, 1363.0925pt x 922.44624pt>
File: figuras/trifasico_curva1.png Graphic file (type png)
<use figuras/trifasico_curva1.png>
Package pdftex.def Info: figuras/trifasico_curva1.png  used on input line 227.
(pdftex.def)             Requested size: 364.19667pt x 246.45987pt.

Overfull \hbox (4.22021pt too wide) in paragraph at lines 234--235
  \T1/cmr/m/n/10 El circuito de la figura 6.19[] es un oscilador de cuadratura 
implementado con operacionales. Teóricamente
 []

<figuras/cuadratura_circuito.png, id=353, 1229.59375pt x 908.39375pt>
File: figuras/cuadratura_circuito.png Graphic file (type png)
<use figuras/cuadratura_circuito.png>
Package pdftex.def Info: figuras/cuadratura_circuito.png  used on input line 25
1.
(pdftex.def)             Requested size: 364.19667pt x 269.055pt.
<figuras/cuadratura_curva1.png, id=354, 1360.08125pt x 917.4275pt>
File: figuras/cuadratura_curva1.png Graphic file (type png)
<use figuras/cuadratura_curva1.png>
Package pdftex.def Info: figuras/cuadratura_curva1.png  used on input line 261.

(pdftex.def)             Requested size: 364.19667pt x 245.66492pt.
[72 <./figuras/trifasico_circuito.png>]
<figuras/osccrist1_circuito.png, id=359, 1222.5675pt x 904.37875pt>
File: figuras/osccrist1_circuito.png Graphic file (type png)
<use figuras/osccrist1_circuito.png>
Package pdftex.def Info: figuras/osccrist1_circuito.png  used on input line 282
.
(pdftex.def)             Requested size: 364.19667pt x 269.39757pt.
<figuras/osccrist1_curva.png, id=360, 1339.0025pt x 911.405pt>
File: figuras/osccrist1_curva.png Graphic file (type png)
<use figuras/osccrist1_curva.png>
Package pdftex.def Info: figuras/osccrist1_curva.png  used on input line 292.
(pdftex.def)             Requested size: 364.19667pt x 247.89053pt.
) [73 <./figuras/trifasico_curva1.png>]
[74 <./figuras/cuadratura_circuito.png> <./figuras/cuadratura_curva1.png>]
[75 <./figuras/osccrist1_circuito.png> <./figuras/osccrist1_curva.png>]
\openout2 = `otros.aux'.


(./otros.tex
CapĂ­tulo 7.
<figuras/fuentes1_circuito.png, id=370, 1221.56375pt x 902.37125pt>
File: figuras/fuentes1_circuito.png Graphic file (type png)
<use figuras/fuentes1_circuito.png>
Package pdftex.def Info: figuras/fuentes1_circuito.png  used on input line 15.
(pdftex.def)             Requested size: 364.19667pt x 269.03363pt.
<figuras/fuentes1_curva.png, id=371, 1367.1075pt x 915.42pt>
File: figuras/fuentes1_curva.png Graphic file (type png)
<use figuras/fuentes1_curva.png>
Package pdftex.def Info: figuras/fuentes1_curva.png  used on input line 23.
(pdftex.def)             Requested size: 364.19667pt x 243.85625pt.
<figuras/fuentes2_circuito.png, id=372, 1225.57875pt x 905.3825pt>
File: figuras/fuentes2_circuito.png Graphic file (type png)
<use figuras/fuentes2_circuito.png>
Package pdftex.def Info: figuras/fuentes2_circuito.png  used on input line 36.
(pdftex.def)             Requested size: 364.19667pt x 269.04726pt.

Overfull \hbox (2.4578pt too wide) in paragraph at lines 42--43
[]\T1/cmr/m/n/10 El Transistor $\OML/cmm/m/it/10 Q[]$ \T1/cmr/m/n/10 junto con 
la resistencia $\OML/cmm/m/it/10 R[]$ \T1/cmr/m/n/10 son los encargados de dar 
la protección contra cortocircuitos
 []

[76



] [77 <./figuras/fuentes1_circuito.png> <./figuras/fuentes1_curva.png>]
<figuras/fuentes2_curva2.png, id=379, 1349.04pt x 894.34125pt>
File: figuras/fuentes2_curva2.png Graphic file (type png)
<use figuras/fuentes2_curva2.png>
Package pdftex.def Info: figuras/fuentes2_curva2.png  used on input line 52.
(pdftex.def)             Requested size: 364.19667pt x 241.43442pt.
<figuras/fuentes2_curva1.png, id=380, 1352.05125pt x 913.4125pt>
File: figuras/fuentes2_curva1.png Graphic file (type png)
<use figuras/fuentes2_curva1.png>
Package pdftex.def Info: figuras/fuentes2_curva1.png  used on input line 59.
(pdftex.def)             Requested size: 364.19667pt x 246.03929pt.

[78 <./figuras/fuentes2_circuito.png>] [79 <./figuras/fuentes2_curva2.png> <./f
iguras/fuentes2_curva1.png>]
<figuras/fuentes3_circuito.png, id=388, 1178.4025pt x 870.25125pt>
File: figuras/fuentes3_circuito.png Graphic file (type png)
<use figuras/fuentes3_circuito.png>
Package pdftex.def Info: figuras/fuentes3_circuito.png  used on input line 77.
(pdftex.def)             Requested size: 364.19667pt x 268.96509pt.
<figuras/fuentes3_curva1.png, id=389, 1363.0925pt x 914.41624pt>
File: figuras/fuentes3_curva1.png Graphic file (type png)
<use figuras/fuentes3_curva1.png>
Package pdftex.def Info: figuras/fuentes3_curva1.png  used on input line 89.
(pdftex.def)             Requested size: 364.19667pt x 244.3144pt.
<figuras/fuentes3_curva3.png, id=390, 1360.08125pt x 911.405pt>
File: figuras/fuentes3_curva3.png Graphic file (type png)
<use figuras/fuentes3_curva3.png>
Package pdftex.def Info: figuras/fuentes3_curva3.png  used on input line 96.
(pdftex.def)             Requested size: 364.19667pt x 244.05223pt.
 [80 <./figuras/fuentes3_circuito.png>] [81 <./figuras/fuentes3_curva1.png> <./
figuras/fuentes3_curva3.png>]
Overfull \hbox (0.27585pt too wide) in paragraph at lines 113--114
[]\T1/cmr/m/n/10 La entrada de seńal $\OML/cmm/m/it/10 V[]$ \T1/cmr/m/n/10 está
 acoplada a la entrada del amplificador diferencial a través del transformador
 []

<figuras/sintonia_circuito.png, id=397, 1223.57124pt x 905.3825pt>
File: figuras/sintonia_circuito.png Graphic file (type png)
<use figuras/sintonia_circuito.png>
Package pdftex.def Info: figuras/sintonia_circuito.png  used on input line 128.

(pdftex.def)             Requested size: 364.19667pt x 269.47552pt.
<figuras/sintonia_curva1.png, id=398, 1363.0925pt x 918.43124pt>
File: figuras/sintonia_curva1.png Graphic file (type png)
<use figuras/sintonia_curva1.png>
Package pdftex.def Info: figuras/sintonia_curva1.png  used on input line 135.
(pdftex.def)             Requested size: 364.19667pt x 245.38713pt.
[82 <./figuras/sintonia_circuito.png>]
<figuras/sintonia_curva2.png, id=402, 1333.98375pt x 918.43124pt>
File: figuras/sintonia_curva2.png Graphic file (type png)
<use figuras/sintonia_curva2.png>
Package pdftex.def Info: figuras/sintonia_curva2.png  used on input line 150.
(pdftex.def)             Requested size: 364.19667pt x 250.74052pt.
 [83 <./figuras/sintonia_curva1.png>]
<figuras/tiristor_circuito.png, id=406, 1225.57875pt x 905.3825pt>
File: figuras/tiristor_circuito.png Graphic file (type png)
<use figuras/tiristor_circuito.png>
Package pdftex.def Info: figuras/tiristor_circuito.png  used on input line 172.

(pdftex.def)             Requested size: 364.19667pt x 269.04726pt.
<figuras/tiristor_curva1.png, id=407, 1345.025pt x 920.43875pt>
File: figuras/tiristor_curva1.png Graphic file (type png)
<use figuras/tiristor_curva1.png>
Package pdftex.def Info: figuras/tiristor_curva1.png  used on input line 179.
(pdftex.def)             Requested size: 364.19667pt x 249.22401pt.
<figuras/tiristor_curva2.png, id=408, 1360.08125pt x 908.39375pt>
File: figuras/tiristor_curva2.png Graphic file (type png)
<use figuras/tiristor_curva2.png>
Package pdftex.def Info: figuras/tiristor_curva2.png  used on input line 186.
(pdftex.def)             Requested size: 364.19667pt x 243.2459pt.
<figuras/oscujt_circuito.png, id=409, 1224.575pt x 904.37875pt>
File: figuras/oscujt_circuito.png Graphic file (type png)
<use figuras/oscujt_circuito.png>
Package pdftex.def Info: figuras/oscujt_circuito.png  used on input line 199.
(pdftex.def)             Requested size: 364.19667pt x 268.96977pt.
<figuras/oscujt_curva.png, id=410, 1348.03625pt x 912.40875pt>
File: figuras/oscujt_curva.png Graphic file (type png)
<use figuras/oscujt_curva.png>
Package pdftex.def Info: figuras/oscujt_curva.png  used on input line 206.
(pdftex.def)             Requested size: 364.19667pt x 246.49287pt.

[84 <./figuras/sintonia_curva2.png>] [85 <./figuras/tiristor_circuito.png> <./f
iguras/tiristor_curva1.png>] [86 <./figuras/tiristor_curva2.png> <./figuras/osc
ujt_circuito.png>]
<figuras/especial1_circuito.png, id=421, 1225.57875pt x 906.38625pt>
File: figuras/especial1_circuito.png Graphic file (type png)
<use figuras/especial1_circuito.png>
Package pdftex.def Info: figuras/especial1_circuito.png  used on input line 228
.
(pdftex.def)             Requested size: 364.19667pt x 269.34554pt.
<figuras/especial1_curva.png, id=422, 1348.03625pt x 909.3975pt>
File: figuras/especial1_curva.png Graphic file (type png)
<use figuras/especial1_curva.png>
Package pdftex.def Info: figuras/especial1_curva.png  used on input line 235.
(pdftex.def)             Requested size: 364.19667pt x 245.67937pt.
<figuras/especial2_circuito.png, id=423, 1224.575pt x 904.37875pt>
File: figuras/especial2_circuito.png Graphic file (type png)
<use figuras/especial2_circuito.png>
Package pdftex.def Info: figuras/especial2_circuito.png  used on input line 243
.
(pdftex.def)             Requested size: 364.19667pt x 268.96977pt.
<figuras/especial2_curva.png, id=424, 1344.02126pt x 916.42375pt>
File: figuras/especial2_curva.png Graphic file (type png)
<use figuras/especial2_curva.png>
Package pdftex.def Info: figuras/especial2_curva.png  used on input line 250.
(pdftex.def)             Requested size: 364.19667pt x 248.31868pt.
<figuras/especial3_circuito.png, id=425, 1226.5825pt x 905.3825pt>
File: figuras/especial3_circuito.png Graphic file (type png)
<use figuras/especial3_circuito.png>
Package pdftex.def Info: figuras/especial3_circuito.png  used on input line 257
.
(pdftex.def)             Requested size: 364.19667pt x 268.82622pt.
<figuras/especial3_curva1.png, id=426, 1334.9875pt x 918.43124pt>
File: figuras/especial3_curva1.png Graphic file (type png)
<use figuras/especial3_curva1.png>
Package pdftex.def Info: figuras/especial3_curva1.png  used on input line 264.
(pdftex.def)             Requested size: 364.19667pt x 250.55835pt.
<figuras/especial3_curva2.png, id=427, 1343.0175pt x 918.43124pt>
File: figuras/especial3_curva2.png Graphic file (type png)
<use figuras/especial3_curva2.png>
Package pdftex.def Info: figuras/especial3_curva2.png  used on input line 271.
(pdftex.def)             Requested size: 364.19667pt x 249.05884pt.
) [87 <./figuras/oscujt_curva.png>] [88 <./figuras/especial1_circuito.png> <./f
iguras/especial1_curva.png>] [89 <./figuras/especial2_circuito.png> <./figuras/
especial2_curva.png>] [90 <./figuras/especial3_circuito.png> <./figuras/especia
l3_curva1.png>] [91 <./figuras/especial3_curva2.png>]
\openout2 = `biblio.aux'.


(./biblio.tex (./document.bbl)) [92



] (./document.aux (./inicio.aux)
(./realimentacion.aux) (./estabilidad.aux) (./etapassal.aux)
(./operacionales.aux) (./osc.aux) (./otros.aux) (./biblio.aux)) ) 
Here is how much of TeX's memory you used:
 4708 strings out of 483183
 68609 string characters out of 5966292
 303052 words of memory out of 5000000
 19487 multiletter control sequences out of 15000+600000
 548761 words of font info for 52 fonts, out of 8000000 for 9000
 14 hyphenation exceptions out of 8191
 30i,19n,27p,1596b,228s stack positions out of 5000i,500n,10000p,200000b,80000s
 </home/claudi
o/.texlive2019/texmf-var/fonts/pk/ljfour/jknappen/ec/ecbx1200.600pk> </home/cla
udio/.texlive2019/texmf-var/fonts/pk/ljfour/jknappen/ec/ecss1000.600pk> </home/
claudio/.texlive2019/texmf-var/fonts/pk/ljfour/jknappen/ec/ecti1000.600pk> </ho
me/claudio/.texlive2019/texmf-var/fonts/pk/ljfour/jknappen/ec/ecbx1440.600pk> <
/home/claudio/.texlive2019/texmf-var/fonts/pk/ljfour/jknappen/ec/tcrm1000.600pk
> </home/claudio/.texlive2019/texmf-var/fonts/pk/ljfour/jknappen/ec/ecbx2074.60
0pk> </home/claudio/.texlive2019/texmf-var/fonts/pk/ljfour/jknappen/ec/ecrm1000
.600pk> </home/claudio/.texlive2019/texmf-var/fonts/pk/ljfour/jknappen/ec/ecbx1
000.600pk> </home/claudio/.texlive2019/texmf-var/fonts/pk/ljfour/jknappen/ec/ec
rm1200.600pk> </home/claudio/.texlive2019/texmf-var/fonts/pk/ljfour/jknappen/ec
/ecbx2488.600pk></usr/share/texlive/texmf-dist/fonts/type1/public/amsfonts/cm/c
mex10.pfb></usr/share/texlive/texmf-dist/fonts/type1/public/amsfonts/cm/cmmi10.
pfb></usr/share/texlive/texmf-dist/fonts/type1/public/amsfonts/cm/cmmi5.pfb></u
sr/share/texlive/texmf-dist/fonts/type1/public/amsfonts/cm/cmmi7.pfb></usr/shar
e/texlive/texmf-dist/fonts/type1/public/amsfonts/cm/cmr10.pfb></usr/share/texli
ve/texmf-dist/fonts/type1/public/amsfonts/cm/cmr5.pfb></usr/share/texlive/texmf
-dist/fonts/type1/public/amsfonts/cm/cmr7.pfb></usr/share/texlive/texmf-dist/fo
nts/type1/public/amsfonts/cm/cmsy10.pfb></usr/share/texlive/texmf-dist/fonts/ty
pe1/public/amsfonts/cm/cmsy5.pfb></usr/share/texlive/texmf-dist/fonts/type1/pub
lic/amsfonts/cm/cmsy7.pfb>
Output written on document.pdf (93 pages, 6443062 bytes).
PDF statistics:
 874 PDF objects out of 1000 (max. 8388607)
 278 compressed objects within 3 object streams
 0 named destinations out of 1000 (max. 500000)
 631 words of extra memory for PDF output out of 10000 (max. 10000000)

