This is pdfTeX, Version 3.14159265-2.6-1.40.20 (TeX Live 2019/Debian) (preloaded format=pdflatex 2025.3.17)  4 AUG 2025 15:33
entering extended mode
 restricted \write18 enabled.
 %&-line parsing enabled.
**document.tex
(./document.tex
LaTeX2e <2020-02-02> patch level 2
L3 programming layer <2020-02-14>
(/usr/share/texlive/texmf-dist/tex/latex/base/report.cls
Document Class: report 2019/12/20 v1.4l Standard LaTeX document class
(/usr/share/texlive/texmf-dist/tex/latex/base/size10.clo
File: size10.clo 2019/12/20 v1.4l Standard LaTeX file (size option)
)
\c@part=\count167
\c@chapter=\count168
\c@section=\count169
\c@subsection=\count170
\c@subsubsection=\count171
\c@paragraph=\count172
\c@subparagraph=\count173
\c@figure=\count174
\c@table=\count175
\abovecaptionskip=\skip47
\belowcaptionskip=\skip48
\bibindent=\dimen134
)
(/usr/share/texlive/texmf-dist/tex/latex/base/inputenc.sty
Package: inputenc 2018/08/11 v1.3c Input encoding file
\inpenc@prehook=\toks14
\inpenc@posthook=\toks15
)
(/usr/share/texlive/texmf-dist/tex/latex/base/fontenc.sty
Package: fontenc 2020/02/11 v2.0o Standard LaTeX package
)
(/usr/share/texlive/texmf-dist/tex/generic/babel/babel.sty
Package: babel 2020/02/14 3.40 The Babel package

(/usr/share/texlive/texmf-dist/tex/generic/babel/switch.def
File: switch.def 2020/02/14 3.40 Babel switching mechanism
)
Package babel Info: You haven't specified a language. I'll use 'nil'
(babel)             as the main language. Reported on input line 572.

(/usr/share/texlive/texmf-dist/tex/generic/babel/nil.ldf
Language: nil 2020/02/14 3.40 Nil language

(/usr/share/texlive/texmf-dist/tex/generic/babel/babel.def
File: babel.def 2020/02/14 3.40 Babel common definitions
\babel@savecnt=\count176
\U@D=\dimen135

(/usr/share/texlive/texmf-dist/tex/generic/babel/txtbabel.def)
\bbl@readstream=\read2
\bbl@dirlevel=\count177
)
\l@nil=\language3
))
(/usr/share/texlive/texmf-dist/tex/latex/amsmath/amsmath.sty
Package: amsmath 2020/01/20 v2.17e AMS math features
\@mathmargin=\skip49

For additional information on amsmath, use the `?' option.
(/usr/share/texlive/texmf-dist/tex/latex/amsmath/amstext.sty
Package: amstext 2000/06/29 v2.01 AMS text

(/usr/share/texlive/texmf-dist/tex/latex/amsmath/amsgen.sty
File: amsgen.sty 1999/11/30 v2.0 generic functions
\@emptytoks=\toks16
\ex@=\dimen136
))
(/usr/share/texlive/texmf-dist/tex/latex/amsmath/amsbsy.sty
Package: amsbsy 1999/11/29 v1.2d Bold Symbols
\pmbraise@=\dimen137
)
(/usr/share/texlive/texmf-dist/tex/latex/amsmath/amsopn.sty
Package: amsopn 2016/03/08 v2.02 operator names
)
\inf@bad=\count178
LaTeX Info: Redefining \frac on input line 227.
\uproot@=\count179
\leftroot@=\count180
LaTeX Info: Redefining \overline on input line 389.
\classnum@=\count181
\DOTSCASE@=\count182
LaTeX Info: Redefining \ldots on input line 486.
LaTeX Info: Redefining \dots on input line 489.
LaTeX Info: Redefining \cdots on input line 610.
\Mathstrutbox@=\box45
\strutbox@=\box46
\big@size=\dimen138
LaTeX Font Info:    Redeclaring font encoding OML on input line 733.
LaTeX Font Info:    Redeclaring font encoding OMS on input line 734.
\macc@depth=\count183
\c@MaxMatrixCols=\count184
\dotsspace@=\muskip16
\c@parentequation=\count185
\dspbrk@lvl=\count186
\tag@help=\toks17
\row@=\count187
\column@=\count188
\maxfields@=\count189
\andhelp@=\toks18
\eqnshift@=\dimen139
\alignsep@=\dimen140
\tagshift@=\dimen141
\tagwidth@=\dimen142
\totwidth@=\dimen143
\lineht@=\dimen144
\@envbody=\toks19
\multlinegap=\skip50
\multlinetaggap=\skip51
\mathdisplay@stack=\toks20
LaTeX Info: Redefining \[ on input line 2859.
LaTeX Info: Redefining \] on input line 2860.
)
(/usr/share/texlive/texmf-dist/tex/latex/amsfonts/amsfonts.sty
Package: amsfonts 2013/01/14 v3.01 Basic AMSFonts support
\symAMSa=\mathgroup4
\symAMSb=\mathgroup5
LaTeX Font Info:    Redeclaring math symbol \hbar on input line 98.
LaTeX Font Info:    Overwriting math alphabet `\mathfrak' in version `bold'
(Font)                  U/euf/m/n --> U/euf/b/n on input line 106.
)
(/usr/share/texlive/texmf-dist/tex/latex/amsfonts/amssymb.sty
Package: amssymb 2013/01/14 v3.01 AMS font symbols
)
(/usr/share/texlive/texmf-dist/tex/latex/geometry/geometry.sty
Package: geometry 2020/01/02 v5.9 Page Geometry

(/usr/share/texlive/texmf-dist/tex/latex/graphics/keyval.sty
Package: keyval 2014/10/28 v1.15 key=value parser (DPC)
\KV@toks@=\toks21
)
(/usr/share/texlive/texmf-dist/tex/generic/iftex/ifvtex.sty
Package: ifvtex 2019/10/25 v1.7 ifvtex legacy package. Use iftex instead.

(/usr/share/texlive/texmf-dist/tex/generic/iftex/iftex.sty
Package: iftex 2019/11/07 v1.0c TeX engine tests
))
\Gm@cnth=\count190
\Gm@cntv=\count191
\c@Gm@tempcnt=\count192
\Gm@bindingoffset=\dimen145
\Gm@wd@mp=\dimen146
\Gm@odd@mp=\dimen147
\Gm@even@mp=\dimen148
\Gm@layoutwidth=\dimen149
\Gm@layoutheight=\dimen150
\Gm@layouthoffset=\dimen151
\Gm@layoutvoffset=\dimen152
\Gm@dimlist=\toks22
)
(/usr/share/texlive/texmf-dist/tex/latex/graphics/graphicx.sty
Package: graphicx 2019/11/30 v1.2a Enhanced LaTeX Graphics (DPC,SPQR)

(/usr/share/texlive/texmf-dist/tex/latex/graphics/graphics.sty
Package: graphics 2019/11/30 v1.4a Standard LaTeX Graphics (DPC,SPQR)

(/usr/share/texlive/texmf-dist/tex/latex/graphics/trig.sty
Package: trig 2016/01/03 v1.10 sin cos tan (DPC)
)
(/usr/share/texlive/texmf-dist/tex/latex/graphics-cfg/graphics.cfg
File: graphics.cfg 2016/06/04 v1.11 sample graphics configuration
)
Package graphics Info: Driver file: pdftex.def on input line 105.

(/usr/share/texlive/texmf-dist/tex/latex/graphics-def/pdftex.def
File: pdftex.def 2018/01/08 v1.0l Graphics/color driver for pdftex
))
\Gin@req@height=\dimen153
\Gin@req@width=\dimen154
)
(/usr/share/texlive/texmf-dist/tex/latex/l3backend/l3backend-pdfmode.def
File: l3backend-pdfmode.def 2020-02-03 L3 backend support: PDF mode
\l__kernel_color_stack_int=\count193
\l__pdf_internal_box=\box47
)

LaTeX Warning: Unused global option(s):
    [spanish].

(./document.aux (./realimentacion.aux) (./estabilidad.aux) (./etapassal.aux)
(./operacionales.aux) (./osc.aux

LaTeX Warning: Label `ecu24' multiply defined.


LaTeX Warning: Label `ecu24' multiply defined.

) (./fuentes.aux))
\openout1 = `document.aux'.

LaTeX Font Info:    Checking defaults for OML/cmm/m/it on input line 40.
LaTeX Font Info:    ... okay on input line 40.
LaTeX Font Info:    Checking defaults for OMS/cmsy/m/n on input line 40.
LaTeX Font Info:    ... okay on input line 40.
LaTeX Font Info:    Checking defaults for OT1/cmr/m/n on input line 40.
LaTeX Font Info:    ... okay on input line 40.
LaTeX Font Info:    Checking defaults for T1/cmr/m/n on input line 40.
LaTeX Font Info:    ... okay on input line 40.
LaTeX Font Info:    Checking defaults for TS1/cmr/m/n on input line 40.
LaTeX Font Info:    ... okay on input line 40.
LaTeX Font Info:    Checking defaults for OMX/cmex/m/n on input line 40.
LaTeX Font Info:    ... okay on input line 40.
LaTeX Font Info:    Checking defaults for U/cmr/m/n on input line 40.
LaTeX Font Info:    ... okay on input line 40.

*geometry* driver: auto-detecting
*geometry* detected driver: pdftex
*geometry* verbose mode - [ preamble ] result:
* driver: pdftex
* paper: a4paper
* layout: <same size as paper>
* layoutoffset:(h,v)=(0.0pt,0.0pt)
* modes: 
* h-part:(L,W,R)=(85.35826pt, 455.24411pt, 56.9055pt)
* v-part:(T,H,B)=(56.9055pt, 731.23584pt, 56.9055pt)
* \paperwidth=597.50787pt
* \paperheight=845.04684pt
* \textwidth=455.24411pt
* \textheight=731.23584pt
* \oddsidemargin=13.08827pt
* \evensidemargin=13.08827pt
* \topmargin=-52.36449pt
* \headheight=12.0pt
* \headsep=25.0pt
* \topskip=10.0pt
* \footskip=30.0pt
* \marginparwidth=57.0pt
* \marginparsep=11.0pt
* \columnsep=10.0pt
* \skip\footins=9.0pt plus 4.0pt minus 2.0pt
* \hoffset=0.0pt
* \voffset=0.0pt
* \mag=1000
* \@twocolumnfalse
* \@twosidefalse
* \@mparswitchfalse
* \@reversemarginfalse
* (1in=72.27pt=25.4mm, 1cm=28.453pt)

(/usr/share/texlive/texmf-dist/tex/context/base/mkii/supp-pdf.mkii
[Loading MPS to PDF converter (version 2006.09.02).]
\scratchcounter=\count194
\scratchdimen=\dimen155
\scratchbox=\box48
\nofMPsegments=\count195
\nofMParguments=\count196
\everyMPshowfont=\toks23
\MPscratchCnt=\count197
\MPscratchDim=\dimen156
\MPnumerator=\count198
\makeMPintoPDFobject=\count199
\everyMPtoPDFconversion=\toks24
) (/usr/share/texlive/texmf-dist/tex/latex/epstopdf-pkg/epstopdf-base.sty
Package: epstopdf-base 2020-01-24 v2.11 Base part for package epstopdf
Package epstopdf-base Info: Redefining graphics rule for `.eps' on input line 4
85.

(/usr/share/texlive/texmf-dist/tex/latex/latexconfig/epstopdf-sys.cfg
File: epstopdf-sys.cfg 2010/07/13 v1.3 Configuration of (r)epstopdf for TeX Liv
e
))
(./portada.tex
<figuras/logo fi unmdp.png, id=1, 635.37375pt x 144.54pt>
File: figuras/logo fi unmdp.png Graphic file (type png)
<use figuras/logo fi unmdp.png>
Package pdftex.def Info: figuras/logo fi unmdp.png  used on input line 5.
(pdftex.def)             Requested size: 455.24411pt x 103.56584pt.
 [1

{/var/lib/texmf/fonts/map/pdftex/updmap/pdftex.map} <./figuras/logo fi unmdp.pn
g>]) (./document.toc
LaTeX Font Info:    Trying to load font information for U+msa on input line 3.

(/usr/share/texlive/texmf-dist/tex/latex/amsfonts/umsa.fd
File: umsa.fd 2013/01/14 v3.01 AMS symbols A
)
LaTeX Font Info:    Trying to load font information for U+msb on input line 3.

(/usr/share/texlive/texmf-dist/tex/latex/amsfonts/umsb.fd
File: umsb.fd 2013/01/14 v3.01 AMS symbols B
) [1

])
\tf@toc=\write3
\openout3 = `document.toc'.

 [2]
\openout2 = `realimentacion.aux'.


(./realimentacion.tex
CapĂ­tulo 1.
<figuras/real1.pdf, id=18, 342.91982pt x 165.17615pt>
File: figuras/real1.pdf Graphic file (type pdf)
<use figuras/real1.pdf>
Package pdftex.def Info: figuras/real1.pdf  used on input line 51.
(pdftex.def)             Requested size: 227.62206pt x 109.64163pt.
[3


 <./figuras/real1.pdf>] [4]
<figuras/real2.pdf, id=42, 429.64008pt x 282.60855pt>
File: figuras/real2.pdf Graphic file (type pdf)
<use figuras/real2.pdf>
Package pdftex.def Info: figuras/real2.pdf  used on input line 168.
(pdftex.def)             Requested size: 361.34999pt x 237.69572pt.
<figuras/real3.pdf, id=43, 346.24446pt x 267.9627pt>
File: figuras/real3.pdf Graphic file (type pdf)
<use figuras/real3.pdf>
Package pdftex.def Info: figuras/real3.pdf  used on input line 223.
(pdftex.def)             Requested size: 361.34999pt x 279.6723pt.
 [5 <./figuras/real2.pdf>] [6 <./figuras/real3.pdf>]
<figuras/real4.pdf, id=73, 314.88718pt x 635.11662pt>
File: figuras/real4.pdf Graphic file (type pdf)
<use figuras/real4.pdf>
Package pdftex.def Info: figuras/real4.pdf  used on input line 280.
(pdftex.def)             Requested size: 289.07999pt x 583.08362pt.
<figuras/real5.pdf, id=74, 323.42815pt x 261.09343pt>
File: figuras/real5.pdf Graphic file (type pdf)
<use figuras/real5.pdf>
Package pdftex.def Info: figuras/real5.pdf  used on input line 309.
(pdftex.def)             Requested size: 289.07999pt x 233.38036pt.
<figuras/real6.pdf, id=75, 386.63048pt x 569.3987pt>
File: figuras/real6.pdf Graphic file (type pdf)
<use figuras/real6.pdf>
Package pdftex.def Info: figuras/real6.pdf  used on input line 337.
(pdftex.def)             Requested size: 289.07999pt x 425.73604pt.
 [7] [8 <./figuras/real4.pdf>] [9 <./figuras/real5.pdf> <./figuras/real6.pdf

pdfTeX warning: pdflatex (file ./figuras/real6.pdf): PDF inclusion: multiple pd
fs with page group included in a single page
>]
<figuras/real7.pdf, id=108, 407.31343pt x 566.8177pt>
File: figuras/real7.pdf Graphic file (type pdf)
<use figuras/real7.pdf>
Package pdftex.def Info: figuras/real7.pdf  used on input line 381.
(pdftex.def)             Requested size: 289.07999pt x 402.31364pt.
 [10 <./figuras/real7.pdf>]
<figuras/real8.pdf, id=120, 351.70769pt x 482.15388pt>
File: figuras/real8.pdf Graphic file (type pdf)
<use figuras/real8.pdf>
Package pdftex.def Info: figuras/real8.pdf  used on input line 423.
(pdftex.def)             Requested size: 289.07999pt x 396.31781pt.
 [11 <./figuras/real8.pdf>]
<figuras/real9.pdf, id=136, 333.51009pt x 437.60957pt>
File: figuras/real9.pdf Graphic file (type pdf)
<use figuras/real9.pdf>
Package pdftex.def Info: figuras/real9.pdf  used on input line 490.
(pdftex.def)             Requested size: 289.07999pt x 379.32167pt.
<figuras/real10.pdf, id=137, 244.7183pt x 206.62083pt>
File: figuras/real10.pdf Graphic file (type pdf)
<use figuras/real10.pdf>
Package pdftex.def Info: figuras/real10.pdf  used on input line 523.
(pdftex.def)             Requested size: 289.07999pt x 244.10365pt.
 [12] [13 <./figuras/real9.pdf> <./figuras/real10.pdf

pdfTeX warning: pdflatex (file ./figuras/real10.pdf): PDF inclusion: multiple p
dfs with page group included in a single page
>]
<figuras/real11.png, id=167, 527.9725pt x 670.505pt>
File: figuras/real11.png Graphic file (type png)
<use figuras/real11.png>
Package pdftex.def Info: figuras/real11.png  used on input line 552.
(pdftex.def)             Requested size: 289.07999pt x 367.12146pt.
 [14 <./figuras/real11.png>]
<figuras/real12.pdf, id=171, 266.37944pt x 335.33597pt>
File: figuras/real12.pdf Graphic file (type pdf)
<use figuras/real12.pdf>
Package pdftex.def Info: figuras/real12.pdf  used on input line 596.
(pdftex.def)             Requested size: 289.07999pt x 363.91763pt.
 [15 <./figuras/real12.pdf>]
<figuras/real13.pdf, id=186, 279.92963pt x 374.61351pt>
File: figuras/real13.pdf Graphic file (type pdf)
<use figuras/real13.pdf>
Package pdftex.def Info: figuras/real13.pdf  used on input line 640.
(pdftex.def)             Requested size: 289.07999pt x 386.88512pt.
<figuras/real14.pdf, id=187, 210.52292pt x 404.67072pt>
File: figuras/real14.pdf Graphic file (type pdf)
<use figuras/real14.pdf>
Package pdftex.def Info: figuras/real14.pdf  used on input line 682.
(pdftex.def)             Requested size: 216.81pt x 416.76608pt.
 [16] [17 <./figuras/real13.pdf>] [18 <./figuras/real14.pdf>]
<figuras/real15.pdf, id=222, 248.96149pt x 206.62076pt>
File: figuras/real15.pdf Graphic file (type pdf)
<use figuras/real15.pdf>
Package pdftex.def Info: figuras/real15.pdf  used on input line 717.
(pdftex.def)             Requested size: 289.07999pt x 239.93875pt.
<figuras/real16.pdf, id=223, 243.31586pt x 338.72302pt>
File: figuras/real16.pdf Graphic file (type pdf)
<use figuras/real16.pdf>
Package pdftex.def Info: figuras/real16.pdf  used on input line 747.
(pdftex.def)             Requested size: 289.07999pt x 402.43416pt.
 [19 <./figuras/real15.pdf>] [20 <./figuras/real16.pdf>]
<figuras/real17.pdf, id=256, 268.72018pt x 298.0762pt>
File: figuras/real17.pdf Graphic file (type pdf)
<use figuras/real17.pdf>
Package pdftex.def Info: figuras/real17.pdf  used on input line 791.
(pdftex.def)             Requested size: 289.07999pt x 320.65762pt.
 [21 <./figuras/real17.pdf>]
<figuras/real18.pdf, id=270, 345.49744pt x 405.76805pt>
File: figuras/real18.pdf Graphic file (type pdf)
<use figuras/real18.pdf>
Package pdftex.def Info: figuras/real18.pdf  used on input line 839.
(pdftex.def)             Requested size: 289.07999pt x 339.53023pt.

Overfull \hbox (18.97708pt too wide) in paragraph at lines 850--852
[]\T1/cmr/m/n/10 Del método explicado previamente se obtiene del circuito de la
 figura 1.19[] b), la ganancia de transresistencia
 []


Overfull \hbox (9.58682pt too wide) in paragraph at lines 850--852
\T1/cmr/m/n/10 sin realimentar y las impedancias de entrada y salida sin realim
entar anulando el generador de realimentación
 []

<figuras/real19.pdf, id=271, 211.19835pt x 430.00612pt>
File: figuras/real19.pdf Graphic file (type pdf)
<use figuras/real19.pdf>
Package pdftex.def Info: figuras/real19.pdf  used on input line 872.
(pdftex.def)             Requested size: 216.81pt x 441.44806pt.
[22] [23 <./figuras/real18.pdf>] [24 <./figuras/real19.pdf>]
<figuras/real20.pdf, id=306, 231.24469pt x 171.96098pt>
File: figuras/real20.pdf Graphic file (type pdf)
<use figuras/real20.pdf>
Package pdftex.def Info: figuras/real20.pdf  used on input line 905.
(pdftex.def)             Requested size: 289.07999pt x 214.99268pt.
<figuras/real21.pdf, id=307, 263.07507pt x 323.48053pt>
File: figuras/real21.pdf Graphic file (type pdf)
<use figuras/real21.pdf>
Package pdftex.def Info: figuras/real21.pdf  used on input line 935.
(pdftex.def)             Requested size: 289.07999pt x 355.46936pt.
 [25 <./figuras/real20.pdf>] [26 <./figuras/real21.pdf>]
<figuras/real22.pdf, id=334, 260.81688pt x 313.3186pt>
File: figuras/real22.pdf Graphic file (type pdf)
<use figuras/real22.pdf>
Package pdftex.def Info: figuras/real22.pdf  used on input line 980.
(pdftex.def)             Requested size: 289.07999pt x 347.27142pt.
 [27 <./figuras/real22.pdf>]
<figuras/real23.pdf, id=349, 285.75317pt x 433.9632pt>
File: figuras/real23.pdf Graphic file (type pdf)
<use figuras/real23.pdf>
Package pdftex.def Info: figuras/real23.pdf  used on input line 1022.
(pdftex.def)             Requested size: 289.07999pt x 439.01453pt.
<figuras/real24.png, id=350, 383.4325pt x 589.20125pt>
File: figuras/real24.png Graphic file (type png)
<use figuras/real24.png>
Package pdftex.def Info: figuras/real24.png  used on input line 1068.
(pdftex.def)             Requested size: 216.81pt x 333.16904pt.
) [28]
[29 <./figuras/real23.pdf>] [30 <./figuras/real24.png>]
\openout2 = `estabilidad.aux'.

 (./estabilidad.tex
CapĂ­tulo 2.
<figuras/estab1.pdf, id=373, 601.24625pt x 380.22049pt>
File: figuras/estab1.pdf Graphic file (type pdf)
<use figuras/estab1.pdf>
Package pdftex.def Info: figuras/estab1.pdf  used on input line 39.
(pdftex.def)             Requested size: 361.34999pt x 228.52275pt.
<figuras/estab2.png, id=374, 943.525pt x 439.6425pt>
File: figuras/estab2.png Graphic file (type png)
<use figuras/estab2.png>
Package pdftex.def Info: figuras/estab2.png  used on input line 46.
(pdftex.def)             Requested size: 361.34999pt x 168.37401pt.
<figuras/estab3.png, id=375, 750.805pt x 416.55624pt>
File: figuras/estab3.png Graphic file (type png)
<use figuras/estab3.png>
Package pdftex.def Info: figuras/estab3.png  used on input line 88.
(pdftex.def)             Requested size: 361.34999pt x 200.48499pt.
[31



] [32 <./figuras/estab1.pdf> <./figuras/estab2.png> <./figuras/estab3.png>]
<figuras/estab4.png, id=429, 782.925pt x 416.55624pt>
File: figuras/estab4.png Graphic file (type png)
<use figuras/estab4.png>
Package pdftex.def Info: figuras/estab4.png  used on input line 120.
(pdftex.def)             Requested size: 361.34999pt x 192.26016pt.

[33 <./figuras/estab4.png>]
<figuras/estab5.png, id=433, 953.5625pt x 577.15625pt>
File: figuras/estab5.png Graphic file (type png)
<use figuras/estab5.png>
Package pdftex.def Info: figuras/estab5.png  used on input line 177.
(pdftex.def)             Requested size: 361.34999pt x 218.71399pt.
<figuras/estab6.png, id=434, 946.53625pt x 670.505pt>
File: figuras/estab6.png Graphic file (type png)
<use figuras/estab6.png>
Package pdftex.def Info: figuras/estab6.png  used on input line 193.
(pdftex.def)             Requested size: 361.34999pt x 255.97112pt.
<figuras/estab7.png, id=435, 926.46124pt x 674.52pt>
File: figuras/estab7.png Graphic file (type png)
<use figuras/estab7.png>
Package pdftex.def Info: figuras/estab7.png  used on input line 213.
(pdftex.def)             Requested size: 361.34999pt x 263.08232pt.
 [34 <./figuras/estab5.png>] [35 <./figuras/estab6.png> <./figuras/estab7.png>]
<figuras/estab8.png, id=443, 896.34875pt x 641.39626pt>
File: figuras/estab8.png Graphic file (type png)
<use figuras/estab8.png>
Package pdftex.def Info: figuras/estab8.png  used on input line 272.
(pdftex.def)             Requested size: 361.34999pt x 258.57005pt.


LaTeX Warning: Command \textdegree invalid in math mode on input line 284.


LaTeX Warning: Command \textdegree invalid in math mode on input line 284.

Missing character: There is no ° in font cmr10!

LaTeX Warning: Command \textdegree invalid in math mode on input line 288.


LaTeX Warning: Command \textdegree invalid in math mode on input line 288.

Missing character: There is no ° in font cmr10!

LaTeX Warning: Command \textdegree invalid in math mode on input line 289.


LaTeX Warning: Command \textdegree invalid in math mode on input line 289.

Missing character: There is no ° in font cmr10!
[36 <./figuras/estab8.png>]

LaTeX Warning: Command \textdegree invalid in math mode on input line 297.


LaTeX Warning: Command \textdegree invalid in math mode on input line 297.

Missing character: There is no ° in font cmr10!

LaTeX Warning: Command \textdegree invalid in math mode on input line 301.


LaTeX Warning: Command \textdegree invalid in math mode on input line 301.

Missing character: There is no ° in font cmr10!

LaTeX Warning: Command \textdegree invalid in math mode on input line 303.


LaTeX Warning: Command \textdegree invalid in math mode on input line 303.

Missing character: There is no ° in font cmr7!

LaTeX Warning: Command \textdegree invalid in math mode on input line 304.


LaTeX Warning: Command \textdegree invalid in math mode on input line 304.

Missing character: There is no ° in font cmr10!

LaTeX Warning: Command \textdegree invalid in math mode on input line 309.


LaTeX Warning: Command \textdegree invalid in math mode on input line 309.

Missing character: There is no ° in font cmr7!

LaTeX Warning: Command \textdegree invalid in math mode on input line 313.


LaTeX Warning: Command \textdegree invalid in math mode on input line 313.

Missing character: There is no ° in font cmr10!

Overfull \hbox (6.21729pt too wide) in paragraph at lines 315--326
\T1/cmr/m/n/10 márgenes de fase y ganancia deben ser positivos. En los casos en
 que dichos márgenes no estén unívocamente
 []

<figuras/estab9.png, id=448, 566.115pt x 518.93875pt>
File: figuras/estab9.png Graphic file (type png)
<use figuras/estab9.png>
Package pdftex.def Info: figuras/estab9.png  used on input line 355.
(pdftex.def)             Requested size: 361.34999pt x 331.24864pt.
<figuras/estab10.png, id=449, 940.51375pt x 665.48625pt>
File: figuras/estab10.png Graphic file (type png)
<use figuras/estab10.png>
Package pdftex.def Info: figuras/estab10.png  used on input line 361.
(pdftex.def)             Requested size: 361.34999pt x 255.67989pt.

LaTeX Warning: Command \textdegree invalid in math mode on input line 369.


LaTeX Warning: Command \textdegree invalid in math mode on input line 369.

Missing character: There is no ° in font cmr10!

LaTeX Warning: Command \textdegree invalid in math mode on input line 381.


LaTeX Warning: Command \textdegree invalid in math mode on input line 381.

Missing character: There is no ° in font cmr10!

LaTeX Warning: Command \textdegree invalid in math mode on input line 389.


LaTeX Warning: Command \textdegree invalid in math mode on input line 389.

Missing character: There is no ° in font cmr7!

LaTeX Warning: Command \textdegree invalid in math mode on input line 393.


LaTeX Warning: Command \textdegree invalid in math mode on input line 393.

Missing character: There is no ° in font cmr10!

LaTeX Warning: Command \textdegree invalid in math mode on input line 395.


LaTeX Warning: Command \textdegree invalid in math mode on input line 395.

Missing character: There is no ° in font cmr10!

LaTeX Warning: Command \textdegree invalid in math mode on input line 396.


LaTeX Warning: Command \textdegree invalid in math mode on input line 396.

Missing character: There is no ° in font cmr10!

LaTeX Warning: Command \textdegree invalid in math mode on input line 398.


LaTeX Warning: Command \textdegree invalid in math mode on input line 398.

Missing character: There is no ° in font cmr10!
[37] [38 <./figuras/estab9.png> <./figuras/estab10.png>]

LaTeX Warning: Command \textdegree invalid in math mode on input line 420.


LaTeX Warning: Command \textdegree invalid in math mode on input line 420.

Missing character: There is no ° in font cmr10!

LaTeX Warning: Command \textdegree invalid in math mode on input line 428.


LaTeX Warning: Command \textdegree invalid in math mode on input line 428.

Missing character: There is no ° in font cmr10!

LaTeX Warning: Command \textdegree invalid in math mode on input line 443.


LaTeX Warning: Command \textdegree invalid in math mode on input line 443.

Missing character: There is no ° in font cmr10!

LaTeX Warning: Command \textdegree invalid in math mode on input line 467.


LaTeX Warning: Command \textdegree invalid in math mode on input line 467.

Missing character: There is no ° in font cmr10!

LaTeX Warning: Command \textdegree invalid in math mode on input line 473.


LaTeX Warning: Command \textdegree invalid in math mode on input line 473.

Missing character: There is no ° in font cmr10!

LaTeX Warning: Command \textdegree invalid in math mode on input line 477.


LaTeX Warning: Command \textdegree invalid in math mode on input line 477.

Missing character: There is no ° in font cmr10!

LaTeX Warning: Command \textdegree invalid in math mode on input line 480.


LaTeX Warning: Command \textdegree invalid in math mode on input line 480.

Missing character: There is no ° in font cmr10!

LaTeX Warning: Command \textdegree invalid in math mode on input line 481.


LaTeX Warning: Command \textdegree invalid in math mode on input line 481.

Missing character: There is no ° in font cmr10!

Overfull \hbox (2.09464pt too wide) in paragraph at lines 482--487
[]\T1/cmr/m/n/10 d) Utilizar la frecuencia $\OML/cmm/m/it/10 w[]$ \T1/cmr/m/n/1
0 como frecuencia de $\OT1/cmr/m/n/10 0\OML/cmm/m/it/10 dB$ \T1/cmr/m/n/10 en e
l gráfico de amplitud del sistema compensado.
 []


LaTeX Warning: Command \textdegree invalid in math mode on input line 500.


LaTeX Warning: Command \textdegree invalid in math mode on input line 500.

Missing character: There is no ° in font cmr10!
[39]
<figuras/estab11.png, id=460, 1159.33125pt x 525.965pt>
File: figuras/estab11.png Graphic file (type png)
<use figuras/estab11.png>
Package pdftex.def Info: figuras/estab11.png  used on input line 505.
(pdftex.def)             Requested size: 289.07999pt x 131.14581pt.
<figuras/estab12.png, id=461, 974.64125pt x 652.4375pt>
File: figuras/estab12.png Graphic file (type png)
<use figuras/estab12.png>
Package pdftex.def Info: figuras/estab12.png  used on input line 512.
(pdftex.def)             Requested size: 361.34999pt x 241.88591pt.


LaTeX Warning: Command \textdegree invalid in math mode on input line 542.


LaTeX Warning: Command \textdegree invalid in math mode on input line 542.

Missing character: There is no ° in font cmr10!
[40 <./figuras/estab11.png> <./figuras/estab12.png>]

LaTeX Warning: Command \textdegree invalid in math mode on input line 550.


LaTeX Warning: Command \textdegree invalid in math mode on input line 550.

Missing character: There is no ° in font cmr10!

LaTeX Warning: Command \textdegree invalid in math mode on input line 550.


LaTeX Warning: Command \textdegree invalid in math mode on input line 550.

Missing character: There is no ° in font cmr10!
<figuras/estab13.png, id=465, 964.60374pt x 660.4675pt>
File: figuras/estab13.png Graphic file (type png)
<use figuras/estab13.png>
Package pdftex.def Info: figuras/estab13.png  used on input line 577.
(pdftex.def)             Requested size: 361.34999pt x 247.41267pt.

Overfull \hbox (0.45016pt too wide) in paragraph at lines 581--591
\T1/cmr/m/n/10 operacionales con tecnología bipolar), suele encontrarse ese pri
mer polo en una de las etapas amplificadoras
 []

[41 <./figuras/estab13.png>]
<figuras/estab14.png, id=469, 958.58125pt x 675.52374pt>
File: figuras/estab14.png Graphic file (type png)
<use figuras/estab14.png>
Package pdftex.def Info: figuras/estab14.png  used on input line 626.
(pdftex.def)             Requested size: 361.34999pt x 254.65047pt.


LaTeX Warning: Command \textdegree invalid in math mode on input line 633.


LaTeX Warning: Command \textdegree invalid in math mode on input line 633.

Missing character: There is no ° in font cmr10!

LaTeX Warning: Command \textdegree invalid in math mode on input line 636.


LaTeX Warning: Command \textdegree invalid in math mode on input line 636.

Missing character: There is no ° in font cmr10!
<figuras/estab15.png, id=470, 962.59625pt x 640.3925pt>
File: figuras/estab15.png Graphic file (type png)
<use figuras/estab15.png>
Package pdftex.def Info: figuras/estab15.png  used on input line 648.
(pdftex.def)             Requested size: 361.34999pt x 240.39088pt.
<figuras/estab16.png, id=471, 657.45625pt x 457.71pt>
File: figuras/estab16.png Graphic file (type png)
<use figuras/estab16.png>
Package pdftex.def Info: figuras/estab16.png  used on input line 661.
(pdftex.def)             Requested size: 289.07999pt x 201.25334pt.
[42 <./figuras/estab14.png>] [43 <./figuras/estab15.png> <./figuras/estab16.png
>]

LaTeX Warning: Command \textdegree invalid in math mode on input line 691.


LaTeX Warning: Command \textdegree invalid in math mode on input line 691.

Missing character: There is no ° in font cmr10!

LaTeX Warning: Command \textdegree invalid in math mode on input line 693.


LaTeX Warning: Command \textdegree invalid in math mode on input line 693.

Missing character: There is no ° in font cmr10!
<figuras/estab17.png, id=479, 1010.77625pt x 670.505pt>
File: figuras/estab17.png Graphic file (type png)
<use figuras/estab17.png>
Package pdftex.def Info: figuras/estab17.png  used on input line 713.
(pdftex.def)             Requested size: 361.34999pt x 239.70372pt.
<figuras/estab18.png, id=480, 713.66624pt x 523.9575pt>
File: figuras/estab18.png Graphic file (type png)
<use figuras/estab18.png>
Package pdftex.def Info: figuras/estab18.png  used on input line 731.
(pdftex.def)             Requested size: 289.07999pt x 212.2336pt.
[44 <./figuras/estab17.png>]

LaTeX Warning: Command \textdegree invalid in math mode on input line 746.


LaTeX Warning: Command \textdegree invalid in math mode on input line 746.

Missing character: There is no ° in font cmr10!

LaTeX Warning: Command \textdegree invalid in math mode on input line 748.


LaTeX Warning: Command \textdegree invalid in math mode on input line 748.

Missing character: There is no ° in font cmr10!
<figuras/estab19.png, id=484, 980.66376pt x 648.4225pt>
File: figuras/estab19.png Graphic file (type png)
<use figuras/estab19.png>
Package pdftex.def Info: figuras/estab19.png  used on input line 756.
(pdftex.def)             Requested size: 361.34999pt x 238.92316pt.
<figuras/estab21.png, id=485, 787.94376pt x 666.49pt>
File: figuras/estab21.png Graphic file (type png)
<use figuras/estab21.png>
Package pdftex.def Info: figuras/estab21.png  used on input line 802.
(pdftex.def)             Requested size: 361.34999pt x 305.64333pt.
<figuras/estab22.png, id=486, 803.0pt x 674.52pt>
File: figuras/estab22.png Graphic file (type png)
<use figuras/estab22.png>
Package pdftex.def Info: figuras/estab22.png  used on input line 808.
(pdftex.def)             Requested size: 361.34999pt x 303.54149pt.
[45 <./figuras/estab18.png>] [46 <./figuras/estab19.png> <./figuras/estab21.png
>] [47 <./figuras/estab22.png>] [48]
<figuras/estab23.png, id=500, 1012.78375pt x 678.535pt>
File: figuras/estab23.png Graphic file (type png)
<use figuras/estab23.png>
Package pdftex.def Info: figuras/estab23.png  used on input line 991.
(pdftex.def)             Requested size: 361.34999pt x 242.0878pt.
 [49 <./figuras/estab23.png>]

LaTeX Warning: Command \textdegree invalid in math mode on input line 1063.


LaTeX Warning: Command \textdegree invalid in math mode on input line 1063.

Missing character: There is no ° in font cmr10!

LaTeX Warning: Command \textdegree invalid in math mode on input line 1063.


LaTeX Warning: Command \textdegree invalid in math mode on input line 1063.

Missing character: There is no ° in font cmr10!

LaTeX Warning: Command \textdegree invalid in math mode on input line 1064.


LaTeX Warning: Command \textdegree invalid in math mode on input line 1064.

Missing character: There is no ° in font cmr10!
<figuras/estab24.png, id=505, 993.7125pt x 670.505pt>
File: figuras/estab24.png Graphic file (type png)
<use figuras/estab24.png>
Package pdftex.def Info: figuras/estab24.png  used on input line 1074.
(pdftex.def)             Requested size: 361.34999pt x 243.8166pt.
[50 <./figuras/estab24.png>]

LaTeX Warning: Command \textdegree invalid in math mode on input line 1092.


LaTeX Warning: Command \textdegree invalid in math mode on input line 1092.

Missing character: There is no ° in font cmr10!
<figuras/estab25.png, id=509, 994.71625pt x 676.5275pt>
File: figuras/estab25.png Graphic file (type png)
<use figuras/estab25.png>
Package pdftex.def Info: figuras/estab25.png  used on input line 1103.
(pdftex.def)             Requested size: 361.34999pt x 245.75882pt.
) [51 <./figuras/estab25.png>]
\openout2 = `etapassal.aux'.

 (./etapassal.tex
CapĂ­tulo 3.
<figuras/claseb1.png, id=513, 589.20125pt x 608.2725pt>
File: figuras/claseb1.png Graphic file (type png)
<use figuras/claseb1.png>
Package pdftex.def Info: figuras/claseb1.png  used on input line 59.
(pdftex.def)             Requested size: 252.94499pt x 261.13441pt.
<figuras/claseb2.png, id=514, 955.57pt x 672.5125pt>
File: figuras/claseb2.png Graphic file (type png)
<use figuras/claseb2.png>
Package pdftex.def Info: figuras/claseb2.png  used on input line 65.
(pdftex.def)             Requested size: 325.215pt x 228.87697pt.
<figuras/claseb3.png, id=515, 579.16376pt x 546.04pt>
File: figuras/claseb3.png Graphic file (type png)
<use figuras/claseb3.png>
Package pdftex.def Info: figuras/claseb3.png  used on input line 95.
(pdftex.def)             Requested size: 252.94499pt x 238.47531pt.
[52



] [53 <./figuras/claseb1.png> <./figuras/claseb2.png>]
<figuras/claseb4.png, id=522, 932.48375pt x 662.475pt>
File: figuras/claseb4.png Graphic file (type png)
<use figuras/claseb4.png>
Package pdftex.def Info: figuras/claseb4.png  used on input line 110.
(pdftex.def)             Requested size: 325.215pt x 231.04082pt.
<figuras/claseb5.png, id=523, 934.49126pt x 635.37375pt>
File: figuras/claseb5.png Graphic file (type png)
<use figuras/claseb5.png>
Package pdftex.def Info: figuras/claseb5.png  used on input line 117.
(pdftex.def)             Requested size: 325.215pt x 221.11409pt.
<figuras/claseb6.png, id=524, 435.6275pt x 632.3625pt>
File: figuras/claseb6.png Graphic file (type png)
<use figuras/claseb6.png>
Package pdftex.def Info: figuras/claseb6.png  used on input line 143.
(pdftex.def)             Requested size: 252.94499pt x 367.17577pt.
 [54 <./figuras/claseb3.png>] [55 <./figuras/claseb4.png> <./figuras/claseb5.pn
g>] [56 <./figuras/claseb6.png>] [57]
<figuras/claseb7.png, id=539, 349.305pt x 826.08624pt>
File: figuras/claseb7.png Graphic file (type png)
<use figuras/claseb7.png>
Package pdftex.def Info: figuras/claseb7.png  used on input line 355.
(pdftex.def)             Requested size: 252.94499pt x 598.2102pt.
<figuras/claseb8.png, id=540, 489.83pt x 424.58624pt>
File: figuras/claseb8.png Graphic file (type png)
<use figuras/claseb8.png>
Package pdftex.def Info: figuras/claseb8.png  used on input line 369.
(pdftex.def)             Requested size: 252.94499pt x 219.25067pt.
 [58] [59 <./figuras/claseb7.png>]
<figuras/claseb9.png, id=548, 945.5325pt x 650.43pt>
File: figuras/claseb9.png Graphic file (type png)
<use figuras/claseb9.png>
Package pdftex.def Info: figuras/claseb9.png  used on input line 427.
(pdftex.def)             Requested size: 325.215pt x 223.71378pt.
<figuras/claseb10.png, id=549, 484.81125pt x 583.17876pt>
File: figuras/claseb10.png Graphic file (type png)
<use figuras/claseb10.png>
Package pdftex.def Info: figuras/claseb10.png  used on input line 441.
(pdftex.def)             Requested size: 252.94499pt x 304.26913pt.
 [60 <./figuras/claseb8.png> <./figuras/claseb9.png>]
<figuras/claseb11.png, id=554, 364.36125pt x 393.47pt>
File: figuras/claseb11.png Graphic file (type png)
<use figuras/claseb11.png>
Package pdftex.def Info: figuras/claseb11.png  used on input line 473.
(pdftex.def)             Requested size: 216.81pt x 234.12656pt.
<figuras/claseb12.png, id=555, 493.845pt x 588.1975pt>
File: figuras/claseb12.png Graphic file (type png)
<use figuras/claseb12.png>
Package pdftex.def Info: figuras/claseb12.png  used on input line 501.
(pdftex.def)             Requested size: 252.94499pt x 301.26918pt.
 [61 <./figuras/claseb10.png>] [62 <./figuras/claseb11.png> <./figuras/claseb12
.png>]
<figuras/claseb13.png, id=562, 606.265pt x 363.3575pt>
File: figuras/claseb13.png Graphic file (type png)
<use figuras/claseb13.png>
Package pdftex.def Info: figuras/claseb13.png  used on input line 528.
(pdftex.def)             Requested size: 252.94499pt x 151.60002pt.
<figuras/claseb14.png, id=563, 316.18124pt x 576.1525pt>
File: figuras/claseb14.png Graphic file (type png)
<use figuras/claseb14.png>
Package pdftex.def Info: figuras/claseb14.png  used on input line 578.
(pdftex.def)             Requested size: 144.54pt x 263.38937pt.
 [63 <./figuras/claseb13.png>] [64 <./figuras/claseb14.png>]) [65]
\openout2 = `operacionales.aux'.

 (./operacionales.tex
CapĂ­tulo 4.
<figuras/ao1.pdf, id=573, 328.61531pt x 272.23114pt>
File: figuras/ao1.pdf Graphic file (type pdf)
<use figuras/ao1.pdf>
Package pdftex.def Info: figuras/ao1.pdf  used on input line 35.
(pdftex.def)             Requested size: 144.54pt x 119.74052pt.
[66



 <./figuras/ao1.pdf>]
<figuras/ao2.png, id=586, 475.7775pt x 538.01pt>
File: figuras/ao2.png Graphic file (type png)
<use figuras/ao2.png>
Package pdftex.def Info: figuras/ao2.png  used on input line 67.
(pdftex.def)             Requested size: 216.81pt x 245.17256pt.
<figuras/ao3.pdf, id=587, 427.00655pt x 145.0704pt>
File: figuras/ao3.pdf Graphic file (type pdf)
<use figuras/ao3.pdf>
Package pdftex.def Info: figuras/ao3.pdf  used on input line 110.
(pdftex.def)             Requested size: 361.34999pt x 122.76587pt.
<figuras/ao4.png, id=588, 542.025pt x 682.55pt>
File: figuras/ao4.png Graphic file (type png)
<use figuras/ao4.png>
Package pdftex.def Info: figuras/ao4.png  used on input line 129.
(pdftex.def)             Requested size: 361.34999pt x 455.04611pt.

Overfull \hbox (5.73032pt too wide) in paragraph at lines 133--138
[]\T1/cmr/m/n/10 Como sabemos de la teoría de realimentación, la impedancia de 
entrada realimentada se ve incrementada
 []

[67 <./figuras/ao2.png>] [68 <./figuras/ao3.pdf> <./figuras/AO4.png>]
<figuras/ao5.png, id=603, 563.10374pt x 709.65125pt>
File: figuras/ao5.png Graphic file (type png)
<use figuras/ao5.png>
Package pdftex.def Info: figuras/ao5.png  used on input line 151.
(pdftex.def)             Requested size: 361.34999pt x 455.38802pt.

Overfull \hbox (1.86893pt too wide) in paragraph at lines 158--162
  \T1/cmr/m/n/10 Si bien no se estudiará en detalle la estructura y arquitectur
a interna de los amplificadores operacionales,
 []

[69 <./figuras/AO5.png>]

LaTeX Warning: Command \textdegree invalid in math mode on input line 191.


LaTeX Warning: Command \textdegree invalid in math mode on input line 191.

Missing character: There is no ° in font cmr10!
<figuras/ao6.png, id=607, 696.6025pt x 848.16875pt>
File: figuras/ao6.png Graphic file (type png)
<use figuras/ao6.png>
Package pdftex.def Info: figuras/ao6.png  used on input line 203.
(pdftex.def)             Requested size: 361.34999pt x 439.9761pt.
[70 <./figuras/AO6.png>]
<figuras/ao7.png, id=611, 588.1975pt x 710.655pt>
File: figuras/ao7.png Graphic file (type png)
<use figuras/ao7.png>
Package pdftex.def Info: figuras/ao7.png  used on input line 257.
(pdftex.def)             Requested size: 216.81pt x 261.95145pt.
<figuras/ao8.png, id=612, 709.65125pt x 561.09625pt>
File: figuras/ao8.png Graphic file (type png)
<use figuras/ao8.png>
Package pdftex.def Info: figuras/ao8.png  used on input line 264.
(pdftex.def)             Requested size: 216.81pt x 171.42091pt.
 [71 <./figuras/AO7.png>]
<figuras/ao9.png, id=616, 517.935pt x 687.56876pt>
File: figuras/ao9.png Graphic file (type png)
<use figuras/ao9.png>
Package pdftex.def Info: figuras/ao9.png  used on input line 301.
(pdftex.def)             Requested size: 289.07999pt x 383.7769pt.
 [72 <./figuras/AO8.png>]
[73 <./figuras/AO9.png>]
<figuras/ao10.png, id=624, 1008.76875pt x 800.9925pt>
File: figuras/ao10.png Graphic file (type png)
<use figuras/ao10.png>
Package pdftex.def Info: figuras/ao10.png  used on input line 373.
(pdftex.def)             Requested size: 289.07999pt x 229.53189pt.


LaTeX Warning: Command \textdegree invalid in math mode on input line 380.


LaTeX Warning: Command \textdegree invalid in math mode on input line 380.

Missing character: There is no ° in font cmr10!

LaTeX Warning: Command \textdegree invalid in math mode on input line 381.


LaTeX Warning: Command \textdegree invalid in math mode on input line 381.

Missing character: There is no ° in font cmr10!

LaTeX Warning: Command \textdegree invalid in math mode on input line 384.


LaTeX Warning: Command \textdegree invalid in math mode on input line 384.

Missing character: There is no ° in font cmr10!

LaTeX Warning: Command \textdegree invalid in math mode on input line 384.


LaTeX Warning: Command \textdegree invalid in math mode on input line 384.

Missing character: There is no ° in font cmr10!
<figuras/ao11.png, id=625, 490.83376pt x 787.94376pt>
File: figuras/ao11.png Graphic file (type png)
<use figuras/ao11.png>
Package pdftex.def Info: figuras/ao11.png  used on input line 412.
(pdftex.def)             Requested size: 289.07999pt x 464.07724pt.
[74 <./figuras/AO10.png>] [75 <./figuras/AO11.png>]
<figuras/ao12.png, id=633, 1447.4075pt x 585.18625pt>
File: figuras/ao12.png Graphic file (type png)
<use figuras/ao12.png>
Package pdftex.def Info: figuras/ao12.png  used on input line 473.
(pdftex.def)             Requested size: 289.07999pt x 116.87445pt.
<figuras/ao13.png, id=634, 948.54375pt x 616.3025pt>
File: figuras/ao13.png Graphic file (type png)
<use figuras/ao13.png>
Package pdftex.def Info: figuras/ao13.png  used on input line 480.
(pdftex.def)             Requested size: 289.07999pt x 187.82622pt.
 [76 <./figuras/AO12.png>]
Overfull \hbox (2.17563pt too wide) in paragraph at lines 509--513
[]\T1/cmr/m/n/10 Las principales características y parámetros eléctricos sumini
strados por los fabricantes son enumerados
 []

[77 <./figuras/AO13.png>]
<figuras/ao14.png, id=642, 547.04375pt x 793.96625pt>
File: figuras/ao14.png Graphic file (type png)
<use figuras/ao14.png>
Package pdftex.def Info: figuras/ao14.png  used on input line 588.
(pdftex.def)             Requested size: 289.07999pt x 419.56438pt.
<figuras/ao15.png, id=643, 1064.97874pt x 559.08875pt>
File: figuras/ao15.png Graphic file (type png)
<use figuras/ao15.png>
Package pdftex.def Info: figuras/ao15.png  used on input line 605.
(pdftex.def)             Requested size: 216.81pt x 113.82054pt.
 [78] [79 <./figuras/AO14.png> <./figuras/AO15.png>]
<figuras/ao16.png, id=651, 1003.75pt x 594.22pt>
File: figuras/ao16.png Graphic file (type png)
<use figuras/ao16.png>
Package pdftex.def Info: figuras/ao16.png  used on input line 641.
(pdftex.def)             Requested size: 216.81pt x 128.34416pt.
<figuras/ao17.png, id=652, 1203.49625pt x 782.925pt>
File: figuras/ao17.png Graphic file (type png)
<use figuras/ao17.png>
Package pdftex.def Info: figuras/ao17.png  used on input line 647.
(pdftex.def)             Requested size: 216.81pt x 141.03989pt.

[80 <./figuras/AO16.png> <./figuras/AO17.png>]
<figuras/ao18.png, id=656, 549.05125pt x 593.21625pt>
File: figuras/ao18.png Graphic file (type png)
<use figuras/ao18.png>
Package pdftex.def Info: figuras/ao18.png  used on input line 693.
(pdftex.def)             Requested size: 289.07999pt x 312.33931pt.
 [81 <./figuras/AO18.png>]
<figuras/ao19.png, id=660, 841.1425pt x 700.6175pt>
File: figuras/ao19.png Graphic file (type png)
<use figuras/ao19.png>
Package pdftex.def Info: figuras/ao19.png  used on input line 718.
(pdftex.def)             Requested size: 216.81pt x 180.58473pt.
<figuras/ao20.png, id=661, 1207.51125pt x 756.8275pt>
File: figuras/ao20.png Graphic file (type png)
<use figuras/ao20.png>
Package pdftex.def Info: figuras/ao20.png  used on input line 765.
(pdftex.def)             Requested size: 216.81pt x 135.88817pt.
<figuras/ao21.png, id=662, 580.1675pt x 757.83125pt>
File: figuras/ao21.png Graphic file (type png)
<use figuras/ao21.png>
Package pdftex.def Info: figuras/ao21.png  used on input line 771.
(pdftex.def)             Requested size: 289.07999pt x 377.60802pt.

[82 <./figuras/AO19.png>] [83 <./figuras/AO20.png> <./figuras/AO21.png>]
<figuras/ao22.png, id=669, 503.8825pt x 785.93625pt>
File: figuras/ao22.png Graphic file (type png)
<use figuras/ao22.png>
Package pdftex.def Info: figuras/ao22.png  used on input line 820.
(pdftex.def)             Requested size: 289.07999pt x 450.89047pt.
<figuras/ao23.png, id=670, 659.46375pt x 751.80875pt>
File: figuras/ao23.png Graphic file (type png)
<use figuras/ao23.png>
Package pdftex.def Info: figuras/ao23.png  used on input line 851.
(pdftex.def)             Requested size: 289.07999pt x 329.5694pt.

[84] [85 <./figuras/AO22.png>]
<figuras/ao24.png, id=678, 495.8525pt x 647.41875pt>
File: figuras/ao24.png Graphic file (type png)
<use figuras/ao24.png>
Package pdftex.def Info: figuras/ao24.png  used on input line 889.
(pdftex.def)             Requested size: 289.07999pt x 377.43938pt.
 [86 <./figuras/AO23.png>] [87 <./figuras/AO24.png>]
<figuras/ao25.png, id=685, 485.815pt x 698.61pt>
File: figuras/ao25.png Graphic file (type png)
<use figuras/ao25.png>
Package pdftex.def Info: figuras/ao25.png  used on input line 921.
(pdftex.def)             Requested size: 289.07999pt x 415.69409pt.
 [88 <./figuras/AO25.png>]
<figuras/ao26.png, id=689, 568.1225pt x 786.94pt>
File: figuras/ao26.png Graphic file (type png)
<use figuras/ao26.png>
Package pdftex.def Info: figuras/ao26.png  used on input line 951.
(pdftex.def)             Requested size: 289.07999pt x 400.43352pt.
<figuras/ao27.png, id=690, 843.15pt x 769.87625pt>
File: figuras/ao27.png Graphic file (type png)
<use figuras/ao27.png>
Package pdftex.def Info: figuras/ao27.png  used on input line 970.
(pdftex.def)             Requested size: 216.81pt x 197.96634pt.
<figuras/ao28.png, id=691, 449.68pt x 825.0825pt>
File: figuras/ao28.png Graphic file (type png)
<use figuras/ao28.png>
Package pdftex.def Info: figuras/ao28.png  used on input line 985.
(pdftex.def)             Requested size: 216.81pt x 397.81026pt.
 [89 <./figuras/AO26.png>] [90 <./figuras/AO27.png> <./figuras/AO28.png>]
<figuras/ao29.png, id=699, 698.61pt x 774.895pt>
File: figuras/ao29.png Graphic file (type png)
<use figuras/ao29.png>
Package pdftex.def Info: figuras/ao29.png  used on input line 1026.
(pdftex.def)             Requested size: 216.81pt x 240.48692pt.
<figuras/ao30.png, id=700, 531.9875pt x 271.0125pt>
File: figuras/ao30.png Graphic file (type png)
<use figuras/ao30.png>
Package pdftex.def Info: figuras/ao30.png  used on input line 1044.
(pdftex.def)             Requested size: 289.07999pt x 147.27087pt.
<figuras/ao31.png, id=701, 351.3125pt x 538.01pt>
File: figuras/ao31.png Graphic file (type png)
<use figuras/ao31.png>
Package pdftex.def Info: figuras/ao31.png  used on input line 1059.
(pdftex.def)             Requested size: 216.81pt x 332.03581pt.
 [91 <./figuras/AO29.png>] [92 <./figuras/AO30.png> <./figuras/AO31.png>]
<figuras/ao32.png, id=708, 462.72874pt x 687.56876pt>
File: figuras/ao32.png Graphic file (type png)
<use figuras/ao32.png>
Package pdftex.def Info: figuras/ao32.png  used on input line 1095.
(pdftex.def)             Requested size: 216.81pt x 322.16068pt.
<figuras/ao33.png, id=709, 392.46625pt x 517.935pt>
File: figuras/ao33.png Graphic file (type png)
<use figuras/ao33.png>
Package pdftex.def Info: figuras/ao33.png  used on input line 1101.
(pdftex.def)             Requested size: 216.81pt x 286.12961pt.

Overfull \hbox (7.84091pt too wide) in paragraph at lines 1114--1121
[]\T1/cmr/m/n/10 Los operacionales de propósitos generales pueden utilizarse co
mo comparadores, aunque la compensación
 []


Overfull \hbox (12.85455pt too wide) in paragraph at lines 1114--1121
\T1/cmr/m/n/10 elevadas. Para ello se utilizan circuitos integrados especialmen
te diseńados para trabajar como comparadores;
 []

[93 <./figuras/AO32.png>]
<figuras/ao34.png, id=713, 756.8275pt x 465.74pt>
File: figuras/ao34.png Graphic file (type png)
<use figuras/ao34.png>
Package pdftex.def Info: figuras/ao34.png  used on input line 1139.
(pdftex.def)             Requested size: 216.81pt x 133.41951pt.
<figuras/ao35.png, id=714, 903.375pt x 606.265pt>
File: figuras/ao35.png Graphic file (type png)
<use figuras/ao35.png>
Package pdftex.def Info: figuras/ao35.png  used on input line 1145.
(pdftex.def)             Requested size: 216.81pt x 145.49731pt.
<figuras/ao36.png, id=715, 484.81125pt x 408.52625pt>
File: figuras/ao36.png Graphic file (type png)
<use figuras/ao36.png>
Package pdftex.def Info: figuras/ao36.png  used on input line 1151.
(pdftex.def)             Requested size: 180.67499pt x 152.24945pt.

Overfull \hbox (8.39633pt too wide) in paragraph at lines 1164--1168
[]\T1/cmr/m/n/10 Para evitar esta indeterminación se utiliza un comparador con 
histéresis eléctrica, es decir un comparador
 []

[94 <./figuras/AO33.png> <./figuras/AO34.png>]
<figuras/ao37.png, id=719, 373.395pt x 698.61pt>
File: figuras/ao37.png Graphic file (type png)
<use figuras/ao37.png>
Package pdftex.def Info: figuras/ao37.png  used on input line 1198.
(pdftex.def)             Requested size: 180.67499pt x 338.0366pt.

Overfull \hbox (4.80096pt too wide) in paragraph at lines 1169--1201
\T1/cmr/m/n/10 diferente de acuerdo al sentido de variación de la entrada. Para
 comprender su funcionamiento analizaremos
 []


Overfull \hbox (5.63776pt too wide) in paragraph at lines 1207--1213
[]\T1/cmr/m/n/10 El circuito de la figura 4.38[] es un generador de onda cuadra
da. La realimentación positiva, predominante
 []

[95 <./figuras/AO35.png> <./figuras/AO36.png>] [96 <./figuras/AO37.png>]
<figuras/ao38.png, id=727, 840.13875pt x 762.85pt>
File: figuras/ao38.png Graphic file (type png)
<use figuras/ao38.png>
Package pdftex.def Info: figuras/ao38.png  used on input line 1274.
(pdftex.def)             Requested size: 180.67499pt x 164.04446pt.
<figuras/ao39.png, id=728, 1122.1925pt x 719.68875pt>
File: figuras/ao39.png Graphic file (type png)
<use figuras/ao39.png>
Package pdftex.def Info: figuras/ao39.png  used on input line 1280.
(pdftex.def)             Requested size: 325.215pt x 208.56163pt.

[97] [98 <./figuras/AO38.png> <./figuras/AO39.png>]
Overfull \hbox (0.32474pt too wide) in paragraph at lines 1331--1334
[]\T1/cmr/m/n/10 Si corremos nuevamente el origen a $\OML/cmm/m/it/10 t[] \OT1/
cmr/m/n/10 = \OML/cmm/m/it/10 t[] \OMS/cmsy/m/n/10 ^^@ \OML/cmm/m/it/10 t[]$ \T
1/cmr/m/n/10 y consideramos que $\OML/cmm/m/it/10 V[]\OT1/cmr/m/n/10 (\OML/cmm/
m/it/10 t[] \OT1/cmr/m/n/10 = 0) = []$ \T1/cmr/m/n/10 el funcionamiento
 []

<figuras/ao40.png, id=736, 1205.50375pt x 622.325pt>
File: figuras/ao40.png Graphic file (type png)
<use figuras/ao40.png>
Package pdftex.def Info: figuras/ao40.png  used on input line 1350.
(pdftex.def)             Requested size: 252.94499pt x 130.57816pt.
<figuras/ao41.png, id=737, 1101.11375pt x 731.73375pt>
File: figuras/ao41.png Graphic file (type png)
<use figuras/ao41.png>
Package pdftex.def Info: figuras/ao41.png  used on input line 1356.
(pdftex.def)             Requested size: 325.215pt x 216.11638pt.
) [99 <./figuras/AO40.png>] [100 <./figuras/AO41.png>]
\openout2 = `osc.aux'.

 (./osc.tex
CapĂ­tulo 5.
<figuras/osc1.png, id=744, 607.26875pt x 661.47125pt>
File: figuras/osc1.png Graphic file (type png)
<use figuras/osc1.png>
Package pdftex.def Info: figuras/osc1.png  used on input line 67.
(pdftex.def)             Requested size: 180.67499pt x 196.7977pt.
[101



]

LaTeX Warning: Command \textdegree invalid in math mode on input line 109.


LaTeX Warning: Command \textdegree invalid in math mode on input line 109.

Missing character: There is no ° in font cmr10!

LaTeX Warning: Command \textdegree invalid in math mode on input line 118.


LaTeX Warning: Command \textdegree invalid in math mode on input line 118.

Missing character: There is no ° in font cmr10!
<figuras/osc2.png, id=748, 554.07pt x 833.1125pt>
File: figuras/osc2.png Graphic file (type png)
<use figuras/osc2.png>
Package pdftex.def Info: figuras/osc2.png  used on input line 127.
(pdftex.def)             Requested size: 252.94499pt x 380.33801pt.
[102 <./figuras/osc1.png>] [103 <./figuras/osc2.png>]
<figuras/osc3.png, id=756, 697.60625pt x 647.41875pt>
File: figuras/osc3.png Graphic file (type png)
<use figuras/osc3.png>
Package pdftex.def Info: figuras/osc3.png  used on input line 216.
(pdftex.def)             Requested size: 252.94499pt x 234.74995pt.
 [104 <./figuras/osc3.png>]

LaTeX Warning: Command \textdegree invalid in math mode on input line 256.


LaTeX Warning: Command \textdegree invalid in math mode on input line 256.

Missing character: There is no ° in font cmr10!

LaTeX Warning: Command \textdegree invalid in math mode on input line 257.


LaTeX Warning: Command \textdegree invalid in math mode on input line 257.

Missing character: There is no ° in font cmr10!
<figuras/osc4.png, id=760, 560.0925pt x 718.685pt>
File: figuras/osc4.png Graphic file (type png)
<use figuras/osc4.png>
Package pdftex.def Info: figuras/osc4.png  used on input line 288.
(pdftex.def)             Requested size: 289.07999pt x 370.9439pt.
<figuras/osc5.png, id=761, 513.92pt x 588.1975pt>
File: figuras/osc5.png Graphic file (type png)
<use figuras/osc5.png>
Package pdftex.def Info: figuras/osc5.png  used on input line 294.
(pdftex.def)             Requested size: 289.07999pt x 330.86028pt.

LaTeX Warning: Command \textdegree invalid in math mode on input line 304.


LaTeX Warning: Command \textdegree invalid in math mode on input line 304.

Missing character: There is no ° in font cmr10!

LaTeX Warning: Command \textdegree invalid in math mode on input line 305.


LaTeX Warning: Command \textdegree invalid in math mode on input line 305.

Missing character: There is no ° in font cmr10!
[105] [106 <./figuras/osc4.png>]
<figuras/osc6.png, id=769, 572.1375pt x 555.07375pt>
File: figuras/osc6.png Graphic file (type png)
<use figuras/osc6.png>
Package pdftex.def Info: figuras/osc6.png  used on input line 352.
(pdftex.def)             Requested size: 289.07999pt x 280.45824pt.
 [107 <./figuras/osc5.png>]
<figuras/osc7.png, id=773, 578.16pt x 626.34pt>
File: figuras/osc7.png Graphic file (type png)
<use figuras/osc7.png>
Package pdftex.def Info: figuras/osc7.png  used on input line 386.
(pdftex.def)             Requested size: 289.07999pt x 313.16922pt.


LaTeX Warning: Command \textdegree invalid in math mode on input line 396.


LaTeX Warning: Command \textdegree invalid in math mode on input line 396.

Missing character: There is no ° in font cmr10!
<figuras/osc8.png, id=774, 466.74374pt x 352.31625pt>
File: figuras/osc8.png Graphic file (type png)
<use figuras/osc8.png>
Package pdftex.def Info: figuras/osc8.png  used on input line 402.
(pdftex.def)             Requested size: 289.07999pt x 218.21878pt.
[108 <./figuras/osc6.png>] [109 <./figuras/osc7.png> <./figuras/osc8.png>]
Overfull \hbox (3.78635pt too wide) in paragraph at lines 419--424
[]\T1/cmr/m/n/10 En el estudio de estos osciladores se utilizará, en primera in
stancia, un modelo sencillo de los dispositivos
 []


Overfull \hbox (22.26892pt too wide) in paragraph at lines 419--424
\T1/cmr/m/n/10 activos que no incluyan los efectos de alta frecuencia. Luego se
 podrán extrapolar los resultados incorporándolos
 []

<figuras/osc9.png, id=782, 548.0475pt x 562.1pt>
File: figuras/osc9.png Graphic file (type png)
<use figuras/osc9.png>
Package pdftex.def Info: figuras/osc9.png  used on input line 441.
(pdftex.def)             Requested size: 289.07999pt x 296.49638pt.
[110 <./figuras/osc9.png>]
<figuras/osc10.png, id=786, 419.5675pt x 438.63875pt>
File: figuras/osc10.png Graphic file (type png)
<use figuras/osc10.png>
Package pdftex.def Info: figuras/osc10.png  used on input line 565.
(pdftex.def)             Requested size: 216.81pt x 226.66113pt.
 [111]
<figuras/osc11.png, id=790, 472.76625pt x 253.94875pt>
File: figuras/osc11.png Graphic file (type png)
<use figuras/osc11.png>
Package pdftex.def Info: figuras/osc11.png  used on input line 600.
(pdftex.def)             Requested size: 216.81pt x 116.46133pt.
 [112 <./figuras/osc10.png> <./figuras/osc11.png>]
<figuras/osc12.png, id=794, 541.02126pt x 751.80875pt>
File: figuras/osc12.png Graphic file (type png)
<use figuras/osc12.png>
Package pdftex.def Info: figuras/osc12.png  used on input line 637.
(pdftex.def)             Requested size: 216.81pt x 301.28027pt.
<figuras/osc13.png, id=795, 513.92pt x 779.91376pt>
File: figuras/osc13.png Graphic file (type png)
<use figuras/osc13.png>
Package pdftex.def Info: figuras/osc13.png  used on input line 643.
(pdftex.def)             Requested size: 216.81pt x 329.02531pt.

Overfull \hbox (1.84238pt too wide) in paragraph at lines 655--675
[]\T1/cmr/m/n/10 Cuando la estabilidad en frecuencia requerida es muy elevada, 
se recurre a resonadores electromecánicos
 []

[113 <./figuras/osc12.png>]
<figuras/osc14.png, id=799, 482.80376pt x 607.26875pt>
File: figuras/osc14.png Graphic file (type png)
<use figuras/osc14.png>
Package pdftex.def Info: figuras/osc14.png  used on input line 738.
(pdftex.def)             Requested size: 361.34999pt x 454.52383pt.
 [114 <./figuras/osc13.png>] [115 <./figuras/osc14.png>]
<figuras/osc15.png, id=807, 564.1075pt x 648.4225pt>
File: figuras/osc15.png Graphic file (type png)
<use figuras/osc15.png>
Package pdftex.def Info: figuras/osc15.png  used on input line 769.
(pdftex.def)             Requested size: 180.67499pt x 207.67752pt.
<figuras/osc16.png, id=808, 573.14125pt x 368.37625pt>
File: figuras/osc16.png Graphic file (type png)
<use figuras/osc16.png>
Package pdftex.def Info: figuras/osc16.png  used on input line 775.
(pdftex.def)             Requested size: 252.94499pt x 162.57506pt.
) [116 <./figuras/osc15.png> <./figuras/osc16.png>]
\openout2 = `fuentes.aux'.

 (./fuentes.tex
CapĂ­tulo 6.

Overfull \hbox (17.64655pt too wide) in paragraph at lines 32--34
[]\T1/cmr/m/n/10 El valor medio de la tensión de salida varía con la temperatur
a debido a la utilización de semiconductores. 
 []

<figuras/fuente1x.png, id=812, 580.1675pt x 712.6625pt>
File: figuras/fuente1x.png Graphic file (type png)
<use figuras/fuente1x.png>
Package pdftex.def Info: figuras/fuente1x.png  used on input line 43.
(pdftex.def)             Requested size: 252.94499pt x 310.71252pt.
<figuras/fuentes2.png, id=813, 481.8pt x 350.30875pt>
File: figuras/fuentes2.png Graphic file (type png)
<use figuras/fuentes2.png>
Package pdftex.def Info: figuras/fuentes2.png  used on input line 61.
(pdftex.def)             Requested size: 216.81pt x 157.63748pt.
[117



] [118 <./figuras/fuente1x.png> <./figuras/fuentes2.png>]
<figuras/fuentes3.png, id=820, 336.25626pt x 257.96375pt>
File: figuras/fuentes3.png Graphic file (type png)
<use figuras/fuentes3.png>
Package pdftex.def Info: figuras/fuentes3.png  used on input line 135.
(pdftex.def)             Requested size: 252.94499pt x 194.05095pt.
 [119 <./figuras/fuentes3.png>]
<figuras/fuentes4.png, id=824, 536.0025pt x 305.14pt>
File: figuras/fuentes4.png Graphic file (type png)
<use figuras/fuentes4.png>
Package pdftex.def Info: figuras/fuentes4.png  used on input line 194.
(pdftex.def)             Requested size: 252.94499pt x 143.99782pt.
<figuras/fuentes5.png, id=825, 549.05125pt x 606.265pt>
File: figuras/fuentes5.png Graphic file (type png)
<use figuras/fuentes5.png>
Package pdftex.def Info: figuras/fuentes5.png  used on input line 200.
(pdftex.def)             Requested size: 252.94499pt x 279.30157pt.
 [120 <./figuras/fuentes4.png> <./figuras/fuentes5.png>]
<figuras/fuentes6.png, id=830, 818.05624pt x 452.69125pt>
File: figuras/fuentes6.png Graphic file (type png)
<use figuras/fuentes6.png>
Package pdftex.def Info: figuras/fuentes6.png  used on input line 231.
(pdftex.def)             Requested size: 252.94499pt x 139.97363pt.
<figuras/fuentes7.png, id=831, 844.15375pt x 518.93875pt>
File: figuras/fuentes7.png Graphic file (type png)
<use figuras/fuentes7.png>
Package pdftex.def Info: figuras/fuentes7.png  used on input line 237.
(pdftex.def)             Requested size: 252.94499pt x 155.49278pt.
<figuras/fuentes8.png, id=832, 792.9625pt x 471.7625pt>
File: figuras/fuentes8.png Graphic file (type png)
<use figuras/fuentes8.png>
Package pdftex.def Info: figuras/fuentes8.png  used on input line 268.
(pdftex.def)             Requested size: 252.94499pt x 150.48477pt.
 [121 <./figuras/fuentes6.png> <./figuras/fuentes7.png>]
<figuras/fuentes9.png, id=836, 1144.275pt x 721.69624pt>
File: figuras/fuentes9.png Graphic file (type png)
<use figuras/fuentes9.png>
Package pdftex.def Info: figuras/fuentes9.png  used on input line 294.
(pdftex.def)             Requested size: 252.94499pt x 159.53351pt.
<figuras/fuentes10.png, id=837, 729.72626pt x 503.8825pt>
File: figuras/fuentes10.png Graphic file (type png)
<use figuras/fuentes10.png>
Package pdftex.def Info: figuras/fuentes10.png  used on input line 320.
(pdftex.def)             Requested size: 252.94499pt x 174.65463pt.
 [122 <./figuras/fuentes8.png> <./figuras/fuentes9.png>]
<figuras/fuentes11.png, id=841, 493.845pt x 320.19624pt>
File: figuras/fuentes11.png Graphic file (type png)
<use figuras/fuentes11.png>
Package pdftex.def Info: figuras/fuentes11.png  used on input line 362.
(pdftex.def)             Requested size: 180.67499pt x 117.14182pt.
 [123 <./figuras/fuentes10.png> <./figuras/fuentes11.png>]
<figuras/fuentes12.png, id=845, 502.87875pt x 672.5125pt>
File: figuras/fuentes12.png Graphic file (type png)
<use figuras/fuentes12.png>
Package pdftex.def Info: figuras/fuentes12.png  used on input line 450.
(pdftex.def)             Requested size: 252.94499pt x 338.26671pt.
 [124]
<figuras/fuentes13.png, id=849, 883.3pt x 604.2575pt>
File: figuras/fuentes13.png Graphic file (type png)
<use figuras/fuentes13.png>
Package pdftex.def Info: figuras/fuentes13.png  used on input line 530.
(pdftex.def)             Requested size: 216.81pt x 148.31638pt.
<figuras/fuentes14x.png, id=850, 685.56125pt x 676.5275pt>
File: figuras/fuentes14x.png Graphic file (type png)
<use figuras/fuentes14x.png>
Package pdftex.def Info: figuras/fuentes14x.png  used on input line 559.
(pdftex.def)             Requested size: 252.94499pt x 249.60928pt.
 [125 <./figuras/fuentes12.png>] [126 <./figuras/fuentes13.png> <./figuras/fuen
tes14x.png>]
<figuras/fuentes15x.png, id=858, 685.56125pt x 827.09pt>
File: figuras/fuentes15x.png Graphic file (type png)
<use figuras/fuentes15x.png>
Package pdftex.def Info: figuras/fuentes15x.png  used on input line 605.
(pdftex.def)             Requested size: 252.94499pt x 305.16032pt.

Overfull \hbox (5.73589pt too wide) in paragraph at lines 619--632
\T1/cmr/m/n/10 corto circuitos respectivamente, en ellos se distinguen los pine
s $\OT1/cmr/m/n/10 +\OML/cmm/m/it/10 V[]$\T1/cmr/m/n/10 , $\OML/cmm/m/it/10 OUT
$\T1/cmr/m/n/10 , $\OML/cmm/m/it/10 CURRENT SENSE \OT1/cmr/m/n/10 (\OML/cmm/m/i
t/10 CS\OT1/cmr/m/n/10 )$\T1/cmr/m/n/10 ,
 []

<figuras/fuentes16.png, id=859, 576.1525pt x 370.38374pt>
File: figuras/fuentes16.png Graphic file (type png)
<use figuras/fuentes16.png>
Package pdftex.def Info: figuras/fuentes16.png  used on input line 636.
(pdftex.def)             Requested size: 252.94499pt x 162.60764pt.
[127 <./figuras/fuentes15x.png>]
<figuras/fuentes17.png, id=863, 539.01375pt x 456.70625pt>
File: figuras/fuentes17.png Graphic file (type png)
<use figuras/fuentes17.png>
Package pdftex.def Info: figuras/fuentes17.png  used on input line 653.
(pdftex.def)             Requested size: 252.94499pt x 214.32443pt.
<figuras/fuentes18.png, id=864, 829.0975pt x 686.565pt>
File: figuras/fuentes18.png Graphic file (type png)
<use figuras/fuentes18.png>
Package pdftex.def Info: figuras/fuentes18.png  used on input line 659.
(pdftex.def)             Requested size: 252.94499pt x 209.45964pt.
<figuras/fuentes19.png, id=865, 767.86874pt x 666.49pt>
File: figuras/fuentes19.png Graphic file (type png)
<use figuras/fuentes19.png>
Package pdftex.def Info: figuras/fuentes19.png  used on input line 665.
(pdftex.def)             Requested size: 252.94499pt x 219.54575pt.
<figuras/fuentes20.png, id=866, 574.145pt x 750.805pt>
File: figuras/fuentes20.png Graphic file (type png)
<use figuras/fuentes20.png>
Package pdftex.def Info: figuras/fuentes20.png  used on input line 696.
(pdftex.def)             Requested size: 252.94499pt x 330.76764pt.
) [128 <./figuras/fuentes16.png> <./figuras/fuentes17.png>] [129 <./figuras/fue
ntes18.png> <./figuras/fuentes19.png>] [130 <./figuras/fuentes20.png>] (./docum
ent.aux (./realimentacion.aux)
(./estabilidad.aux) (./etapassal.aux) (./operacionales.aux) (./osc.aux)
(./fuentes.aux))

LaTeX Warning: There were multiply-defined labels.

 ) 
Here is how much of TeX's memory you used:
 4754 strings out of 483183
 66684 string characters out of 5966292
 306874 words of memory out of 5000000
 19541 multiletter control sequences out of 15000+600000
 548038 words of font info for 51 fonts, out of 8000000 for 9000
 14 hyphenation exceptions out of 8191
 30i,10n,27p,382b,232s stack positions out of 5000i,500n,10000p,200000b,80000s
 </home/claudio/.texlive2019/texmf-var/fonts/pk/ljfour/jknappen/ec/ecbi1000.6
00pk> </home/claudio/.texlive2019/texmf-var/fonts/pk/ljfour/jknappen/ec/ecbi120
0.600pk> </home/claudio/.texlive2019/texmf-var/fonts/pk/ljfour/jknappen/ec/ecbx
0700.600pk> </home/claudio/.texlive2019/texmf-var/fonts/pk/ljfour/jknappen/ec/e
cbx1200.600pk> </home/claudio/.texlive2019/texmf-var/fonts/pk/ljfour/jknappen/e
c/tcrm1000.600pk> </home/claudio/.texlive2019/texmf-var/fonts/pk/ljfour/jknappe
n/ec/ecbx1440.600pk> </home/claudio/.texlive2019/texmf-var/fonts/pk/ljfour/jkna
ppen/ec/ecbx2074.600pk> </home/claudio/.texlive2019/texmf-var/fonts/pk/ljfour/j
knappen/ec/ecti1000.600pk> </home/claudio/.texlive2019/texmf-var/fonts/pk/ljfou
r/jknappen/ec/ecrm1000.600pk> </home/claudio/.texlive2019/texmf-var/fonts/pk/lj
four/jknappen/ec/ecbx1000.600pk> </home/claudio/.texlive2019/texmf-var/fonts/pk
/ljfour/jknappen/ec/ecrm1200.600pk> </home/claudio/.texlive2019/texmf-var/fonts
/pk/ljfour/jknappen/ec/ecbx2488.600pk></usr/share/texlive/texmf-dist/fonts/type
1/public/amsfonts/cm/cmex10.pfb></usr/share/texlive/texmf-dist/fonts/type1/publ
ic/amsfonts/cm/cmmi10.pfb></usr/share/texlive/texmf-dist/fonts/type1/public/ams
fonts/cm/cmmi5.pfb></usr/share/texlive/texmf-dist/fonts/type1/public/amsfonts/c
m/cmmi7.pfb></usr/share/texlive/texmf-dist/fonts/type1/public/amsfonts/cm/cmr10
.pfb></usr/share/texlive/texmf-dist/fonts/type1/public/amsfonts/cm/cmr5.pfb></u
sr/share/texlive/texmf-dist/fonts/type1/public/amsfonts/cm/cmr7.pfb></usr/share
/texlive/texmf-dist/fonts/type1/public/amsfonts/cm/cmsy10.pfb></usr/share/texli
ve/texmf-dist/fonts/type1/public/amsfonts/cm/cmsy5.pfb></usr/share/texlive/texm
f-dist/fonts/type1/public/amsfonts/cm/cmsy7.pfb></usr/share/texlive/texmf-dist/
fonts/type1/public/amsfonts/symbols/msam10.pfb>
Output written on document.pdf (131 pages, 3809107 bytes).
PDF statistics:
 1322 PDF objects out of 1440 (max. 8388607)
 574 compressed objects within 6 object streams
 0 named destinations out of 1000 (max. 500000)
 701 words of extra memory for PDF output out of 10000 (max. 10000000)

