
**** 08/04/23 12:50:32 *********** Evaluation PSpice (Nov 1999) **************

 * C:\Users\Mariano\Desktop\D+I\docencia\redes 1\Guias\Guia 1\g1_p1.sch


 ****     CIRCUIT DESCRIPTION


******************************************************************************




* Schematics Version 9.1 - Web Update 1
* Fri Aug 04 12:50:18 2023



** Analysis setup **
.tran .01 4.1
.TEMP 27
.OP 


* From [PSPICE NETLIST] section of pspiceev.ini:
.lib "nom.lib"

.INC "g1_p1.net"

**** INCLUDING g1_p1.net ****
* Schematics Netlist *



R_R1         0 $N_0001  1e9  
C_C2         0 $N_0001  1  
I_I1         0 $N_0001 DC 0 AC 0
+PWL 0 0 1u .001 1 .001 1.0000001 0 3 0 3.000001 -.001 4 -.001 4.000001 0 

**** RESUMING g1_p1.cir ****
.INC "g1_p1.als"



**** INCLUDING g1_p1.als ****
* Schematics Aliases *

.ALIASES
R_R1            R1(1=0 2=$N_0001 )
C_C2            C2(1=0 2=$N_0001 )
I_I1            I1(+=0 -=$N_0001 )
.ENDALIASES


**** RESUMING g1_p1.cir ****
.probe


.END

**** 08/04/23 12:50:32 *********** Evaluation PSpice (Nov 1999) **************

 * C:\Users\Mariano\Desktop\D+I\docencia\redes 1\Guias\Guia 1\g1_p1.sch


 ****     SMALL SIGNAL BIAS SOLUTION       TEMPERATURE =   27.000 DEG C


******************************************************************************



 NODE   VOLTAGE     NODE   VOLTAGE     NODE   VOLTAGE     NODE   VOLTAGE


($N_0001)    0.0000                   




    VOLTAGE SOURCE CURRENTS
    NAME         CURRENT


    TOTAL POWER DISSIPATION   0.00E+00  WATTS


**** 08/04/23 12:50:32 *********** Evaluation PSpice (Nov 1999) **************

 * C:\Users\Mariano\Desktop\D+I\docencia\redes 1\Guias\Guia 1\g1_p1.sch


 ****     OPERATING POINT INFORMATION      TEMPERATURE =   27.000 DEG C


******************************************************************************




**** 08/04/23 12:50:32 *********** Evaluation PSpice (Nov 1999) **************

 * C:\Users\Mariano\Desktop\D+I\docencia\redes 1\Guias\Guia 1\g1_p1.sch


 ****     INITIAL TRANSIENT SOLUTION       TEMPERATURE =   27.000 DEG C


******************************************************************************



 NODE   VOLTAGE     NODE   VOLTAGE     NODE   VOLTAGE     NODE   VOLTAGE


($N_0001)    0.0000                   




    VOLTAGE SOURCE CURRENTS
    NAME         CURRENT


    TOTAL POWER DISSIPATION   0.00E+00  WATTS



          JOB CONCLUDED

          TOTAL JOB TIME             .02
