
**** 08/14/23 13:41:22 *********** Evaluation PSpice (Nov 1999) **************

 * C:\Users\Mariano\Desktop\D+I\docencia\redes 1\Guias\Guia 1\g1_p2.sch


 ****     CIRCUIT DESCRIPTION


******************************************************************************




* Schematics Version 9.1 - Web Update 1
* Fri Aug 04 12:53:40 2023



** Analysis setup **
.tran .001 6
.OP 


* From [PSPICE NETLIST] section of pspiceev.ini:
.lib "nom.lib"

.INC "g1_p2.net"

**** INCLUDING g1_p2.net ****
* Schematics Netlist *



V_V1         $N_0001 0 DC 0 AC 0
+PULSE -2 2 0 1n 1n 1 2
R_R1         0 $N_0001  1g  
I_I1         0 0 DC 0 AC 0
+PULSE 3 -3 0 1n 1n 1 2

**** RESUMING g1_p2.cir ****
.INC "g1_p2.als"



**** INCLUDING g1_p2.als ****
* Schematics Aliases *

.ALIASES
V_V1            V1(+=$N_0001 -=0 )
R_R1            R1(1=0 2=$N_0001 )
I_I1            I1(+=0 -=0 )
.ENDALIASES


**** RESUMING g1_p2.cir ****
.probe


.END

**** 08/14/23 13:41:22 *********** Evaluation PSpice (Nov 1999) **************

 * C:\Users\Mariano\Desktop\D+I\docencia\redes 1\Guias\Guia 1\g1_p2.sch


 ****     SMALL SIGNAL BIAS SOLUTION       TEMPERATURE =   27.000 DEG C


******************************************************************************



 NODE   VOLTAGE     NODE   VOLTAGE     NODE   VOLTAGE     NODE   VOLTAGE


($N_0001)    0.0000                   




    VOLTAGE SOURCE CURRENTS
    NAME         CURRENT

    V_V1         0.000E+00

    TOTAL POWER DISSIPATION   0.00E+00  WATTS


**** 08/14/23 13:41:22 *********** Evaluation PSpice (Nov 1999) **************

 * C:\Users\Mariano\Desktop\D+I\docencia\redes 1\Guias\Guia 1\g1_p2.sch


 ****     OPERATING POINT INFORMATION      TEMPERATURE =   27.000 DEG C


******************************************************************************




**** 08/14/23 13:41:22 *********** Evaluation PSpice (Nov 1999) **************

 * C:\Users\Mariano\Desktop\D+I\docencia\redes 1\Guias\Guia 1\g1_p2.sch


 ****     INITIAL TRANSIENT SOLUTION       TEMPERATURE =   27.000 DEG C


******************************************************************************



 NODE   VOLTAGE     NODE   VOLTAGE     NODE   VOLTAGE     NODE   VOLTAGE


($N_0001)   -2.0000                   




    VOLTAGE SOURCE CURRENTS
    NAME         CURRENT

    V_V1         2.000E-09

    TOTAL POWER DISSIPATION   4.00E-09  WATTS



          JOB CONCLUDED

          TOTAL JOB TIME             .14
