
**** 08/04/23 13:25:52 *********** Evaluation PSpice (Nov 1999) **************

 * C:\Users\Mariano\Desktop\D+I\docencia\redes 1\Guias\Guia 1\g1_p4.sch


 ****     CIRCUIT DESCRIPTION


******************************************************************************




* Schematics Version 9.1 - Web Update 1
* Fri Aug 04 13:25:48 2023



** Analysis setup **
.tran .001 3
.OP 


* From [PSPICE NETLIST] section of pspiceev.ini:
.lib "nom.lib"

.INC "g1_p4.net"

**** INCLUDING g1_p4.net ****
* Schematics Netlist *



V_V1         $N_0001 0 DC 0 AC 0
+SIN 0 1 1.59 0 0 0
R_R1         0 $N_0001  1  
I_I1         0 0 DC 0 AC 0
+SIN 0 5 1.59 0 0 0

**** RESUMING g1_p4.cir ****
.INC "g1_p4.als"



**** INCLUDING g1_p4.als ****
* Schematics Aliases *

.ALIASES
V_V1            V1(+=$N_0001 -=0 )
R_R1            R1(1=0 2=$N_0001 )
I_I1            I1(+=0 -=0 )
.ENDALIASES


**** RESUMING g1_p4.cir ****
.probe


.END

**** 08/04/23 13:25:52 *********** Evaluation PSpice (Nov 1999) **************

 * C:\Users\Mariano\Desktop\D+I\docencia\redes 1\Guias\Guia 1\g1_p4.sch


 ****     SMALL SIGNAL BIAS SOLUTION       TEMPERATURE =   27.000 DEG C


******************************************************************************



 NODE   VOLTAGE     NODE   VOLTAGE     NODE   VOLTAGE     NODE   VOLTAGE


($N_0001)    0.0000                   




    VOLTAGE SOURCE CURRENTS
    NAME         CURRENT

    V_V1         0.000E+00

    TOTAL POWER DISSIPATION   0.00E+00  WATTS


**** 08/04/23 13:25:52 *********** Evaluation PSpice (Nov 1999) **************

 * C:\Users\Mariano\Desktop\D+I\docencia\redes 1\Guias\Guia 1\g1_p4.sch


 ****     OPERATING POINT INFORMATION      TEMPERATURE =   27.000 DEG C


******************************************************************************




**** 08/04/23 13:25:52 *********** Evaluation PSpice (Nov 1999) **************

 * C:\Users\Mariano\Desktop\D+I\docencia\redes 1\Guias\Guia 1\g1_p4.sch


 ****     INITIAL TRANSIENT SOLUTION       TEMPERATURE =   27.000 DEG C


******************************************************************************



 NODE   VOLTAGE     NODE   VOLTAGE     NODE   VOLTAGE     NODE   VOLTAGE


($N_0001)    0.0000                   




    VOLTAGE SOURCE CURRENTS
    NAME         CURRENT

    V_V1         0.000E+00

    TOTAL POWER DISSIPATION   0.00E+00  WATTS



          JOB CONCLUDED

          TOTAL JOB TIME             .08
