
**** 08/14/23 13:30:25 *********** Evaluation PSpice (Nov 1999) **************

 * C:\Users\Mariano\Desktop\D+I\docencia\redes 1\Guias\Guia 2\g2_p1.sch


 ****     CIRCUIT DESCRIPTION


******************************************************************************




* Schematics Version 9.1 - Web Update 1
* Mon Aug 14 13:30:25 2023



** Analysis setup **
.tran .001 5
.OP 


* From [PSPICE NETLIST] section of pspiceev.ini:
.lib "nom.lib"

.INC "g2_p1.net"

**** INCLUDING g2_p1.net ****
* Schematics Netlist *



V_V1         $N_0001 0 DC 0 AC 0
+SIN 0 10 1 0 0 0
R_R1         $N_0001 0  10  

**** RESUMING g2_p1.cir ****
.INC "g2_p1.als"



**** INCLUDING g2_p1.als ****
* Schematics Aliases *

.ALIASES
V_V1            V1(+=$N_0001 -=0 )
R_R1            R1(1=$N_0001 2=0 )
.ENDALIASES


**** RESUMING g2_p1.cir ****
.probe


.END

**** 08/14/23 13:30:25 *********** Evaluation PSpice (Nov 1999) **************

 * C:\Users\Mariano\Desktop\D+I\docencia\redes 1\Guias\Guia 2\g2_p1.sch


 ****     SMALL SIGNAL BIAS SOLUTION       TEMPERATURE =   27.000 DEG C


******************************************************************************



 NODE   VOLTAGE     NODE   VOLTAGE     NODE   VOLTAGE     NODE   VOLTAGE


($N_0001)    0.0000                   




    VOLTAGE SOURCE CURRENTS
    NAME         CURRENT

    V_V1         0.000E+00

    TOTAL POWER DISSIPATION   0.00E+00  WATTS


**** 08/14/23 13:30:25 *********** Evaluation PSpice (Nov 1999) **************

 * C:\Users\Mariano\Desktop\D+I\docencia\redes 1\Guias\Guia 2\g2_p1.sch


 ****     OPERATING POINT INFORMATION      TEMPERATURE =   27.000 DEG C


******************************************************************************




**** 08/14/23 13:30:25 *********** Evaluation PSpice (Nov 1999) **************

 * C:\Users\Mariano\Desktop\D+I\docencia\redes 1\Guias\Guia 2\g2_p1.sch


 ****     INITIAL TRANSIENT SOLUTION       TEMPERATURE =   27.000 DEG C


******************************************************************************



 NODE   VOLTAGE     NODE   VOLTAGE     NODE   VOLTAGE     NODE   VOLTAGE


($N_0001)    0.0000                   




    VOLTAGE SOURCE CURRENTS
    NAME         CURRENT

    V_V1         0.000E+00

    TOTAL POWER DISSIPATION   0.00E+00  WATTS



          JOB CONCLUDED

          TOTAL JOB TIME             .13
