
**** 08/14/23 14:05:06 *********** Evaluation PSpice (Nov 1999) **************

 * C:\Users\Mariano\Desktop\D+I\docencia\redes 1\Guias\Guia 2\g2_p4.sch


 ****     CIRCUIT DESCRIPTION


******************************************************************************




* Schematics Version 9.1 - Web Update 1
* Mon Aug 14 14:05:03 2023



** Analysis setup **
.tran .0001 .1 0 .0001
.OP 


* From [PSPICE NETLIST] section of pspiceev.ini:
.lib "nom.lib"

.INC "g2_p4.net"

**** INCLUDING g2_p4.net ****
* Schematics Netlist *



R_R1         $N_0002 $N_0001  .01  
V_V2         $N_0002 0 DC 0 AC 0
+SIN 0 311 50 0 0 0
R_R2         0 $N_0001  .001  

**** RESUMING g2_p4.cir ****
.INC "g2_p4.als"



**** INCLUDING g2_p4.als ****
* Schematics Aliases *

.ALIASES
R_R1            R1(1=$N_0002 2=$N_0001 )
V_V2            V2(+=$N_0002 -=0 )
R_R2            R2(1=0 2=$N_0001 )
.ENDALIASES


**** RESUMING g2_p4.cir ****
.probe


.END

**** 08/14/23 14:05:06 *********** Evaluation PSpice (Nov 1999) **************

 * C:\Users\Mariano\Desktop\D+I\docencia\redes 1\Guias\Guia 2\g2_p4.sch


 ****     SMALL SIGNAL BIAS SOLUTION       TEMPERATURE =   27.000 DEG C


******************************************************************************



 NODE   VOLTAGE     NODE   VOLTAGE     NODE   VOLTAGE     NODE   VOLTAGE


($N_0001)    0.0000                   ($N_0002)    0.0000                   




    VOLTAGE SOURCE CURRENTS
    NAME         CURRENT

    V_V2         0.000E+00

    TOTAL POWER DISSIPATION   0.00E+00  WATTS


**** 08/14/23 14:05:06 *********** Evaluation PSpice (Nov 1999) **************

 * C:\Users\Mariano\Desktop\D+I\docencia\redes 1\Guias\Guia 2\g2_p4.sch


 ****     OPERATING POINT INFORMATION      TEMPERATURE =   27.000 DEG C


******************************************************************************




**** 08/14/23 14:05:06 *********** Evaluation PSpice (Nov 1999) **************

 * C:\Users\Mariano\Desktop\D+I\docencia\redes 1\Guias\Guia 2\g2_p4.sch


 ****     INITIAL TRANSIENT SOLUTION       TEMPERATURE =   27.000 DEG C


******************************************************************************



 NODE   VOLTAGE     NODE   VOLTAGE     NODE   VOLTAGE     NODE   VOLTAGE


($N_0001)    0.0000                   ($N_0002)    0.0000                   




    VOLTAGE SOURCE CURRENTS
    NAME         CURRENT

    V_V2         0.000E+00

    TOTAL POWER DISSIPATION   0.00E+00  WATTS



          JOB CONCLUDED

          TOTAL JOB TIME             .03
