This is pdfTeX, Version 3.14159265-2.6-1.40.20 (TeX Live 2019/Debian) (preloaded format=pdflatex 2025.3.17)  7 JUL 2025 13:36
entering extended mode
 restricted \write18 enabled.
 %&-line parsing enabled.
**document.tex
(./document.tex
LaTeX2e <2020-02-02> patch level 2
L3 programming layer <2020-02-14>
(/usr/share/texlive/texmf-dist/tex/latex/base/report.cls
Document Class: report 2019/12/20 v1.4l Standard LaTeX document class
(/usr/share/texlive/texmf-dist/tex/latex/base/size10.clo
File: size10.clo 2019/12/20 v1.4l Standard LaTeX file (size option)
)
\c@part=\count167
\c@chapter=\count168
\c@section=\count169
\c@subsection=\count170
\c@subsubsection=\count171
\c@paragraph=\count172
\c@subparagraph=\count173
\c@figure=\count174
\c@table=\count175
\abovecaptionskip=\skip47
\belowcaptionskip=\skip48
\bibindent=\dimen134
)
(/usr/share/texlive/texmf-dist/tex/latex/base/inputenc.sty
Package: inputenc 2018/08/11 v1.3c Input encoding file
\inpenc@prehook=\toks14
\inpenc@posthook=\toks15
)
(/usr/share/texlive/texmf-dist/tex/latex/base/fontenc.sty
Package: fontenc 2020/02/11 v2.0o Standard LaTeX package
)
(/usr/share/texlive/texmf-dist/tex/generic/babel/babel.sty
Package: babel 2020/02/14 3.40 The Babel package

(/usr/share/texlive/texmf-dist/tex/generic/babel/switch.def
File: switch.def 2020/02/14 3.40 Babel switching mechanism
)
Package babel Info: You haven't specified a language. I'll use 'nil'
(babel)             as the main language. Reported on input line 572.

(/usr/share/texlive/texmf-dist/tex/generic/babel/nil.ldf
Language: nil 2020/02/14 3.40 Nil language

(/usr/share/texlive/texmf-dist/tex/generic/babel/babel.def
File: babel.def 2020/02/14 3.40 Babel common definitions
\babel@savecnt=\count176
\U@D=\dimen135

(/usr/share/texlive/texmf-dist/tex/generic/babel/txtbabel.def)
\bbl@readstream=\read2
\bbl@dirlevel=\count177
)
\l@nil=\language3
))
(/usr/share/texlive/texmf-dist/tex/latex/amsmath/amsmath.sty
Package: amsmath 2020/01/20 v2.17e AMS math features
\@mathmargin=\skip49

For additional information on amsmath, use the `?' option.
(/usr/share/texlive/texmf-dist/tex/latex/amsmath/amstext.sty
Package: amstext 2000/06/29 v2.01 AMS text

(/usr/share/texlive/texmf-dist/tex/latex/amsmath/amsgen.sty
File: amsgen.sty 1999/11/30 v2.0 generic functions
\@emptytoks=\toks16
\ex@=\dimen136
))
(/usr/share/texlive/texmf-dist/tex/latex/amsmath/amsbsy.sty
Package: amsbsy 1999/11/29 v1.2d Bold Symbols
\pmbraise@=\dimen137
)
(/usr/share/texlive/texmf-dist/tex/latex/amsmath/amsopn.sty
Package: amsopn 2016/03/08 v2.02 operator names
)
\inf@bad=\count178
LaTeX Info: Redefining \frac on input line 227.
\uproot@=\count179
\leftroot@=\count180
LaTeX Info: Redefining \overline on input line 389.
\classnum@=\count181
\DOTSCASE@=\count182
LaTeX Info: Redefining \ldots on input line 486.
LaTeX Info: Redefining \dots on input line 489.
LaTeX Info: Redefining \cdots on input line 610.
\Mathstrutbox@=\box45
\strutbox@=\box46
\big@size=\dimen138
LaTeX Font Info:    Redeclaring font encoding OML on input line 733.
LaTeX Font Info:    Redeclaring font encoding OMS on input line 734.
\macc@depth=\count183
\c@MaxMatrixCols=\count184
\dotsspace@=\muskip16
\c@parentequation=\count185
\dspbrk@lvl=\count186
\tag@help=\toks17
\row@=\count187
\column@=\count188
\maxfields@=\count189
\andhelp@=\toks18
\eqnshift@=\dimen139
\alignsep@=\dimen140
\tagshift@=\dimen141
\tagwidth@=\dimen142
\totwidth@=\dimen143
\lineht@=\dimen144
\@envbody=\toks19
\multlinegap=\skip50
\multlinetaggap=\skip51
\mathdisplay@stack=\toks20
LaTeX Info: Redefining \[ on input line 2859.
LaTeX Info: Redefining \] on input line 2860.
)
(/usr/share/texlive/texmf-dist/tex/latex/amsfonts/amsfonts.sty
Package: amsfonts 2013/01/14 v3.01 Basic AMSFonts support
\symAMSa=\mathgroup4
\symAMSb=\mathgroup5
LaTeX Font Info:    Redeclaring math symbol \hbar on input line 98.
LaTeX Font Info:    Overwriting math alphabet `\mathfrak' in version `bold'
(Font)                  U/euf/m/n --> U/euf/b/n on input line 106.
)
(/usr/share/texlive/texmf-dist/tex/latex/amsfonts/amssymb.sty
Package: amssymb 2013/01/14 v3.01 AMS font symbols
)
(/usr/share/texlive/texmf-dist/tex/latex/geometry/geometry.sty
Package: geometry 2020/01/02 v5.9 Page Geometry

(/usr/share/texlive/texmf-dist/tex/latex/graphics/keyval.sty
Package: keyval 2014/10/28 v1.15 key=value parser (DPC)
\KV@toks@=\toks21
)
(/usr/share/texlive/texmf-dist/tex/generic/iftex/ifvtex.sty
Package: ifvtex 2019/10/25 v1.7 ifvtex legacy package. Use iftex instead.

(/usr/share/texlive/texmf-dist/tex/generic/iftex/iftex.sty
Package: iftex 2019/11/07 v1.0c TeX engine tests
))
\Gm@cnth=\count190
\Gm@cntv=\count191
\c@Gm@tempcnt=\count192
\Gm@bindingoffset=\dimen145
\Gm@wd@mp=\dimen146
\Gm@odd@mp=\dimen147
\Gm@even@mp=\dimen148
\Gm@layoutwidth=\dimen149
\Gm@layoutheight=\dimen150
\Gm@layouthoffset=\dimen151
\Gm@layoutvoffset=\dimen152
\Gm@dimlist=\toks22
)
(/usr/share/texlive/texmf-dist/tex/latex/graphics/graphicx.sty
Package: graphicx 2019/11/30 v1.2a Enhanced LaTeX Graphics (DPC,SPQR)

(/usr/share/texlive/texmf-dist/tex/latex/graphics/graphics.sty
Package: graphics 2019/11/30 v1.4a Standard LaTeX Graphics (DPC,SPQR)

(/usr/share/texlive/texmf-dist/tex/latex/graphics/trig.sty
Package: trig 2016/01/03 v1.10 sin cos tan (DPC)
)
(/usr/share/texlive/texmf-dist/tex/latex/graphics-cfg/graphics.cfg
File: graphics.cfg 2016/06/04 v1.11 sample graphics configuration
)
Package graphics Info: Driver file: pdftex.def on input line 105.

(/usr/share/texlive/texmf-dist/tex/latex/graphics-def/pdftex.def
File: pdftex.def 2018/01/08 v1.0l Graphics/color driver for pdftex
))
\Gin@req@height=\dimen153
\Gin@req@width=\dimen154
)
(/usr/share/texlive/texmf-dist/tex/latex/l3backend/l3backend-pdfmode.def
File: l3backend-pdfmode.def 2020-02-03 L3 backend support: PDF mode
\l__kernel_color_stack_int=\count193
\l__pdf_internal_box=\box47
)

LaTeX Warning: Unused global option(s):
    [spanish].

(./document.aux (./realimentacion.aux) (./estabilidad.aux

LaTeX Warning: Label `eje4' multiply defined.


LaTeX Warning: Label `eje5' multiply defined.


LaTeX Warning: Label `eje6' multiply defined.


LaTeX Warning: Label `eje8' multiply defined.


LaTeX Warning: Label `eje9' multiply defined.

) (./claseab.aux

LaTeX Warning: Label `eje1' multiply defined.


LaTeX Warning: Label `eje2' multiply defined.


LaTeX Warning: Label `eje4' multiply defined.


LaTeX Warning: Label `eje5' multiply defined.


LaTeX Warning: Label `eje6' multiply defined.


LaTeX Warning: Label `eje7' multiply defined.

) (./operacionales.aux) (./osc.aux) (./fuentes.aux) (./sintonia.aux))
\openout1 = `document.aux'.

LaTeX Font Info:    Checking defaults for OML/cmm/m/it on input line 40.
LaTeX Font Info:    ... okay on input line 40.
LaTeX Font Info:    Checking defaults for OMS/cmsy/m/n on input line 40.
LaTeX Font Info:    ... okay on input line 40.
LaTeX Font Info:    Checking defaults for OT1/cmr/m/n on input line 40.
LaTeX Font Info:    ... okay on input line 40.
LaTeX Font Info:    Checking defaults for T1/cmr/m/n on input line 40.
LaTeX Font Info:    ... okay on input line 40.
LaTeX Font Info:    Checking defaults for TS1/cmr/m/n on input line 40.
LaTeX Font Info:    ... okay on input line 40.
LaTeX Font Info:    Checking defaults for OMX/cmex/m/n on input line 40.
LaTeX Font Info:    ... okay on input line 40.
LaTeX Font Info:    Checking defaults for U/cmr/m/n on input line 40.
LaTeX Font Info:    ... okay on input line 40.

*geometry* driver: auto-detecting
*geometry* detected driver: pdftex
*geometry* verbose mode - [ preamble ] result:
* driver: pdftex
* paper: a4paper
* layout: <same size as paper>
* layoutoffset:(h,v)=(0.0pt,0.0pt)
* modes: 
* h-part:(L,W,R)=(85.35826pt, 455.24411pt, 56.9055pt)
* v-part:(T,H,B)=(56.9055pt, 731.23584pt, 56.9055pt)
* \paperwidth=597.50787pt
* \paperheight=845.04684pt
* \textwidth=455.24411pt
* \textheight=731.23584pt
* \oddsidemargin=13.08827pt
* \evensidemargin=13.08827pt
* \topmargin=-52.36449pt
* \headheight=12.0pt
* \headsep=25.0pt
* \topskip=10.0pt
* \footskip=30.0pt
* \marginparwidth=57.0pt
* \marginparsep=11.0pt
* \columnsep=10.0pt
* \skip\footins=9.0pt plus 4.0pt minus 2.0pt
* \hoffset=0.0pt
* \voffset=0.0pt
* \mag=1000
* \@twocolumnfalse
* \@twosidefalse
* \@mparswitchfalse
* \@reversemarginfalse
* (1in=72.27pt=25.4mm, 1cm=28.453pt)

(/usr/share/texlive/texmf-dist/tex/context/base/mkii/supp-pdf.mkii
[Loading MPS to PDF converter (version 2006.09.02).]
\scratchcounter=\count194
\scratchdimen=\dimen155
\scratchbox=\box48
\nofMPsegments=\count195
\nofMParguments=\count196
\everyMPshowfont=\toks23
\MPscratchCnt=\count197
\MPscratchDim=\dimen156
\MPnumerator=\count198
\makeMPintoPDFobject=\count199
\everyMPtoPDFconversion=\toks24
) (/usr/share/texlive/texmf-dist/tex/latex/epstopdf-pkg/epstopdf-base.sty
Package: epstopdf-base 2020-01-24 v2.11 Base part for package epstopdf
Package epstopdf-base Info: Redefining graphics rule for `.eps' on input line 4
85.

(/usr/share/texlive/texmf-dist/tex/latex/latexconfig/epstopdf-sys.cfg
File: epstopdf-sys.cfg 2010/07/13 v1.3 Configuration of (r)epstopdf for TeX Liv
e
))
(./portada.tex
<figuras/logo fi unmdp.png, id=1, 635.37375pt x 144.54pt>
File: figuras/logo fi unmdp.png Graphic file (type png)
<use figuras/logo fi unmdp.png>
Package pdftex.def Info: figuras/logo fi unmdp.png  used on input line 5.
(pdftex.def)             Requested size: 455.24411pt x 103.56584pt.
 [1

{/var/lib/texmf/fonts/map/pdftex/updmap/pdftex.map} <./figuras/logo fi unmdp.pn
g>])
\openout2 = `realimentacion.aux'.

 (./realimentacion.tex
GuĂ­a de Trabajos PrĂˇcticos 1.
LaTeX Font Info:    Trying to load font information for U+msa on input line 8.
(/usr/share/texlive/texmf-dist/tex/latex/amsfonts/umsa.fd
File: umsa.fd 2013/01/14 v3.01 AMS symbols A
)
LaTeX Font Info:    Trying to load font information for U+msb on input line 8.

(/usr/share/texlive/texmf-dist/tex/latex/amsfonts/umsb.fd
File: umsb.fd 2013/01/14 v3.01 AMS symbols B
)
<figuras/real1.png, id=9, 542.025pt x 371.3875pt>
File: figuras/real1.png Graphic file (type png)
<use figuras/real1.png>
Package pdftex.def Info: figuras/real1.png  used on input line 17.
(pdftex.def)             Requested size: 273.14923pt x 187.16101pt.
<figuras/real2.png, id=10, 660.4675pt x 441.65pt>
File: figuras/real2.png Graphic file (type png)
<use figuras/real2.png>
Package pdftex.def Info: figuras/real2.png  used on input line 28.
(pdftex.def)             Requested size: 273.14923pt x 182.6546pt.
 [1


 <./figuras/real1.png> <./figuras/real2.png>]
<figuras/real4.png, id=21, 540.0175pt x 613.29124pt>
File: figuras/real4.png Graphic file (type png)
<use figuras/real4.png>
Package pdftex.def Info: figuras/real4.png  used on input line 49.
(pdftex.def)             Requested size: 273.14923pt x 310.21964pt.
<figuras/real5.png, id=22, 828.09375pt x 568.1225pt>
File: figuras/real5.png Graphic file (type png)
<use figuras/real5.png>
Package pdftex.def Info: figuras/real5.png  used on input line 63.
(pdftex.def)             Requested size: 273.14923pt x 187.40297pt.
 [2 <./figuras/real4.png> <./figuras/real5.png>]
<figuras/real6.png, id=27, 629.35126pt x 692.5875pt>
File: figuras/real6.png Graphic file (type png)
<use figuras/real6.png>
Package pdftex.def Info: figuras/real6.png  used on input line 79.
(pdftex.def)             Requested size: 273.14923pt x 300.59677pt.
<figuras/real7.png, id=28, 1106.1325pt x 545.03625pt>
File: figuras/real7.png Graphic file (type png)
<use figuras/real7.png>
Package pdftex.def Info: figuras/real7.png  used on input line 88.
(pdftex.def)             Requested size: 273.14923pt x 134.5871pt.
<figuras/real8.png, id=29, 835.12pt x 412.54124pt>
File: figuras/real8.png Graphic file (type png)
<use figuras/real8.png>
Package pdftex.def Info: figuras/real8.png  used on input line 101.
(pdftex.def)             Requested size: 364.19667pt x 179.91351pt.


LaTeX Warning: `h' float specifier changed to `ht'.

<figuras/real9.png, id=30, 747.79375pt x 512.91624pt>
File: figuras/real9.png Graphic file (type png)
<use figuras/real9.png>
Package pdftex.def Info: figuras/real9.png  used on input line 112.
(pdftex.def)             Requested size: 364.19667pt x 249.805pt.

LaTeX Warning: `h' float specifier changed to `ht'.

<figuras/real10.png, id=31, 682.55pt x 707.64375pt>
File: figuras/real10.png Graphic file (type png)
<use figuras/real10.png>
Package pdftex.def Info: figuras/real10.png  used on input line 123.
(pdftex.def)             Requested size: 364.19667pt x 377.58688pt.

LaTeX Warning: `h' float specifier changed to `ht'.

<figuras/real11.png, id=32, 760.8425pt x 471.7625pt>
File: figuras/real11.png Graphic file (type png)
<use figuras/real11.png>
Package pdftex.def Info: figuras/real11.png  used on input line 133.
(pdftex.def)             Requested size: 364.19667pt x 225.82434pt.

LaTeX Warning: `h' float specifier changed to `ht'.

<figuras/real12.png, id=33, 861.2175pt x 732.7375pt>
File: figuras/real12.png Graphic file (type png)
<use figuras/real12.png>
Package pdftex.def Info: figuras/real12.png  used on input line 145.
(pdftex.def)             Requested size: 364.19667pt x 309.87198pt.

LaTeX Warning: `h' float specifier changed to `ht'.

<figuras/real13.png, id=34, 812.03375pt x 495.8525pt>
File: figuras/real13.png Graphic file (type png)
<use figuras/real13.png>
Package pdftex.def Info: figuras/real13.png  used on input line 159.
(pdftex.def)             Requested size: 364.19667pt x 222.38252pt.

LaTeX Warning: `h' float specifier changed to `ht'.

) [3 <./figuras/real6.png> <./figuras/real7.png>] [4 <./figuras/real8.png> <./f
iguras/real9.png>] [5 <./figuras/real10.png> <./figuras/real11.png>] [6 <./figu
ras/real12.png> <./figuras/real13.png>]
\openout2 = `estabilidad.aux'.

 (./estabilidad.tex
GuĂ­a de Trabajos PrĂˇcticos 2.

Overfull \hbox (5.80026pt too wide) in paragraph at lines 21--29
[]\T1/cmr/bx/n/10 Ejercicio 3\T1/cmr/m/n/10 : Un amplificador tiene una gananci
a de baja frecuencia $\OML/cmm/m/it/10 a[] \OT1/cmr/m/n/10 = 5000$ \T1/cmr/m/n/
10 y su función transferencia
 []

<figuras/estab4.png, id=48, 842.14626pt x 502.87875pt>
File: figuras/estab4.png Graphic file (type png)
<use figuras/estab4.png>
Package pdftex.def Info: figuras/estab4.png  used on input line 39.
(pdftex.def)             Requested size: 364.19667pt x 217.47672pt.
[7



 <./figuras/estab4.png>]
<figuras/estab5.png, id=53, 569.12625pt x 434.62375pt>
File: figuras/estab5.png Graphic file (type png)
<use figuras/estab5.png>
Package pdftex.def Info: figuras/estab5.png  used on input line 60.
(pdftex.def)             Requested size: 364.19667pt x 278.13835pt.
<figuras/estab6.png, id=54, 593.21625pt x 343.2825pt>
File: figuras/estab6.png Graphic file (type png)
<use figuras/estab6.png>
Package pdftex.def Info: figuras/estab6.png  used on input line 77.
(pdftex.def)             Requested size: 364.19667pt x 210.75867pt.
 [8 <./figuras/estab5.png> <./figuras/estab6.png>]

LaTeX Warning: Command \textdegree invalid in math mode on input line 95.


LaTeX Warning: Command \textdegree invalid in math mode on input line 95.

Missing character: There is no ° in font cmr10!

LaTeX Warning: Command \textdegree invalid in math mode on input line 106.


LaTeX Warning: Command \textdegree invalid in math mode on input line 106.

Missing character: There is no ° in font cmr10!
<figuras/estab8.png, id=58, 758.835pt x 450.68375pt>
File: figuras/estab8.png Graphic file (type png)
<use figuras/estab8.png>
Package pdftex.def Info: figuras/estab8.png  used on input line 112.
(pdftex.def)             Requested size: 364.19667pt x 216.3051pt.
<figuras/estab9.png, id=59, 808.01875pt x 610.28pt>
File: figuras/estab9.png Graphic file (type png)
<use figuras/estab9.png>
Package pdftex.def Info: figuras/estab9.png  used on input line 120.
(pdftex.def)             Requested size: 364.19667pt x 275.07043pt.

LaTeX Warning: `h' float specifier changed to `ht'.

) [9 <./figuras/estab8.png>] [10 <./figuras/estab9.png>]
\openout2 = `claseab.aux'.

 (./claseab.tex
GuĂ­a de Trabajos PrĂˇcticos 3.
<figuras/claseb1.png, id=67, 764.8575pt x 710.655pt>
File: figuras/claseb1.png Graphic file (type png)
<use figuras/claseb1.png>
Package pdftex.def Info: figuras/claseb1.png  used on input line 15.
(pdftex.def)             Requested size: 364.19667pt x 338.38875pt.
<figuras/claseb2.png, id=68, 745.78625pt x 759.83875pt>
File: figuras/claseb2.png Graphic file (type png)
<use figuras/claseb2.png>
Package pdftex.def Info: figuras/claseb2.png  used on input line 26.
(pdftex.def)             Requested size: 364.19667pt x 371.06047pt.

LaTeX Warning: `h' float specifier changed to `ht'.

<figuras/claseb4.png, id=69, 859.21pt x 471.7625pt>
File: figuras/claseb4.png Graphic file (type png)
<use figuras/claseb4.png>
Package pdftex.def Info: figuras/claseb4.png  used on input line 46.
(pdftex.def)             Requested size: 364.19667pt x 199.96732pt.

LaTeX Warning: `h' float specifier changed to `ht'.

[11



 <./figuras/claseb1.png>]
<figuras/claseb5.png, id=74, 564.1075pt x 598.235pt>
File: figuras/claseb5.png Graphic file (type png)
<use figuras/claseb5.png>
Package pdftex.def Info: figuras/claseb5.png  used on input line 59.
(pdftex.def)             Requested size: 364.19667pt x 386.23744pt.


LaTeX Warning: `h' float specifier changed to `ht'.


LaTeX Warning: Command \textdegree invalid in math mode on input line 69.


LaTeX Warning: Command \textdegree invalid in math mode on input line 69.

Missing character: There is no ° in font cmr10!
<figuras/claseb6.png, id=75, 566.115pt x 566.115pt>
File: figuras/claseb6.png Graphic file (type png)
<use figuras/claseb6.png>
Package pdftex.def Info: figuras/claseb6.png  used on input line 77.
(pdftex.def)             Requested size: 364.19667pt x 364.20413pt.

LaTeX Warning: `h' float specifier changed to `ht'.


LaTeX Warning: Command \textdegree invalid in math mode on input line 84.


LaTeX Warning: Command \textdegree invalid in math mode on input line 84.

Missing character: There is no ° in font cmr10!
<figuras/claseb7.png, id=76, 539.01375pt x 723.70375pt>
File: figuras/claseb7.png Graphic file (type png)
<use figuras/claseb7.png>
Package pdftex.def Info: figuras/claseb7.png  used on input line 88.
(pdftex.def)             Requested size: 273.14923pt x 366.74295pt.

LaTeX Warning: `h' float specifier changed to `ht'.

) [12 <./figuras/claseb2.png>] [13 <./figuras/claseb4.png> <./figuras/claseb5.p
ng>] [14 <./figuras/claseb6.png>] [15 <./figuras/claseb7.png>]
\openout2 = `operacionales.aux'.


(./operacionales.tex
GuĂ­a de Trabajos PrĂˇcticos 4.

LaTeX Warning: Command \textdegree invalid in math mode on input line 14.


LaTeX Warning: Command \textdegree invalid in math mode on input line 14.

Missing character: There is no ° in font cmr10!

LaTeX Warning: Command \textdegree invalid in math mode on input line 15.


LaTeX Warning: Command \textdegree invalid in math mode on input line 15.

Missing character: There is no ° in font cmr10!

LaTeX Warning: Command \textdegree invalid in math mode on input line 16.


LaTeX Warning: Command \textdegree invalid in math mode on input line 16.

Missing character: There is no ° in font cmr10!
<figuras/op1.png, id=90, 805.0075pt x 553.06625pt>
File: figuras/op1.png Graphic file (type png)
<use figuras/op1.png>
Package pdftex.def Info: figuras/op1.png  used on input line 98.
(pdftex.def)             Requested size: 273.14923pt x 187.66028pt.
<figuras/op2.png, id=91, 793.96625pt x 432.61626pt>
File: figuras/op2.png Graphic file (type png)
<use figuras/op2.png>
Package pdftex.def Info: figuras/op2.png  used on input line 105.
(pdftex.def)             Requested size: 273.14923pt x 148.8369pt.
<figuras/op3.png, id=92, 800.9925pt x 609.27625pt>
File: figuras/op3.png Graphic file (type png)
<use figuras/op3.png>
Package pdftex.def Info: figuras/op3.png  used on input line 112.
(pdftex.def)             Requested size: 364.19667pt x 277.02588pt.
<figuras/op4.png, id=93, 686.565pt x 510.90875pt>
File: figuras/op4.png Graphic file (type png)
<use figuras/op4.png>
Package pdftex.def Info: figuras/op4.png  used on input line 119.
(pdftex.def)             Requested size: 273.14923pt x 203.26067pt.
<figuras/op5.png, id=94, 571.13374pt x 679.53876pt>
File: figuras/op5.png Graphic file (type png)
<use figuras/op5.png>
Package pdftex.def Info: figuras/op5.png  used on input line 125.
(pdftex.def)             Requested size: 364.19667pt x 433.32726pt.
<figuras/op6.png, id=95, 492.84125pt x 397.485pt>
File: figuras/op6.png Graphic file (type png)
<use figuras/op6.png>
Package pdftex.def Info: figuras/op6.png  used on input line 131.
(pdftex.def)             Requested size: 273.14923pt x 220.30959pt.
<figuras/op7.png, id=96, 568.1225pt x 302.12875pt>
File: figuras/op7.png Graphic file (type png)
<use figuras/op7.png>
Package pdftex.def Info: figuras/op7.png  used on input line 137.
(pdftex.def)             Requested size: 273.14923pt x 145.26448pt.
<figuras/op8.png, id=97, 679.53876pt x 345.29pt>
File: figuras/op8.png Graphic file (type png)
<use figuras/op8.png>
Package pdftex.def Info: figuras/op8.png  used on input line 143.
(pdftex.def)             Requested size: 273.14923pt x 138.7932pt.
<figuras/op9.png, id=98, 766.865pt x 410.53375pt>
File: figuras/op9.png Graphic file (type png)
<use figuras/op9.png>
Package pdftex.def Info: figuras/op9.png  used on input line 149.
(pdftex.def)             Requested size: 273.14923pt x 146.22597pt.
<figuras/op10.png, id=99, 783.92876pt x 747.79375pt>
File: figuras/op10.png Graphic file (type png)
<use figuras/op10.png>
Package pdftex.def Info: figuras/op10.png  used on input line 155.
(pdftex.def)             Requested size: 364.19667pt x 347.41241pt.
<figuras/op11.png, id=100, 584.1825pt x 431.6125pt>
File: figuras/op11.png Graphic file (type png)
<use figuras/op11.png>
Package pdftex.def Info: figuras/op11.png  used on input line 162.
(pdftex.def)             Requested size: 364.19667pt x 269.08539pt.
<figuras/op12.png, id=101, 641.39626pt x 450.68375pt>
File: figuras/op12.png Graphic file (type png)
<use figuras/op12.png>
Package pdftex.def Info: figuras/op12.png  used on input line 169.
(pdftex.def)             Requested size: 364.19667pt x 255.909pt.
<figuras/op13.png, id=102, 650.43pt x 458.71375pt>
File: figuras/op13.png Graphic file (type png)
<use figuras/op13.png>
Package pdftex.def Info: figuras/op13.png  used on input line 177.
(pdftex.def)             Requested size: 364.19667pt x 256.85695pt.
<figuras/op14.png, id=103, 626.34pt x 419.5675pt>
File: figuras/op14.png Graphic file (type png)
<use figuras/op14.png>
Package pdftex.def Info: figuras/op14.png  used on input line 184.
(pdftex.def)             Requested size: 364.19667pt x 243.9703pt.
) [16



] [17 <./figuras/op1.png> <./figuras/op2.png> <./figuras/op3.png>]
[18 <./figuras/op4.png> <./figuras/op5.png>] [19 <./figuras/op6.png> <./figuras
/op7.png> <./figuras/op8.png>] [20 <./figuras/op9.png> <./figuras/op10.png>]
[21 <./figuras/op11.png> <./figuras/op12.png>] [22 <./figuras/op13.png> <./figu
ras/op14.png>]
\openout2 = `osc.aux'.

 (./osc.tex
GuĂ­a de Trabajos PrĂˇcticos 5.
<figuras/oscila1.png, id=126, 448.67625pt x 550.055pt>
File: figuras/oscila1.png Graphic file (type png)
<use figuras/oscila1.png>
Package pdftex.def Info: figuras/oscila1.png  used on input line 8.
(pdftex.def)             Requested size: 273.14923pt x 334.87839pt.
<figuras/oscila2.png, id=127, 817.0525pt x 453.695pt>
File: figuras/oscila2.png Graphic file (type png)
<use figuras/oscila2.png>
Package pdftex.def Info: figuras/oscila2.png  used on input line 20.
(pdftex.def)             Requested size: 364.19667pt x 202.23631pt.

LaTeX Warning: `h' float specifier changed to `ht'.

<figuras/oscila4ci.png, id=128, 843.15pt x 688.5725pt>
File: figuras/oscila4ci.png Graphic file (type png)
<use figuras/oscila4ci.png>
Package pdftex.def Info: figuras/oscila4ci.png  used on input line 43.
(pdftex.def)             Requested size: 273.14923pt x 223.06894pt.

LaTeX Warning: `h' float specifier changed to `ht'.

<figuras/oscila5.png, id=129, 798.985pt x 549.05125pt>
File: figuras/oscila5.png Graphic file (type png)
<use figuras/oscila5.png>
Package pdftex.def Info: figuras/oscila5.png  used on input line 54.
(pdftex.def)             Requested size: 273.14923pt x 187.70543pt.
[23



 <./figuras/oscila1.png>]
<figuras/oscila6.png, id=133, 791.95876pt x 431.6125pt>
File: figuras/oscila6.png Graphic file (type png)
<use figuras/oscila6.png>
Package pdftex.def Info: figuras/oscila6.png  used on input line 64.
(pdftex.def)             Requested size: 273.14923pt x 148.86694pt.
<figuras/oscila7.png, id=134, 641.39626pt x 576.1525pt>
File: figuras/oscila7.png Graphic file (type png)
<use figuras/oscila7.png>
Package pdftex.def Info: figuras/oscila7.png  used on input line 74.
(pdftex.def)             Requested size: 273.14923pt x 245.36707pt.
<figuras/oscila9.png, id=135, 650.43pt x 556.0775pt>
File: figuras/oscila9.png Graphic file (type png)
<use figuras/oscila9.png>
Package pdftex.def Info: figuras/oscila9.png  used on input line 88.
(pdftex.def)             Requested size: 364.19667pt x 311.37582pt.
<figuras/oscila10.png, id=136, 671.50874pt x 611.28375pt>
File: figuras/oscila10.png Graphic file (type png)
<use figuras/oscila10.png>
Package pdftex.def Info: figuras/oscila10.png  used on input line 98.
(pdftex.def)             Requested size: 364.19667pt x 331.53406pt.
<figuras/oscila11.png, id=137, 1733.47626pt x 853.1875pt>
File: figuras/oscila11.png Graphic file (type png)
<use figuras/oscila11.png>
Package pdftex.def Info: figuras/oscila11.png  used on input line 110.
(pdftex.def)             Requested size: 364.19667pt x 179.23975pt.
<figuras/oscila12.png, id=138, 733.74126pt x 544.0325pt>
File: figuras/oscila12.png Graphic file (type png)
<use figuras/oscila12.png>
Package pdftex.def Info: figuras/oscila12.png  used on input line 125.
(pdftex.def)             Requested size: 364.19667pt x 270.03989pt.
) [24 <./figuras/oscila2.png> <./figuras/oscila4ci.png>] [25 <./figuras/oscila5
.png> <./figuras/oscila6.png> <./figuras/oscila7.png>] [26 <./figuras/oscila9.p
ng> <./figuras/oscila10.png>] [27 <./figuras/oscila11.png> <./figuras/oscila12.
png>]
\openout2 = `fuentes.aux'.

 (./fuentes.tex
GuĂ­a de Trabajos PrĂˇcticos 6.
<figuras/fuentes1.png, id=152, 1736.4875pt x 474.77374pt>
File: figuras/fuentes1.png Graphic file (type png)
<use figuras/fuentes1.png>
Package pdftex.def Info: figuras/fuentes1.png  used on input line 9.
(pdftex.def)             Requested size: 273.14923pt x 74.67583pt.
<figuras/fuentes2.png, id=153, 1008.76875pt x 815.045pt>
File: figuras/fuentes2.png Graphic file (type png)
<use figuras/fuentes2.png>
Package pdftex.def Info: figuras/fuentes2.png  used on input line 19.
(pdftex.def)             Requested size: 227.62206pt x 183.89954pt.
<figuras/fuentes3.png, id=154, 1203.49625pt x 832.10875pt>
File: figuras/fuentes3.png Graphic file (type png)
<use figuras/fuentes3.png>
Package pdftex.def Info: figuras/fuentes3.png  used on input line 51.
(pdftex.def)             Requested size: 273.14923pt x 188.8543pt.

LaTeX Warning: `h' float specifier changed to `ht'.

<figuras/fuentes4.png, id=155, 1002.74625pt x 849.1725pt>
File: figuras/fuentes4.png Graphic file (type png)
<use figuras/fuentes4.png>
Package pdftex.def Info: figuras/fuentes4.png  used on input line 57.
(pdftex.def)             Requested size: 273.14923pt x 231.31393pt.

LaTeX Warning: `h' float specifier changed to `ht'.

) [28



 <./figuras/fuentes1.png> <./figuras/fuentes2.png>] [29 <./figuras/fuentes3.png
> <./figuras/fuentes4.png>]
\openout2 = `sintonia.aux'.

 (./sintonia.tex
GuĂ­a de Trabajos PrĂˇcticos 7.
<figuras/sinto1.png, id=162, 1447.4075pt x 805.0075pt>
File: figuras/sinto1.png Graphic file (type png)
<use figuras/sinto1.png>
Package pdftex.def Info: figuras/sinto1.png  used on input line 10.
(pdftex.def)             Requested size: 273.14923pt x 151.90892pt.
<figuras/sinto2.png, id=163, 1208.515pt x 785.93625pt>
File: figuras/sinto2.png Graphic file (type png)
<use figuras/sinto2.png>
Package pdftex.def Info: figuras/sinto2.png  used on input line 23.
(pdftex.def)             Requested size: 364.19667pt x 236.85pt.
[30



 <./figuras/sinto1.png> <./figuras/sinto2.png>]
<figuras/sinto3.png, id=168, 1448.41125pt x 737.75626pt>
File: figuras/sinto3.png Graphic file (type png)
<use figuras/sinto3.png>
Package pdftex.def Info: figuras/sinto3.png  used on input line 40.
(pdftex.def)             Requested size: 364.19667pt x 185.49678pt.
<figuras/sinto4.png, id=169, 1453.43pt x 876.27374pt>
File: figuras/sinto4.png Graphic file (type png)
<use figuras/sinto4.png>
Package pdftex.def Info: figuras/sinto4.png  used on input line 58.
(pdftex.def)             Requested size: 409.71692pt x 247.01295pt.
) [31 <./figuras/sinto3.png> <./figuras/sinto4.png>] (./document.aux (./realime
ntacion.aux)
(./estabilidad.aux) (./claseab.aux) (./operacionales.aux) (./osc.aux)
(./fuentes.aux) (./sintonia.aux))

LaTeX Warning: There were multiply-defined labels.

 ) 
Here is how much of TeX's memory you used:
 4097 strings out of 483183
 54860 string characters out of 5966292
 300547 words of memory out of 5000000
 18974 multiletter control sequences out of 15000+600000
 540539 words of font info for 41 fonts, out of 8000000 for 9000
 14 hyphenation exceptions out of 8191
 30i,6n,27p,308b,230s stack positions out of 5000i,500n,10000p,200000b,80000s
 </home/claudio/.texlive2019/texmf-var/fonts/pk/ljfour/jknappen/ec/tcrm1000.6
00pk> </home/claudio/.texlive2019/texmf-var/fonts/pk/ljfour/jknappen/ec/ecrm100
0.600pk> </home/claudio/.texlive2019/texmf-var/fonts/pk/ljfour/jknappen/ec/ecbx
1000.600pk> </home/claudio/.texlive2019/texmf-var/fonts/pk/ljfour/jknappen/ec/e
cbx2074.600pk> </home/claudio/.texlive2019/texmf-var/fonts/pk/ljfour/jknappen/e
c/ecrm1200.600pk> </home/claudio/.texlive2019/texmf-var/fonts/pk/ljfour/jknappe
n/ec/ecbx2488.600pk></usr/share/texlive/texmf-dist/fonts/type1/public/amsfonts/
cm/cmex10.pfb></usr/share/texlive/texmf-dist/fonts/type1/public/amsfonts/cm/cmm
i10.pfb></usr/share/texlive/texmf-dist/fonts/type1/public/amsfonts/cm/cmmi7.pfb
></usr/share/texlive/texmf-dist/fonts/type1/public/amsfonts/cm/cmr10.pfb></usr/
share/texlive/texmf-dist/fonts/type1/public/amsfonts/cm/cmr7.pfb></usr/share/te
xlive/texmf-dist/fonts/type1/public/amsfonts/cm/cmsy10.pfb></usr/share/texlive/
texmf-dist/fonts/type1/public/amsfonts/cm/cmsy7.pfb>
Output written on document.pdf (32 pages, 1504267 bytes).
PDF statistics:
 399 PDF objects out of 1000 (max. 8388607)
 117 compressed objects within 2 object streams
 0 named destinations out of 1000 (max. 500000)
 281 words of extra memory for PDF output out of 10000 (max. 10000000)

