
   --- Expanded Deck Component Count ---
Q's 1
V's 2
tot: 3


    --- Expanded Netlist ---
* C:\Claudio\Docencia personal\LTSpice\Varios\curva de entrada tbj.asc
q1 n001 n002 0 0 2n2222
v1 n001 0 0.
v2 n002 0 0.
.model 2n2222 npn(is=1e-14 vaf=100 bf=200 ikf=0.3 xtb=1.5 br=3 cjc=8e-12 cje=25e-12 tr=100e-9 tf=400e-12 itf=1 vtf=2 xtf=3 rb=10 rc=.3 re=.2 vceo=30 icrating=800m mfg=philips)
.dc v2 0 0.8 .001 v1 5 10 1
.end

.step v1=5
.step v1=6
.step v1=7
.step v1=8
.step v1=9
.step v1=10

Date: Wed Aug 15 16:22:41 2018
Total elapsed time: 0.172 seconds.

tnom = 27
temp = 27
method = trap
totiter = 9630
traniter = 0
tranpoints = 0
accept = 0
rejected = 0
matrix size = 7
fillins = 0
solver = Normal
Matrix Compiler1: 312 bytes object code size  0.2/0.2/[0.1]
Matrix Compiler2: 515 bytes object code size  0.1/0.2/[0.1]


