
   --- Expanded Deck Component Count ---
C's 1
E's 1
R's 2
V's 1
tot: 5


    --- Expanded Netlist ---
* C:\Claudio\Docencia personal\LTSpice\Varios\ganacia de lazo2.asc
e1 n001 0 x 0 laplace=-100/((1+s/(2*3.1416*1000))*(1+s/(2*3.1416*3000))*(1+s/(2*3.1416*10000)))
r4 n001 xp 9k
r5 xp 0 1k
v1 xp x ac 1
c1 n001 xp 3.74n
.ac dec 1000 10 100000
.end


Date: Thu Oct 31 17:58:24 2019
Total elapsed time: 0.031 seconds.

tnom = 27
temp = 27
method = trap
totiter = 0
traniter = 0
tranpoints = 0
accept = 0
rejected = 0
matrix size = 5
fillins = 6
solver = Normal

