
   --- Expanded Deck Component Count ---
M's 2
V's 2
tot: 4


    --- Expanded Netlist ---
* C:\Claudio\Docencia personal\LTSpice\Varios\mos1.asc
m1 n003 n002 0 0 fds6680
v1 n001 0 5
v2 n002 0 1
m2 n003 n002 n001 n001 fds8962c_p
.model fds6680 vdmos(rg=3 rd=3m rs=4.2m vto=2.65 kp=70 mtriode=1.6 lambda=0.06 cgdmax=1.2n cgdmin=160p a=.6 cgs=1.98n cjo=1.5n m=.5 is=1p rb=6.5m mfg=fairchild vds=30 ron=8.5m qg=19n)
.model fds8962c_p vdmos(pchan rg=3 vto=-2.2 rd=20.8m rs=5.2m rb=26m kp=10 lambda=.03 cgdmax=.32n cgdmin=.08n cgs=.6n cjo=.16n is=20p mfg=fairchild vds=-30 ron=52m qg=10n)
.dc v2 2.5 3 .001m
.end


Date: Wed Aug 15 16:35:37 2018
Total elapsed time: 2.886 seconds.

tnom = 27
temp = 27
method = trap
totiter = 1000017
traniter = 0
tranpoints = 0
accept = 0
rejected = 0
matrix size = 13
fillins = 2
solver = Normal
Matrix Compiler1: 772 bytes object code size  0.4/0.3/[0.1]
Matrix Compiler2: 1,03 KB object code size  0.2/0.4/[0.2]


