
   --- Expanded Deck Component Count ---
A's 4
B's 6
C's 19
D's 4
M's 4
R's 9
V's 4
tot: 50


    --- Expanded Netlist ---
* C:\Claudio\Docencia personal\LTSpice\Varios\problema_op1.asc
a:u1:1 0 u1:n004 0 0 0 0 u1:x 0 ota g=150u iout=7u cout=28p en=9.8n enk=4 vhigh=1e308 vlow=-1e308
a:u1:2 n003 n008 0 0 0 0 0 0 ota g=0 in=.1p ink=70
c:u1:2 u1:n004 0 .75p rpar=100k noiseless
r:u1:1 n001 u1:x 10g noiseless 
r:u1:2 u1:x n009 10g noiseless 
m:u1:1 n001 u1:n005 n004 n004 u1:n temp=27
m:u1:2 n009 u1:n005 n004 n004 u1:p temp=27
d:u1:1 n004 u1:x u1:x 
c:u1:3 u1:n005 0 .075p rpar=1meg noiseless
d:u1:4 n003 n008 u1:di 
c:u1:5 n003 n008 1p rpar=80meg 
c:u1:7 n001 n004 .2p 
c:u1:8 n004 n009 .2p 
b:u1:1 0 u1:n004 i=10u*dnlim(uplim(v(n008),v(n001)-.9,.3), v(n009)+.9, .3)+1n*v(n008)
b:u1:2 u1:n004 0 i=10u*dnlim(uplim(v(n003),v(n001)-.899,.3), v(n009)+.899, .3)+1n*v(n003)
b:u1:3 0 u1:n005 i=1u*dnlim(uplim(v(u1:x),v(n001)-.9,.5), v(n009)+.9,.5)+1p*v(u1:x)
c:u1:9 n001 n008 .5p rpar=1.12t noiseless
c:u1:4 n008 n009 .5p rpar=1.12t noiseless
c:u1:6 n003 n009 .5p rpar=1.12t noiseless
c:u1:10 n001 n003 .5p rpar=1.12t noiseless
a:u2:1 0 u2:n004 0 0 0 0 u2:x 0 ota g=150u iout=7u cout=28p en=9.8n enk=4 vhigh=1e308 vlow=-1e308
a:u2:2 n005 0 0 0 0 0 0 0 ota g=0 in=.1p ink=70
c:u2:2 u2:n004 0 .75p rpar=100k noiseless
r:u2:1 n001 u2:x 10g noiseless 
r:u2:2 u2:x n009 10g noiseless 
m:u2:1 n001 u2:n005 n006 n006 u2:n temp=27
m:u2:2 n009 u2:n005 n006 n006 u2:p temp=27
d:u2:1 n006 u2:x u2:x 
c:u2:3 u2:n005 0 .075p rpar=1meg noiseless
d:u2:4 n005 0 u2:di 
c:u2:5 n005 0 1p rpar=80meg 
c:u2:7 n001 n006 .2p 
c:u2:8 n006 n009 .2p 
b:u2:1 0 u2:n004 i=10u*dnlim(uplim(v(0),v(n001)-.9,.3), v(n009)+.9, .3)+1n*v(0)
b:u2:2 u2:n004 0 i=10u*dnlim(uplim(v(n005),v(n001)-.899,.3), v(n009)+.899, .3)+1n*v(n005)
b:u2:3 0 u2:n005 i=1u*dnlim(uplim(v(u2:x),v(n001)-.9,.5), v(n009)+.9,.5)+1p*v(u2:x)
c:u2:9 n001 0 .5p rpar=1.12t noiseless
c:u2:4 0 n009 .5p rpar=1.12t noiseless
c:u2:6 n005 n009 .5p rpar=1.12t noiseless
c:u2:10 n001 n005 .5p rpar=1.12t noiseless
v1 n001 0 12
v2 0 n009 12
r1 n003 n002 1k
r2 n004 n003 1k
r3 n008 0 1k
r4 n008 n007 3k
r5 n005 n004 1k
c1 n006 n005 2µ
v3 n002 0 pulse(-1 1 0 .01m .01m 2m 4m 10)
v4 n007 0 pulse(-2 2 1m .01m .01m 2m 4m 10)
.model u2:di d(ron=1.15k roff=1g vfwd=1 vrev=1 epsilon=1 revepsilon=1 noiseless)
.model u2:p vdmos(vto=300m kp=50m pchan)
.model u2:n vdmos(vto=-300m kp=50m)
.model u2:x d(ron=10k roff=1t vfwd=.82 vrev=.82 epsilon=.1 revepsilon=.1)
.model u1:di d(ron=1.15k roff=1g vfwd=1 vrev=1 epsilon=1 revepsilon=1 noiseless)
.model u1:p vdmos(vto=300m kp=50m pchan)
.model u1:n vdmos(vto=-300m kp=50m)
.model u1:x d(ron=10k roff=1t vfwd=.82 vrev=.82 epsilon=.1 revepsilon=.1)
.tran 0 12m 0 .01m
.end

Direct Newton iteration failed to find .op point.  (Use ".option noopiter" to skip.)
Starting Gmin stepping
Gmin = 10
Gmin = 1.07374
vernier = 0.5
vernier = 0.25
vernier = 0.125
vernier = 0.0625
Gmin = 1.08884
vernier = 0.03125
vernier = 0.015625
Gmin = 1.03122
vernier = 0.0078125
vernier = 0.0104167
vernier = 0.00520833
Gmin = 1.01988
vernier = 0.00260417
vernier = 0.00347222
Gmin = 1.01305
vernier = 0.00173611
vernier = 0.00231481
vernier = 0.00115741
Gmin = 1.01085
vernier = 0.00154321
vernier = 0.000771604
Gmin = 1.00871
vernier = 0.00102881
vernier = 0.000514403
Gmin = 1.00715
vernier = 0.00068587
vernier = 0.000514403
Gmin = 1.0059
vernier = 0.00068587
vernier = 0.000514402
Gmin = 0
Gmin stepping failed

Starting source stepping with srcstepmethod=0
Source Step = 3.0303%
Source Step = 33.3333%
Source Step = 63.6364%
Source Step = 93.9394%
Source stepping succeeded in finding the operating point.


Date: Tue Nov 12 11:49:51 2019
Total elapsed time: 0.609 seconds.

tnom = 27
temp = 27
method = modified trap
totiter = 10052
traniter = 3704
tranpoints = 1837
accept = 1733
rejected = 104
matrix size = 19
fillins = 11
solver = Normal
Matrix Compiler1: 1,54 KB object code size  0.9/0.5/[0.2]
Matrix Compiler2: off  [0.5]/0.6/1.3


