
   --- Expanded Deck Component Count ---
C's 2
G's 1
L's 1
R's 4
V's 1
tot: 9


    --- Expanded Netlist ---
* C:\Claudio\Docencia personal\LTSpice\Varios\PruebaLC.asc
l1 n003 n002 27.86”
c1 n002 0 1n
c2 n004 0 10n
r1 n004 n003 17
r2 0 n004 160
g1 n002 0 n001 0 18.233m
r3 n002 0 1k
r4 n001 0 1000
v1 n001 0 ac 1
.ac lin 1000 0.8meg 1.2meg
.end


Date: Tue Nov 20 12:03:05 2018
Total elapsed time: 0.000 seconds.

tnom = 27
temp = 27
method = trap
totiter = 0
traniter = 0
tranpoints = 0
accept = 0
rejected = 0
matrix size = 5
fillins = 0
solver = Normal

