
   --- Expanded Deck Component Count ---
K's 1
L's 2
R's 1
V's 1
tot: 5


    --- Expanded Netlist ---
* C:\Claudio\Docencia personal\LTSpice\Varios\trafo2.asc
l1 n001 0 1µ
l2 n002 0 100µ
r1 n002 0 100k
v1 n001 0 ac 1
.ac dec 1000 10k 1000k
k12 l1 l2 1
.end


Date: Tue Nov 12 11:47:42 2019
Total elapsed time: 0.032 seconds.

tnom = 27
temp = 27
method = trap
totiter = 0
traniter = 0
tranpoints = 0
accept = 0
rejected = 0
matrix size = 5
fillins = 4
solver = Normal

