
   --- Expanded Deck Component Count ---
C's 1
E's 2
R's 3
V's 1
tot: 7


    --- Expanded Netlist ---
* C:\Claudio\Docencia personal\LTSpice\Varios\triangular2.asc
r5 va n001 5.6k
c1 vb va .1Á
r1 n001 n002 300k
r2 vb n002 100k
v3 n003 0 3
e1 n001 0 n002 n003 table=(-100,-12)(-50u,-12)(50u,12)(100,12)
e2 vb 0 0 va table=(-100,-12)(-50u,-12)(50u,12)(100,12)
.tran 0 40m 0 .001m uic
.ic v(va)=-5 v(vb)=0
.end

Per .tran options, skipping operating point for transient analysis.

Date: Tue Nov 12 11:52:02 2019
Total elapsed time: 0.359 seconds.

tnom = 27
temp = 27
method = modified trap
totiter = 80991
traniter = 80991
tranpoints = 40442
accept = 40258
rejected = 184
matrix size = 8
fillins = 2
solver = Normal
Matrix Compiler1: 408 bytes object code size  0.2/0.2/[0.1]
Matrix Compiler2: 544 bytes object code size  0.1/0.2/[0.1]


